{ "timestamp": "2024-08-02 00:10:06.6703", "level": "Info", "message": "Application is shutting down..." }
{ "timestamp": "2024-08-02 00:21:47.9175", "level": "Info", "message": "Now listening on: http://localhost:7001" }
{ "timestamp": "2024-08-02 00:21:47.9558", "level": "Info", "message": "Application started. Press Ctrl+C to shut down." }
{ "timestamp": "2024-08-02 00:21:47.9571", "level": "Info", "message": "Hosting environment: Development" }
{ "timestamp": "2024-08-02 00:21:47.9571", "level": "Info", "message": "Content root path: /Users/jeremiahekanem/Documents/C#Projects/CleanArchitectureMicroservice/BlogService/Blog" }
{ "timestamp": "2024-08-02 00:21:48.7342", "level": "Info", "message": "Executed DbCommand (68ms) [Parameters=[], CommandType='Text', CommandTimeout='30']\nSELECT 1" }
{ "timestamp": "2024-08-02 00:21:48.8785", "level": "Info", "message": "Executed DbCommand (124ms) [Parameters=[], CommandType='Text', CommandTimeout='30']\nSELECT OBJECT_ID(N'[__EFMigrationsHistory]');" }
{ "timestamp": "2024-08-02 00:21:49.0279", "level": "Info", "message": "Executed DbCommand (126ms) [Parameters=[], CommandType='Text', CommandTimeout='30']\nSELECT [MigrationId], [ProductVersion]\nFROM [__EFMigrationsHistory]\nORDER BY [MigrationId];" }
{ "timestamp": "2024-08-02 00:21:49.0482", "level": "Info", "message": "Executed DbCommand (6ms) [Parameters=[], CommandType='Text', CommandTimeout='30']\nSELECT 1" }
{ "timestamp": "2024-08-02 00:21:49.0592", "level": "Info", "message": "Executed DbCommand (10ms) [Parameters=[], CommandType='Text', CommandTimeout='30']\nSELECT OBJECT_ID(N'[__EFMigrationsHistory]');" }
{ "timestamp": "2024-08-02 00:21:49.0798", "level": "Info", "message": "Executed DbCommand (20ms) [Parameters=[], CommandType='Text', CommandTimeout='30']\nSELECT [MigrationId], [ProductVersion]\nFROM [__EFMigrationsHistory]\nORDER BY [MigrationId];" }
{ "timestamp": "2024-08-02 00:21:49.1040", "level": "Info", "message": "Executed DbCommand (10ms) [Parameters=[], CommandType='Text', CommandTimeout='30']\nSELECT 1" }
{ "timestamp": "2024-08-02 00:21:49.6382", "level": "Info", "message": "Executed DbCommand (164ms) [Parameters=[], CommandType='Text', CommandTimeout='30']\nSELECT CASE\n    WHEN EXISTS (\n        SELECT 1\n        FROM [BlogModel] AS [b]\n        WHERE [b].[Author] = N'Clark') THEN CAST(1 AS bit)\n    ELSE CAST(0 AS bit)\nEND" }
{ "timestamp": "2024-08-02 00:21:50.7892", "level": "Info", "message": "Request starting HTTP/1.1 GET http://localhost:7001/swagger/index.html - -" }
{ "timestamp": "2024-08-02 00:21:51.2133", "level": "Warn", "message": "Failed to determine the https port for redirect." }
{ "timestamp": "2024-08-02 00:21:51.3470", "level": "Info", "message": "Request finished HTTP/1.1 GET http://localhost:7001/swagger/index.html - - - 200 - text/html;charset=utf-8 559.9307ms" }
{ "timestamp": "2024-08-02 00:21:51.6936", "level": "Info", "message": "Request starting HTTP/1.1 GET http://localhost:7001/swagger/v1/swagger.json - -" }
{ "timestamp": "2024-08-02 00:21:51.7826", "level": "Info", "message": "Request finished HTTP/1.1 GET http://localhost:7001/swagger/v1/swagger.json - - - 200 - application/json;charset=utf-8 88.9575ms" }
{ "timestamp": "2024-08-02 00:22:10.4606", "level": "Info", "message": "Request starting HTTP/1.1 GET http://localhost:7001/api/Blog?pageNumber=1&pageSize=2 - -" }
{ "timestamp": "2024-08-02 00:22:10.4704", "level": "Info", "message": "Executing endpoint 'Blog.Controllers.BlogController.GetAllBlogsAsync (Blog)'" }
{ "timestamp": "2024-08-02 00:22:10.5297", "level": "Info", "message": "Route matched with {action = \"GetAllBlogsAsync\", controller = \"Blog\"}. Executing controller action with signature System.Threading.Tasks.Task`1[Microsoft.AspNetCore.Mvc.IActionResult] GetAllBlogsAsync(Int32, Int32) on controller Blog.Controllers.BlogController (Blog)." }
{ "timestamp": "2024-08-02 00:22:10.6726", "level": "Info", "message": "Executed DbCommand (47ms) [Parameters=[], CommandType='Text', CommandTimeout='30']\nSELECT COUNT(*)\nFROM [BlogModel] AS [b]\nWHERE [b].[Author] = N'Clark'" }
{ "timestamp": "2024-08-02 00:22:10.8866", "level": "Info", "message": "Executed DbCommand (165ms) [Parameters=[@__p_0='?' (DbType = Int32), @__p_1='?' (DbType = Int32)], CommandType='Text', CommandTimeout='30']\nSELECT [b].[Id], [b].[Author], [b].[Description], [b].[Name]\nFROM [BlogModel] AS [b]\nWHERE [b].[Author] = N'Clark'\nORDER BY [b].[Description] DESC\nOFFSET @__p_0 ROWS FETCH NEXT @__p_1 ROWS ONLY" }
{ "timestamp": "2024-08-02 00:22:10.9560", "level": "Info", "message": "Executing OkObjectResult, writing value of type 'Blog.Domain.Extensions.PaginationHelper`1[[Blog.Domain.DomainModels.Response.BlogViewResponse, Blog.Domain, Version=1.0.0.0, Culture=neutral, PublicKeyToken=null]]'." }
{ "timestamp": "2024-08-02 00:22:10.9843", "level": "Info", "message": "Executed action Blog.Controllers.BlogController.GetAllBlogsAsync (Blog) in 449.717ms" }
{ "timestamp": "2024-08-02 00:22:10.9856", "level": "Info", "message": "Executed endpoint 'Blog.Controllers.BlogController.GetAllBlogsAsync (Blog)'" }
{ "timestamp": "2024-08-02 00:22:10.9920", "level": "Info", "message": "Request finished HTTP/1.1 GET http://localhost:7001/api/Blog?pageNumber=1&pageSize=2 - - - 200 - application/json;+charset=utf-8 531.7024ms" }
{ "timestamp": "2024-08-02 00:23:06.1904", "level": "Info", "message": "Request starting HTTP/1.1 GET http://localhost:7001/api/Blog?pageNumber=1&pageSize=10 - -" }
{ "timestamp": "2024-08-02 00:23:06.2216", "level": "Info", "message": "Executing endpoint 'Blog.Controllers.BlogController.GetAllBlogsAsync (Blog)'" }
{ "timestamp": "2024-08-02 00:23:06.2329", "level": "Info", "message": "Route matched with {action = \"GetAllBlogsAsync\", controller = \"Blog\"}. Executing controller action with signature System.Threading.Tasks.Task`1[Microsoft.AspNetCore.Mvc.IActionResult] GetAllBlogsAsync(Int32, Int32) on controller Blog.Controllers.BlogController (Blog)." }
{ "timestamp": "2024-08-02 00:23:06.4038", "level": "Info", "message": "Executed DbCommand (56ms) [Parameters=[], CommandType='Text', CommandTimeout='30']\nSELECT COUNT(*)\nFROM [BlogModel] AS [b]\nWHERE [b].[Author] = N'Clark'" }
{ "timestamp": "2024-08-02 00:23:06.4300", "level": "Info", "message": "Executed DbCommand (22ms) [Parameters=[@__p_0='?' (DbType = Int32), @__p_1='?' (DbType = Int32)], CommandType='Text', CommandTimeout='30']\nSELECT [b].[Id], [b].[Author], [b].[Description], [b].[Name]\nFROM [BlogModel] AS [b]\nWHERE [b].[Author] = N'Clark'\nORDER BY [b].[Description] DESC\nOFFSET @__p_0 ROWS FETCH NEXT @__p_1 ROWS ONLY" }
{ "timestamp": "2024-08-02 00:23:06.4332", "level": "Info", "message": "Executing OkObjectResult, writing value of type 'Blog.Domain.Extensions.PaginationHelper`1[[Blog.Domain.DomainModels.Response.BlogViewResponse, Blog.Domain, Version=1.0.0.0, Culture=neutral, PublicKeyToken=null]]'." }
{ "timestamp": "2024-08-02 00:23:06.4453", "level": "Info", "message": "Executed action Blog.Controllers.BlogController.GetAllBlogsAsync (Blog) in 212.137ms" }
{ "timestamp": "2024-08-02 00:23:06.4453", "level": "Info", "message": "Executed endpoint 'Blog.Controllers.BlogController.GetAllBlogsAsync (Blog)'" }
{ "timestamp": "2024-08-02 00:23:06.4462", "level": "Info", "message": "Request finished HTTP/1.1 GET http://localhost:7001/api/Blog?pageNumber=1&pageSize=10 - - - 200 - application/json;+charset=utf-8 266.3274ms" }
{ "timestamp": "2024-08-02 00:23:16.3265", "level": "Info", "message": "Request starting HTTP/1.1 GET http://localhost:7001/api/Blog?pageNumber=1&pageSize=5 - -" }
{ "timestamp": "2024-08-02 00:23:16.3278", "level": "Info", "message": "Executing endpoint 'Blog.Controllers.BlogController.GetAllBlogsAsync (Blog)'" }
{ "timestamp": "2024-08-02 00:23:16.3281", "level": "Info", "message": "Route matched with {action = \"GetAllBlogsAsync\", controller = \"Blog\"}. Executing controller action with signature System.Threading.Tasks.Task`1[Microsoft.AspNetCore.Mvc.IActionResult] GetAllBlogsAsync(Int32, Int32) on controller Blog.Controllers.BlogController (Blog)." }
{ "timestamp": "2024-08-02 00:23:16.3523", "level": "Info", "message": "Executed DbCommand (16ms) [Parameters=[], CommandType='Text', CommandTimeout='30']\nSELECT COUNT(*)\nFROM [BlogModel] AS [b]\nWHERE [b].[Author] = N'Clark'" }
{ "timestamp": "2024-08-02 00:23:16.3670", "level": "Info", "message": "Executed DbCommand (12ms) [Parameters=[@__p_0='?' (DbType = Int32), @__p_1='?' (DbType = Int32)], CommandType='Text', CommandTimeout='30']\nSELECT [b].[Id], [b].[Author], [b].[Description], [b].[Name]\nFROM [BlogModel] AS [b]\nWHERE [b].[Author] = N'Clark'\nORDER BY [b].[Description] DESC\nOFFSET @__p_0 ROWS FETCH NEXT @__p_1 ROWS ONLY" }
{ "timestamp": "2024-08-02 00:23:16.3679", "level": "Info", "message": "Executing OkObjectResult, writing value of type 'Blog.Domain.Extensions.PaginationHelper`1[[Blog.Domain.DomainModels.Response.BlogViewResponse, Blog.Domain, Version=1.0.0.0, Culture=neutral, PublicKeyToken=null]]'." }
{ "timestamp": "2024-08-02 00:23:16.3686", "level": "Info", "message": "Executed action Blog.Controllers.BlogController.GetAllBlogsAsync (Blog) in 40.4095ms" }
{ "timestamp": "2024-08-02 00:23:16.3686", "level": "Info", "message": "Executed endpoint 'Blog.Controllers.BlogController.GetAllBlogsAsync (Blog)'" }
{ "timestamp": "2024-08-02 00:23:16.3686", "level": "Info", "message": "Request finished HTTP/1.1 GET http://localhost:7001/api/Blog?pageNumber=1&pageSize=5 - - - 200 - application/json;+charset=utf-8 42.4748ms" }
{ "timestamp": "2024-08-02 00:25:29.7944", "level": "Info", "message": "Application is shutting down..." }
{ "timestamp": "2024-08-02 00:30:34.1728", "level": "Info", "message": "Now listening on: http://localhost:7001" }
{ "timestamp": "2024-08-02 00:30:34.2128", "level": "Info", "message": "Application started. Press Ctrl+C to shut down." }
{ "timestamp": "2024-08-02 00:30:34.2142", "level": "Info", "message": "Hosting environment: Development" }
{ "timestamp": "2024-08-02 00:30:34.2142", "level": "Info", "message": "Content root path: /Users/jeremiahekanem/Documents/C#Projects/CleanArchitectureMicroservice/BlogService/Blog" }
{ "timestamp": "2024-08-02 00:30:34.5365", "level": "Info", "message": "Executed DbCommand (53ms) [Parameters=[], CommandType='Text', CommandTimeout='30']\nSELECT 1" }
{ "timestamp": "2024-08-02 00:30:34.6340", "level": "Info", "message": "Executed DbCommand (78ms) [Parameters=[], CommandType='Text', CommandTimeout='30']\nSELECT OBJECT_ID(N'[__EFMigrationsHistory]');" }
{ "timestamp": "2024-08-02 00:30:34.7066", "level": "Info", "message": "Executed DbCommand (45ms) [Parameters=[], CommandType='Text', CommandTimeout='30']\nSELECT [MigrationId], [ProductVersion]\nFROM [__EFMigrationsHistory]\nORDER BY [MigrationId];" }
{ "timestamp": "2024-08-02 00:30:34.7308", "level": "Info", "message": "Executed DbCommand (6ms) [Parameters=[], CommandType='Text', CommandTimeout='30']\nSELECT 1" }
{ "timestamp": "2024-08-02 00:30:34.7421", "level": "Info", "message": "Executed DbCommand (11ms) [Parameters=[], CommandType='Text', CommandTimeout='30']\nSELECT OBJECT_ID(N'[__EFMigrationsHistory]');" }
{ "timestamp": "2024-08-02 00:30:34.7550", "level": "Info", "message": "Executed DbCommand (13ms) [Parameters=[], CommandType='Text', CommandTimeout='30']\nSELECT [MigrationId], [ProductVersion]\nFROM [__EFMigrationsHistory]\nORDER BY [MigrationId];" }
{ "timestamp": "2024-08-02 00:30:34.7734", "level": "Info", "message": "Executed DbCommand (5ms) [Parameters=[], CommandType='Text', CommandTimeout='30']\nSELECT 1" }
{ "timestamp": "2024-08-02 00:30:35.7570", "level": "Info", "message": "Request starting HTTP/1.1 GET http://localhost:7001/swagger/index.html - -" }
{ "timestamp": "2024-08-02 00:30:35.7660", "level": "Info", "message": "Executed DbCommand (296ms) [Parameters=[], CommandType='Text', CommandTimeout='30']\nSELECT CASE\n    WHEN EXISTS (\n        SELECT 1\n        FROM [BlogModel] AS [b]\n        WHERE [b].[Author] = N'Clark') THEN CAST(1 AS bit)\n    ELSE CAST(0 AS bit)\nEND" }
{ "timestamp": "2024-08-02 00:30:35.8768", "level": "Warn", "message": "Failed to determine the https port for redirect." }
{ "timestamp": "2024-08-02 00:30:36.1170", "level": "Info", "message": "Request finished HTTP/1.1 GET http://localhost:7001/swagger/index.html - - - 200 - text/html;charset=utf-8 365.3645ms" }
{ "timestamp": "2024-08-02 00:30:36.6324", "level": "Info", "message": "Request starting HTTP/1.1 GET http://localhost:7001/swagger/v1/swagger.json - -" }
{ "timestamp": "2024-08-02 00:30:36.9589", "level": "Info", "message": "Request finished HTTP/1.1 GET http://localhost:7001/swagger/v1/swagger.json - - - 200 - application/json;charset=utf-8 326.4868ms" }
{ "timestamp": "2024-08-02 00:30:48.7338", "level": "Info", "message": "Request starting HTTP/1.1 GET http://localhost:7001/api/Blog/1 - -" }
{ "timestamp": "2024-08-02 00:30:48.7500", "level": "Info", "message": "Executing endpoint 'Blog.Controllers.BlogController.GetBlogByIdAsync (Blog)'" }
{ "timestamp": "2024-08-02 00:30:48.7985", "level": "Info", "message": "Route matched with {action = \"GetBlogByIdAsync\", controller = \"Blog\"}. Executing controller action with signature System.Threading.Tasks.Task`1[Microsoft.AspNetCore.Mvc.IActionResult] GetBlogByIdAsync(Int32) on controller Blog.Controllers.BlogController (Blog)." }
{ "timestamp": "2024-08-02 00:30:48.8427", "level": "Info", "message": "Executed action Blog.Controllers.BlogController.GetBlogByIdAsync (Blog) in 41.184ms" }
{ "timestamp": "2024-08-02 00:30:48.8431", "level": "Info", "message": "Executed endpoint 'Blog.Controllers.BlogController.GetBlogByIdAsync (Blog)'" }
{ "timestamp": "2024-08-02 00:30:48.9505", "level": "Info", "message": "Request finished HTTP/1.1 GET http://localhost:7001/api/Blog/1 - - - 500 - application/json 216.8686ms" }
{ "timestamp": "2024-08-02 00:34:27.7166", "level": "Info", "message": "Application is shutting down..." }
{ "timestamp": "2024-08-02 00:35:03.2285", "level": "Info", "message": "Now listening on: http://localhost:7001" }
{ "timestamp": "2024-08-02 00:35:03.2668", "level": "Info", "message": "Application started. Press Ctrl+C to shut down." }
{ "timestamp": "2024-08-02 00:35:03.2681", "level": "Info", "message": "Hosting environment: Development" }
{ "timestamp": "2024-08-02 00:35:03.2682", "level": "Info", "message": "Content root path: /Users/jeremiahekanem/Documents/C#Projects/CleanArchitectureMicroservice/BlogService/Blog" }
{ "timestamp": "2024-08-02 00:35:05.0148", "level": "Info", "message": "Executed DbCommand (512ms) [Parameters=[], CommandType='Text', CommandTimeout='30']\nSELECT 1" }
{ "timestamp": "2024-08-02 00:35:05.5021", "level": "Info", "message": "Executed DbCommand (355ms) [Parameters=[], CommandType='Text', CommandTimeout='30']\nSELECT OBJECT_ID(N'[__EFMigrationsHistory]');" }
{ "timestamp": "2024-08-02 00:35:06.3757", "level": "Info", "message": "Executed DbCommand (203ms) [Parameters=[], CommandType='Text', CommandTimeout='30']\nSELECT [MigrationId], [ProductVersion]\nFROM [__EFMigrationsHistory]\nORDER BY [MigrationId];" }
{ "timestamp": "2024-08-02 00:35:06.4865", "level": "Info", "message": "Executed DbCommand (56ms) [Parameters=[], CommandType='Text', CommandTimeout='30']\nSELECT 1" }
{ "timestamp": "2024-08-02 00:35:06.5430", "level": "Info", "message": "Executed DbCommand (19ms) [Parameters=[], CommandType='Text', CommandTimeout='30']\nSELECT OBJECT_ID(N'[__EFMigrationsHistory]');" }
{ "timestamp": "2024-08-02 00:35:06.5714", "level": "Info", "message": "Executed DbCommand (22ms) [Parameters=[], CommandType='Text', CommandTimeout='30']\nSELECT [MigrationId], [ProductVersion]\nFROM [__EFMigrationsHistory]\nORDER BY [MigrationId];" }
{ "timestamp": "2024-08-02 00:35:06.6391", "level": "Info", "message": "Executed DbCommand (10ms) [Parameters=[], CommandType='Text', CommandTimeout='30']\nSELECT 1" }
{ "timestamp": "2024-08-02 00:35:07.0937", "level": "Info", "message": "Executed DbCommand (38ms) [Parameters=[], CommandType='Text', CommandTimeout='30']\nSELECT CASE\n    WHEN EXISTS (\n        SELECT 1\n        FROM [BlogModel] AS [b]\n        WHERE [b].[Author] = N'Clark') THEN CAST(1 AS bit)\n    ELSE CAST(0 AS bit)\nEND" }
{ "timestamp": "2024-08-02 00:35:07.4719", "level": "Info", "message": "Request starting HTTP/1.1 GET http://localhost:7001/swagger/index.html - -" }
{ "timestamp": "2024-08-02 00:35:07.6300", "level": "Warn", "message": "Failed to determine the https port for redirect." }
{ "timestamp": "2024-08-02 00:35:08.0341", "level": "Info", "message": "Request finished HTTP/1.1 GET http://localhost:7001/swagger/index.html - - - 200 - text/html;charset=utf-8 564.4539ms" }
{ "timestamp": "2024-08-02 00:35:09.0294", "level": "Info", "message": "Request starting HTTP/1.1 GET http://localhost:7001/swagger/v1/swagger.json - -" }
{ "timestamp": "2024-08-02 00:35:09.1662", "level": "Info", "message": "Request finished HTTP/1.1 GET http://localhost:7001/swagger/v1/swagger.json - - - 200 - application/json;charset=utf-8 137.0296ms" }
{ "timestamp": "2024-08-02 00:35:18.9199", "level": "Info", "message": "Request starting HTTP/1.1 GET http://localhost:7001/api/Blog/1 - -" }
{ "timestamp": "2024-08-02 00:35:18.9576", "level": "Info", "message": "Executing endpoint 'Blog.Controllers.BlogController.GetBlogByIdAsync (Blog)'" }
{ "timestamp": "2024-08-02 00:35:19.0879", "level": "Info", "message": "Route matched with {action = \"GetBlogByIdAsync\", controller = \"Blog\"}. Executing controller action with signature System.Threading.Tasks.Task`1[Microsoft.AspNetCore.Mvc.IActionResult] GetBlogByIdAsync(Int32) on controller Blog.Controllers.BlogController (Blog)." }
{ "timestamp": "2024-08-02 00:35:20.7227", "level": "Info", "message": "Executed DbCommand (1,472ms) [Parameters=[@__p_0='?' (DbType = Int32)], CommandType='Text', CommandTimeout='30']\nSELECT TOP(1) [b].[Id], [b].[Author], [b].[Description], [b].[Name]\nFROM [BlogModel] AS [b]\nWHERE [b].[Id] = @__p_0" }
{ "timestamp": "2024-08-02 00:35:20.8026", "level": "Info", "message": "Executing OkObjectResult, writing value of type 'Blog.Application.Blog.BlogViewModel'." }
{ "timestamp": "2024-08-02 00:35:20.8170", "level": "Info", "message": "Executed action Blog.Controllers.BlogController.GetBlogByIdAsync (Blog) in 1724.5692ms" }
{ "timestamp": "2024-08-02 00:35:20.8179", "level": "Info", "message": "Executed endpoint 'Blog.Controllers.BlogController.GetBlogByIdAsync (Blog)'" }
{ "timestamp": "2024-08-02 00:35:20.8251", "level": "Info", "message": "Request finished HTTP/1.1 GET http://localhost:7001/api/Blog/1 - - - 200 - application/json;+charset=utf-8 1907.6536ms" }
{ "timestamp": "2024-08-02 00:36:12.9618", "level": "Info", "message": "Application is shutting down..." }
{ "timestamp": "2024-08-02 00:38:26.5447", "level": "Info", "message": "Now listening on: http://localhost:7001" }
{ "timestamp": "2024-08-02 00:38:26.5741", "level": "Info", "message": "Application started. Press Ctrl+C to shut down." }
{ "timestamp": "2024-08-02 00:38:26.5752", "level": "Info", "message": "Hosting environment: Development" }
{ "timestamp": "2024-08-02 00:38:26.5752", "level": "Info", "message": "Content root path: /Users/jeremiahekanem/Documents/C#Projects/CleanArchitectureMicroservice/BlogService/Blog" }
{ "timestamp": "2024-08-02 00:38:26.9821", "level": "Info", "message": "Executed DbCommand (72ms) [Parameters=[], CommandType='Text', CommandTimeout='30']\nSELECT 1" }
{ "timestamp": "2024-08-02 00:38:27.2025", "level": "Info", "message": "Executed DbCommand (178ms) [Parameters=[], CommandType='Text', CommandTimeout='30']\nSELECT OBJECT_ID(N'[__EFMigrationsHistory]');" }
{ "timestamp": "2024-08-02 00:38:27.2739", "level": "Info", "message": "Executed DbCommand (44ms) [Parameters=[], CommandType='Text', CommandTimeout='30']\nSELECT [MigrationId], [ProductVersion]\nFROM [__EFMigrationsHistory]\nORDER BY [MigrationId];" }
{ "timestamp": "2024-08-02 00:38:27.2898", "level": "Info", "message": "Executed DbCommand (5ms) [Parameters=[], CommandType='Text', CommandTimeout='30']\nSELECT 1" }
{ "timestamp": "2024-08-02 00:38:27.2972", "level": "Info", "message": "Executed DbCommand (7ms) [Parameters=[], CommandType='Text', CommandTimeout='30']\nSELECT OBJECT_ID(N'[__EFMigrationsHistory]');" }
{ "timestamp": "2024-08-02 00:38:27.3081", "level": "Info", "message": "Executed DbCommand (11ms) [Parameters=[], CommandType='Text', CommandTimeout='30']\nSELECT [MigrationId], [ProductVersion]\nFROM [__EFMigrationsHistory]\nORDER BY [MigrationId];" }
{ "timestamp": "2024-08-02 00:38:27.3242", "level": "Info", "message": "Executed DbCommand (7ms) [Parameters=[], CommandType='Text', CommandTimeout='30']\nSELECT 1" }
{ "timestamp": "2024-08-02 00:38:27.6082", "level": "Info", "message": "Executed DbCommand (37ms) [Parameters=[], CommandType='Text', CommandTimeout='30']\nSELECT CASE\n    WHEN EXISTS (\n        SELECT 1\n        FROM [BlogModel] AS [b]\n        WHERE [b].[Author] = N'Clark') THEN CAST(1 AS bit)\n    ELSE CAST(0 AS bit)\nEND" }
{ "timestamp": "2024-08-02 00:38:29.0415", "level": "Info", "message": "Request starting HTTP/1.1 GET http://localhost:7001/swagger/index.html - -" }
{ "timestamp": "2024-08-02 00:38:29.2840", "level": "Warn", "message": "Failed to determine the https port for redirect." }
{ "timestamp": "2024-08-02 00:38:29.4796", "level": "Info", "message": "Request finished HTTP/1.1 GET http://localhost:7001/swagger/index.html - - - 200 - text/html;charset=utf-8 440.4340ms" }
{ "timestamp": "2024-08-02 00:38:30.1135", "level": "Info", "message": "Request starting HTTP/1.1 GET http://localhost:7001/swagger/v1/swagger.json - -" }
{ "timestamp": "2024-08-02 00:38:30.2430", "level": "Info", "message": "Request finished HTTP/1.1 GET http://localhost:7001/swagger/v1/swagger.json - - - 200 - application/json;charset=utf-8 129.5784ms" }
{ "timestamp": "2024-08-02 00:38:38.1505", "level": "Info", "message": "Request starting HTTP/1.1 GET http://localhost:7001/api/Blog/4 - -" }
{ "timestamp": "2024-08-02 00:38:38.1662", "level": "Info", "message": "Executing endpoint 'Blog.Controllers.BlogController.GetBlogByIdAsync (Blog)'" }
{ "timestamp": "2024-08-02 00:38:38.2077", "level": "Info", "message": "Route matched with {action = \"GetBlogByIdAsync\", controller = \"Blog\"}. Executing controller action with signature System.Threading.Tasks.Task`1[Microsoft.AspNetCore.Mvc.IActionResult] GetBlogByIdAsync(Int32) on controller Blog.Controllers.BlogController (Blog)." }
{ "timestamp": "2024-08-02 00:38:38.3632", "level": "Info", "message": "Executed DbCommand (50ms) [Parameters=[@__p_0='?' (DbType = Int32)], CommandType='Text', CommandTimeout='30']\nSELECT TOP(1) [b].[Id], [b].[Author], [b].[Description], [b].[Name]\nFROM [BlogModel] AS [b]\nWHERE [b].[Id] = @__p_0" }
{ "timestamp": "2024-08-02 00:38:38.4306", "level": "Info", "message": "Executing OkObjectResult, writing value of type 'Blog.Domain.DomainModels.Response.BlogViewResponse'." }
{ "timestamp": "2024-08-02 00:38:38.4492", "level": "Info", "message": "Executed action Blog.Controllers.BlogController.GetBlogByIdAsync (Blog) in 236.6029ms" }
{ "timestamp": "2024-08-02 00:38:38.4504", "level": "Info", "message": "Executed endpoint 'Blog.Controllers.BlogController.GetBlogByIdAsync (Blog)'" }
{ "timestamp": "2024-08-02 00:38:38.4577", "level": "Info", "message": "Request finished HTTP/1.1 GET http://localhost:7001/api/Blog/4 - - - 200 - application/json;+charset=utf-8 307.5702ms" }
{ "timestamp": "2024-08-02 00:38:47.2367", "level": "Info", "message": "Request starting HTTP/1.1 GET http://localhost:7001/api/Blog/90 - -" }
{ "timestamp": "2024-08-02 00:38:47.2381", "level": "Info", "message": "Executing endpoint 'Blog.Controllers.BlogController.GetBlogByIdAsync (Blog)'" }
{ "timestamp": "2024-08-02 00:38:47.2391", "level": "Info", "message": "Route matched with {action = \"GetBlogByIdAsync\", controller = \"Blog\"}. Executing controller action with signature System.Threading.Tasks.Task`1[Microsoft.AspNetCore.Mvc.IActionResult] GetBlogByIdAsync(Int32) on controller Blog.Controllers.BlogController (Blog)." }
{ "timestamp": "2024-08-02 00:38:47.3189", "level": "Info", "message": "Executed DbCommand (14ms) [Parameters=[@__p_0='?' (DbType = Int32)], CommandType='Text', CommandTimeout='30']\nSELECT TOP(1) [b].[Id], [b].[Author], [b].[Description], [b].[Name]\nFROM [BlogModel] AS [b]\nWHERE [b].[Id] = @__p_0" }
{ "timestamp": "2024-08-02 00:38:47.3203", "level": "Info", "message": "Executed action Blog.Controllers.BlogController.GetBlogByIdAsync (Blog) in 81.1223ms" }
{ "timestamp": "2024-08-02 00:38:47.3203", "level": "Info", "message": "Executed endpoint 'Blog.Controllers.BlogController.GetBlogByIdAsync (Blog)'" }
{ "timestamp": "2024-08-02 00:38:47.5336", "level": "Info", "message": "Request finished HTTP/1.1 GET http://localhost:7001/api/Blog/90 - - - 500 - application/json 296.9215ms" }
{ "timestamp": "2024-08-02 00:38:59.7053", "level": "Info", "message": "Request starting HTTP/1.1 GET http://localhost:7001/api/Blog/10 - -" }
{ "timestamp": "2024-08-02 00:38:59.7083", "level": "Info", "message": "Executing endpoint 'Blog.Controllers.BlogController.GetBlogByIdAsync (Blog)'" }
{ "timestamp": "2024-08-02 00:38:59.7090", "level": "Info", "message": "Route matched with {action = \"GetBlogByIdAsync\", controller = \"Blog\"}. Executing controller action with signature System.Threading.Tasks.Task`1[Microsoft.AspNetCore.Mvc.IActionResult] GetBlogByIdAsync(Int32) on controller Blog.Controllers.BlogController (Blog)." }
{ "timestamp": "2024-08-02 00:38:59.7409", "level": "Info", "message": "Executed DbCommand (17ms) [Parameters=[@__p_0='?' (DbType = Int32)], CommandType='Text', CommandTimeout='30']\nSELECT TOP(1) [b].[Id], [b].[Author], [b].[Description], [b].[Name]\nFROM [BlogModel] AS [b]\nWHERE [b].[Id] = @__p_0" }
{ "timestamp": "2024-08-02 00:38:59.7427", "level": "Info", "message": "Executed action Blog.Controllers.BlogController.GetBlogByIdAsync (Blog) in 33.4713ms" }
{ "timestamp": "2024-08-02 00:38:59.7430", "level": "Info", "message": "Executed endpoint 'Blog.Controllers.BlogController.GetBlogByIdAsync (Blog)'" }
{ "timestamp": "2024-08-02 00:38:59.7714", "level": "Info", "message": "Request finished HTTP/1.1 GET http://localhost:7001/api/Blog/10 - - - 500 - application/json 66.2979ms" }
