{ "timestamp": "2024-08-01 00:57:57.9679", "level": "Info", "message": "Now listening on: http://localhost:7001" }
{ "timestamp": "2024-08-01 00:57:57.9937", "level": "Info", "message": "Application started. Press Ctrl+C to shut down." }
{ "timestamp": "2024-08-01 00:57:57.9947", "level": "Info", "message": "Hosting environment: Development" }
{ "timestamp": "2024-08-01 00:57:57.9947", "level": "Info", "message": "Content root path: /Users/jeremiahekanem/Documents/C#Projects/CleanArchitectureMicroservice/BlogService/Blog" }
{ "timestamp": "2024-08-01 00:57:58.3866", "level": "Info", "message": "Executed DbCommand (183ms) [Parameters=[], CommandType='Text', CommandTimeout='30']\nSELECT 1" }
{ "timestamp": "2024-08-01 00:57:59.6959", "level": "Info", "message": "Executed DbCommand (1,211ms) [Parameters=[], CommandType='Text', CommandTimeout='30']\nSELECT OBJECT_ID(N'[__EFMigrationsHistory]');" }
{ "timestamp": "2024-08-01 00:58:00.6125", "level": "Info", "message": "Request starting HTTP/1.1 GET http://localhost:7001/swagger/index.html - -" }
{ "timestamp": "2024-08-01 00:58:00.7268", "level": "Info", "message": "Executed DbCommand (857ms) [Parameters=[], CommandType='Text', CommandTimeout='30']\nSELECT [MigrationId], [ProductVersion]\nFROM [__EFMigrationsHistory]\nORDER BY [MigrationId];" }
{ "timestamp": "2024-08-01 00:58:00.7596", "level": "Warn", "message": "Failed to determine the https port for redirect." }
{ "timestamp": "2024-08-01 00:58:00.7927", "level": "Info", "message": "Executed DbCommand (27ms) [Parameters=[], CommandType='Text', CommandTimeout='30']\nSELECT 1" }
{ "timestamp": "2024-08-01 00:58:00.8108", "level": "Info", "message": "Executed DbCommand (16ms) [Parameters=[], CommandType='Text', CommandTimeout='30']\nSELECT OBJECT_ID(N'[__EFMigrationsHistory]');" }
{ "timestamp": "2024-08-01 00:58:00.8254", "level": "Info", "message": "Executed DbCommand (13ms) [Parameters=[], CommandType='Text', CommandTimeout='30']\nSELECT [MigrationId], [ProductVersion]\nFROM [__EFMigrationsHistory]\nORDER BY [MigrationId];" }
{ "timestamp": "2024-08-01 00:58:00.8562", "level": "Info", "message": "Executed DbCommand (10ms) [Parameters=[], CommandType='Text', CommandTimeout='30']\nSELECT 1" }
{ "timestamp": "2024-08-01 00:58:00.9954", "level": "Info", "message": "Request finished HTTP/1.1 GET http://localhost:7001/swagger/index.html - - - 200 - text/html;charset=utf-8 394.4584ms" }
{ "timestamp": "2024-08-01 00:58:01.4561", "level": "Info", "message": "Request starting HTTP/1.1 GET http://localhost:7001/swagger/swagger-ui.css - -" }
{ "timestamp": "2024-08-01 00:58:01.4682", "level": "Info", "message": "Request starting HTTP/1.1 GET http://localhost:7001/swagger/swagger-ui-bundle.js - -" }
{ "timestamp": "2024-08-01 00:58:01.4682", "level": "Info", "message": "Request starting HTTP/1.1 GET http://localhost:7001/swagger/swagger-ui-standalone-preset.js - -" }
{ "timestamp": "2024-08-01 00:58:01.5134", "level": "Info", "message": "Sending file. Request path: '/swagger-ui.css'. Physical path: 'N/A'" }
{ "timestamp": "2024-08-01 00:58:01.5134", "level": "Info", "message": "Sending file. Request path: '/swagger-ui-standalone-preset.js'. Physical path: 'N/A'" }
{ "timestamp": "2024-08-01 00:58:01.5194", "level": "Info", "message": "Request finished HTTP/1.1 GET http://localhost:7001/swagger/swagger-ui-standalone-preset.js - - - 200 339486 text/javascript 50.9190ms" }
{ "timestamp": "2024-08-01 00:58:01.5194", "level": "Info", "message": "Request finished HTTP/1.1 GET http://localhost:7001/swagger/swagger-ui.css - - - 200 143943 text/css 63.3059ms" }
{ "timestamp": "2024-08-01 00:58:01.5340", "level": "Info", "message": "Sending file. Request path: '/swagger-ui-bundle.js'. Physical path: 'N/A'" }
{ "timestamp": "2024-08-01 00:58:01.5343", "level": "Info", "message": "Request finished HTTP/1.1 GET http://localhost:7001/swagger/swagger-ui-bundle.js - - - 200 1096145 text/javascript 66.0069ms" }
{ "timestamp": "2024-08-01 00:58:01.8027", "level": "Info", "message": "Executed DbCommand (387ms) [Parameters=[], CommandType='Text', CommandTimeout='30']\nSELECT CASE\n    WHEN EXISTS (\n        SELECT 1\n        FROM [BlogModel] AS [b]\n        WHERE [b].[Author] = N'Clark') THEN CAST(1 AS bit)\n    ELSE CAST(0 AS bit)\nEND" }
{ "timestamp": "2024-08-01 00:58:01.8856", "level": "Info", "message": "Request starting HTTP/1.1 GET http://localhost:7001/swagger/v1/swagger.json - -" }
{ "timestamp": "2024-08-01 00:58:02.1256", "level": "Info", "message": "Request finished HTTP/1.1 GET http://localhost:7001/swagger/v1/swagger.json - - - 200 - application/json;charset=utf-8 239.9387ms" }
{ "timestamp": "2024-08-01 00:58:09.4212", "level": "Info", "message": "Request starting HTTP/1.1 GET http://localhost:7001/api/Blog - -" }
{ "timestamp": "2024-08-01 00:58:09.4436", "level": "Info", "message": "Executing endpoint 'Blog.Controllers.BlogController.GetAllBlogsAsync (Blog)'" }
{ "timestamp": "2024-08-01 00:58:09.4993", "level": "Info", "message": "Route matched with {action = \"GetAllBlogsAsync\", controller = \"Blog\"}. Executing controller action with signature System.Threading.Tasks.Task`1[Microsoft.AspNetCore.Mvc.IActionResult] GetAllBlogsAsync() on controller Blog.Controllers.BlogController (Blog)." }
{ "timestamp": "2024-08-01 00:58:09.8123", "level": "Info", "message": "Executed DbCommand (161ms) [Parameters=[], CommandType='Text', CommandTimeout='30']\nSELECT COUNT(*)\nFROM [BlogModel] AS [b]\nWHERE [b].[Author] = N'Clark'" }
{ "timestamp": "2024-08-01 00:58:09.9692", "level": "Info", "message": "Executed DbCommand (107ms) [Parameters=[@__p_0='?' (DbType = Int32), @__p_1='?' (DbType = Int32)], CommandType='Text', CommandTimeout='30']\nSELECT [b].[Id], [b].[Author], [b].[Description], [b].[Name]\nFROM [BlogModel] AS [b]\nWHERE [b].[Author] = N'Clark'\nORDER BY [b].[Description] DESC\nOFFSET @__p_0 ROWS FETCH NEXT @__p_1 ROWS ONLY" }
{ "timestamp": "2024-08-01 00:58:10.0093", "level": "Info", "message": "current page ---> 1" }
{ "timestamp": "2024-08-01 00:58:10.1092", "level": "Info", "message": "Blog model Object: [{\"Id\":4,\"Name\":\"Test blog 2\",\"Description\":\"z adventures\",\"Author\":\"Clark\"},{\"Id\":6,\"Name\":\"Test blog 4\",\"Description\":\"r adventures\",\"Author\":\"Clark\"},{\"Id\":7,\"Name\":\"Test blog 5\",\"Description\":\"q adventures\",\"Author\":\"Clark\"},{\"Id\":5,\"Name\":\"Test blog 3\",\"Description\":\"e adventures\",\"Author\":\"Clark\"},{\"Id\":3,\"Name\":\"Test blog 1\",\"Description\":\"B adventures\",\"Author\":\"Clark\"},{\"Id\":1,\"Name\":\"Clark Blogs\",\"Description\":\"Adventures of superman\",\"Author\":\"Clark\"}]" }
{ "timestamp": "2024-08-01 00:58:10.1292", "level": "Info", "message": "Executed action Blog.Controllers.BlogController.GetAllBlogsAsync (Blog) in 625.5188ms" }
{ "timestamp": "2024-08-01 00:58:10.1305", "level": "Info", "message": "Executed endpoint 'Blog.Controllers.BlogController.GetAllBlogsAsync (Blog)'" }
{ "timestamp": "2024-08-01 00:58:10.2088", "level": "Info", "message": "Request finished HTTP/1.1 GET http://localhost:7001/api/Blog - - - 500 - application/json 787.7868ms" }
{ "timestamp": "2024-08-01 01:01:41.2470", "level": "Info", "message": "Application is shutting down..." }
{ "timestamp": "2024-08-01 02:13:19.7409", "level": "Info", "message": "Now listening on: http://localhost:7001" }
{ "timestamp": "2024-08-01 02:13:19.9991", "level": "Info", "message": "Request starting HTTP/1.1 GET http://localhost:7001/swagger/index.html - -" }
{ "timestamp": "2024-08-01 02:13:20.2699", "level": "Info", "message": "Application started. Press Ctrl+C to shut down." }
{ "timestamp": "2024-08-01 02:13:20.5065", "level": "Info", "message": "Hosting environment: Development" }
{ "timestamp": "2024-08-01 02:13:20.6264", "level": "Info", "message": "Content root path: /Users/jeremiahekanem/Documents/C#Projects/CleanArchitectureMicroservice/BlogService/Blog" }
{ "timestamp": "2024-08-01 02:13:20.7871", "level": "Warn", "message": "Failed to determine the https port for redirect." }
{ "timestamp": "2024-08-01 02:13:21.4828", "level": "Info", "message": "Request finished HTTP/1.1 GET http://localhost:7001/swagger/index.html - - - 200 - text/html;charset=utf-8 1498.5878ms" }
{ "timestamp": "2024-08-01 02:13:21.7190", "level": "Info", "message": "Request starting HTTP/1.1 GET http://localhost:7001/swagger/swagger-ui-bundle.js - -" }
{ "timestamp": "2024-08-01 02:13:22.1674", "level": "Info", "message": "Executed DbCommand (403ms) [Parameters=[], CommandType='Text', CommandTimeout='30']\nSELECT 1" }
{ "timestamp": "2024-08-01 02:13:22.1823", "level": "Info", "message": "Sending file. Request path: '/swagger-ui-bundle.js'. Physical path: 'N/A'" }
{ "timestamp": "2024-08-01 02:13:22.2015", "level": "Info", "message": "Request finished HTTP/1.1 GET http://localhost:7001/swagger/swagger-ui-bundle.js - - - 200 1096145 text/javascript 482.0102ms" }
{ "timestamp": "2024-08-01 02:13:22.5748", "level": "Info", "message": "Executed DbCommand (299ms) [Parameters=[], CommandType='Text', CommandTimeout='30']\nSELECT OBJECT_ID(N'[__EFMigrationsHistory]');" }
{ "timestamp": "2024-08-01 02:13:22.6364", "level": "Info", "message": "Request starting HTTP/1.1 GET http://localhost:7001/swagger/v1/swagger.json - -" }
{ "timestamp": "2024-08-01 02:13:22.8382", "level": "Info", "message": "Executed DbCommand (131ms) [Parameters=[], CommandType='Text', CommandTimeout='30']\nSELECT [MigrationId], [ProductVersion]\nFROM [__EFMigrationsHistory]\nORDER BY [MigrationId];" }
{ "timestamp": "2024-08-01 02:13:22.8861", "level": "Info", "message": "Executed DbCommand (23ms) [Parameters=[], CommandType='Text', CommandTimeout='30']\nSELECT 1" }
{ "timestamp": "2024-08-01 02:13:22.9128", "level": "Info", "message": "Executed DbCommand (25ms) [Parameters=[], CommandType='Text', CommandTimeout='30']\nSELECT OBJECT_ID(N'[__EFMigrationsHistory]');" }
{ "timestamp": "2024-08-01 02:13:22.9511", "level": "Info", "message": "Executed DbCommand (37ms) [Parameters=[], CommandType='Text', CommandTimeout='30']\nSELECT [MigrationId], [ProductVersion]\nFROM [__EFMigrationsHistory]\nORDER BY [MigrationId];" }
{ "timestamp": "2024-08-01 02:13:22.9734", "level": "Info", "message": "Request finished HTTP/1.1 GET http://localhost:7001/swagger/v1/swagger.json - - - 200 - application/json;charset=utf-8 336.9673ms" }
{ "timestamp": "2024-08-01 02:13:23.0387", "level": "Info", "message": "Executed DbCommand (37ms) [Parameters=[], CommandType='Text', CommandTimeout='30']\nSELECT 1" }
{ "timestamp": "2024-08-01 02:13:23.7701", "level": "Info", "message": "Executed DbCommand (83ms) [Parameters=[], CommandType='Text', CommandTimeout='30']\nSELECT CASE\n    WHEN EXISTS (\n        SELECT 1\n        FROM [BlogModel] AS [b]\n        WHERE [b].[Author] = N'Clark') THEN CAST(1 AS bit)\n    ELSE CAST(0 AS bit)\nEND" }
{ "timestamp": "2024-08-01 02:13:38.8988", "level": "Info", "message": "Request starting HTTP/1.1 GET http://localhost:7001/api/Blog - -" }
{ "timestamp": "2024-08-01 02:13:38.9665", "level": "Info", "message": "Executing endpoint 'Blog.Controllers.BlogController.GetAllBlogsAsync (Blog)'" }
{ "timestamp": "2024-08-01 02:13:39.0728", "level": "Info", "message": "Route matched with {action = \"GetAllBlogsAsync\", controller = \"Blog\"}. Executing controller action with signature System.Threading.Tasks.Task`1[Microsoft.AspNetCore.Mvc.IActionResult] GetAllBlogsAsync() on controller Blog.Controllers.BlogController (Blog)." }
{ "timestamp": "2024-08-01 02:13:39.3825", "level": "Info", "message": "Executed DbCommand (159ms) [Parameters=[], CommandType='Text', CommandTimeout='30']\nSELECT COUNT(*)\nFROM [BlogModel] AS [b]\nWHERE [b].[Author] = N'Clark'" }
{ "timestamp": "2024-08-01 02:13:39.5899", "level": "Info", "message": "Executed DbCommand (152ms) [Parameters=[@__p_0='?' (DbType = Int32), @__p_1='?' (DbType = Int32)], CommandType='Text', CommandTimeout='30']\nSELECT [b].[Id], [b].[Author], [b].[Description], [b].[Name]\nFROM [BlogModel] AS [b]\nWHERE [b].[Author] = N'Clark'\nORDER BY [b].[Description] DESC\nOFFSET @__p_0 ROWS FETCH NEXT @__p_1 ROWS ONLY" }
{ "timestamp": "2024-08-01 02:13:39.6362", "level": "Info", "message": "current page ---> 1" }
{ "timestamp": "2024-08-01 02:13:39.7318", "level": "Info", "message": "Blog model Object: [{\"Id\":4,\"Name\":\"Test blog 2\",\"Description\":\"z adventures\",\"Author\":\"Clark\"},{\"Id\":6,\"Name\":\"Test blog 4\",\"Description\":\"r adventures\",\"Author\":\"Clark\"},{\"Id\":7,\"Name\":\"Test blog 5\",\"Description\":\"q adventures\",\"Author\":\"Clark\"},{\"Id\":5,\"Name\":\"Test blog 3\",\"Description\":\"e adventures\",\"Author\":\"Clark\"},{\"Id\":3,\"Name\":\"Test blog 1\",\"Description\":\"B adventures\",\"Author\":\"Clark\"},{\"Id\":1,\"Name\":\"Clark Blogs\",\"Description\":\"Adventures of superman\",\"Author\":\"Clark\"}]" }
{ "timestamp": "2024-08-01 02:13:39.8089", "level": "Info", "message": "Executed action Blog.Controllers.BlogController.GetAllBlogsAsync (Blog) in 731.4057ms" }
{ "timestamp": "2024-08-01 02:13:39.8101", "level": "Info", "message": "Executed endpoint 'Blog.Controllers.BlogController.GetAllBlogsAsync (Blog)'" }
{ "timestamp": "2024-08-01 02:13:39.8764", "level": "Info", "message": "Request finished HTTP/1.1 GET http://localhost:7001/api/Blog - - - 500 - application/json 982.4989ms" }
{ "timestamp": "2024-08-01 02:15:19.5456", "level": "Info", "message": "Request starting HTTP/1.1 GET http://localhost:7001/api/Blog - -" }
{ "timestamp": "2024-08-01 02:15:19.6762", "level": "Info", "message": "Executing endpoint 'Blog.Controllers.BlogController.GetAllBlogsAsync (Blog)'" }
{ "timestamp": "2024-08-01 02:15:19.8291", "level": "Info", "message": "Route matched with {action = \"GetAllBlogsAsync\", controller = \"Blog\"}. Executing controller action with signature System.Threading.Tasks.Task`1[Microsoft.AspNetCore.Mvc.IActionResult] GetAllBlogsAsync() on controller Blog.Controllers.BlogController (Blog)." }
{ "timestamp": "2024-08-01 02:15:21.0665", "level": "Info", "message": "Executed DbCommand (494ms) [Parameters=[], CommandType='Text', CommandTimeout='30']\nSELECT COUNT(*)\nFROM [BlogModel] AS [b]\nWHERE [b].[Author] = N'Clark'" }
{ "timestamp": "2024-08-01 02:15:21.4415", "level": "Info", "message": "Executed DbCommand (230ms) [Parameters=[@__p_0='?' (DbType = Int32), @__p_1='?' (DbType = Int32)], CommandType='Text', CommandTimeout='30']\nSELECT [b].[Id], [b].[Author], [b].[Description], [b].[Name]\nFROM [BlogModel] AS [b]\nWHERE [b].[Author] = N'Clark'\nORDER BY [b].[Description] DESC\nOFFSET @__p_0 ROWS FETCH NEXT @__p_1 ROWS ONLY" }
{ "timestamp": "2024-08-01 02:15:21.4623", "level": "Info", "message": "current page ---> 1" }
{ "timestamp": "2024-08-01 02:15:21.4706", "level": "Info", "message": "Blog model Object: [{\"Id\":4,\"Name\":\"Test blog 2\",\"Description\":\"z adventures\",\"Author\":\"Clark\"},{\"Id\":6,\"Name\":\"Test blog 4\",\"Description\":\"r adventures\",\"Author\":\"Clark\"},{\"Id\":7,\"Name\":\"Test blog 5\",\"Description\":\"q adventures\",\"Author\":\"Clark\"},{\"Id\":5,\"Name\":\"Test blog 3\",\"Description\":\"e adventures\",\"Author\":\"Clark\"},{\"Id\":3,\"Name\":\"Test blog 1\",\"Description\":\"B adventures\",\"Author\":\"Clark\"},{\"Id\":1,\"Name\":\"Clark Blogs\",\"Description\":\"Adventures of superman\",\"Author\":\"Clark\"}]" }
{ "timestamp": "2024-08-01 02:15:21.5201", "level": "Info", "message": "Executed action Blog.Controllers.BlogController.GetAllBlogsAsync (Blog) in 1686.9086ms" }
{ "timestamp": "2024-08-01 02:15:21.5231", "level": "Info", "message": "Executed endpoint 'Blog.Controllers.BlogController.GetAllBlogsAsync (Blog)'" }
{ "timestamp": "2024-08-01 02:15:21.7090", "level": "Info", "message": "Request finished HTTP/1.1 GET http://localhost:7001/api/Blog - - - 500 - application/json 2172.0518ms" }
{ "timestamp": "2024-08-01 07:04:31.1429", "level": "Info", "message": "Application is shutting down..." }
{ "timestamp": "2024-08-01 07:31:58.9257", "level": "Info", "message": "Now listening on: http://localhost:7001" }
{ "timestamp": "2024-08-01 07:31:58.9682", "level": "Info", "message": "Application started. Press Ctrl+C to shut down." }
{ "timestamp": "2024-08-01 07:31:58.9694", "level": "Info", "message": "Hosting environment: Development" }
{ "timestamp": "2024-08-01 07:31:58.9694", "level": "Info", "message": "Content root path: /Users/jeremiahekanem/Documents/C#Projects/CleanArchitectureMicroservice/BlogService/Blog" }
{ "timestamp": "2024-08-01 07:31:59.4982", "level": "Info", "message": "Executed DbCommand (47ms) [Parameters=[], CommandType='Text', CommandTimeout='30']\nSELECT 1" }
{ "timestamp": "2024-08-01 07:31:59.6186", "level": "Info", "message": "Executed DbCommand (97ms) [Parameters=[], CommandType='Text', CommandTimeout='30']\nSELECT OBJECT_ID(N'[__EFMigrationsHistory]');" }
{ "timestamp": "2024-08-01 07:31:59.7252", "level": "Info", "message": "Executed DbCommand (72ms) [Parameters=[], CommandType='Text', CommandTimeout='30']\nSELECT [MigrationId], [ProductVersion]\nFROM [__EFMigrationsHistory]\nORDER BY [MigrationId];" }
{ "timestamp": "2024-08-01 07:31:59.7461", "level": "Info", "message": "Executed DbCommand (9ms) [Parameters=[], CommandType='Text', CommandTimeout='30']\nSELECT 1" }
{ "timestamp": "2024-08-01 07:31:59.7592", "level": "Info", "message": "Executed DbCommand (12ms) [Parameters=[], CommandType='Text', CommandTimeout='30']\nSELECT OBJECT_ID(N'[__EFMigrationsHistory]');" }
{ "timestamp": "2024-08-01 07:31:59.7686", "level": "Info", "message": "Executed DbCommand (9ms) [Parameters=[], CommandType='Text', CommandTimeout='30']\nSELECT [MigrationId], [ProductVersion]\nFROM [__EFMigrationsHistory]\nORDER BY [MigrationId];" }
{ "timestamp": "2024-08-01 07:31:59.7944", "level": "Info", "message": "Executed DbCommand (11ms) [Parameters=[], CommandType='Text', CommandTimeout='30']\nSELECT 1" }
{ "timestamp": "2024-08-01 07:32:00.2965", "level": "Info", "message": "Executed DbCommand (65ms) [Parameters=[], CommandType='Text', CommandTimeout='30']\nSELECT CASE\n    WHEN EXISTS (\n        SELECT 1\n        FROM [BlogModel] AS [b]\n        WHERE [b].[Author] = N'Clark') THEN CAST(1 AS bit)\n    ELSE CAST(0 AS bit)\nEND" }
{ "timestamp": "2024-08-01 07:32:01.8628", "level": "Info", "message": "Request starting HTTP/1.1 GET http://localhost:7001/swagger/index.html - -" }
{ "timestamp": "2024-08-01 07:32:01.8920", "level": "Warn", "message": "Failed to determine the https port for redirect." }
{ "timestamp": "2024-08-01 07:32:02.0069", "level": "Info", "message": "Request finished HTTP/1.1 GET http://localhost:7001/swagger/index.html - - - 200 - text/html;charset=utf-8 145.4828ms" }
{ "timestamp": "2024-08-01 07:32:02.5921", "level": "Info", "message": "Request starting HTTP/1.1 GET http://localhost:7001/swagger/swagger-ui.css - -" }
{ "timestamp": "2024-08-01 07:32:02.6091", "level": "Info", "message": "Request starting HTTP/1.1 GET http://localhost:7001/swagger/swagger-ui-bundle.js - -" }
{ "timestamp": "2024-08-01 07:32:02.7105", "level": "Info", "message": "Sending file. Request path: '/swagger-ui.css'. Physical path: 'N/A'" }
{ "timestamp": "2024-08-01 07:32:02.7194", "level": "Info", "message": "Request starting HTTP/1.1 GET http://localhost:7001/swagger/swagger-ui-standalone-preset.js - -" }
{ "timestamp": "2024-08-01 07:32:03.1254", "level": "Info", "message": "Request finished HTTP/1.1 GET http://localhost:7001/swagger/swagger-ui.css - - - 200 143943 text/css 533.6505ms" }
{ "timestamp": "2024-08-01 07:32:03.1267", "level": "Info", "message": "Sending file. Request path: '/swagger-ui-standalone-preset.js'. Physical path: 'N/A'" }
{ "timestamp": "2024-08-01 07:32:03.1270", "level": "Info", "message": "Request finished HTTP/1.1 GET http://localhost:7001/swagger/swagger-ui-standalone-preset.js - - - 200 339486 text/javascript 407.6286ms" }
{ "timestamp": "2024-08-01 07:32:03.1423", "level": "Info", "message": "Sending file. Request path: '/swagger-ui-bundle.js'. Physical path: 'N/A'" }
{ "timestamp": "2024-08-01 07:32:03.1423", "level": "Info", "message": "Request finished HTTP/1.1 GET http://localhost:7001/swagger/swagger-ui-bundle.js - - - 200 1096145 text/javascript 534.3019ms" }
{ "timestamp": "2024-08-01 07:32:03.4707", "level": "Info", "message": "Request starting HTTP/1.1 GET http://localhost:7001/swagger/v1/swagger.json - -" }
{ "timestamp": "2024-08-01 07:32:03.8178", "level": "Info", "message": "Request finished HTTP/1.1 GET http://localhost:7001/swagger/v1/swagger.json - - - 500 - application/json 347.4573ms" }
{ "timestamp": "2024-08-01 07:33:01.5346", "level": "Info", "message": "Application is shutting down..." }
{ "timestamp": "2024-08-01 07:33:19.4090", "level": "Info", "message": "Now listening on: http://localhost:7001" }
{ "timestamp": "2024-08-01 07:33:19.4348", "level": "Info", "message": "Application started. Press Ctrl+C to shut down." }
{ "timestamp": "2024-08-01 07:33:19.4358", "level": "Info", "message": "Hosting environment: Development" }
{ "timestamp": "2024-08-01 07:33:19.4358", "level": "Info", "message": "Content root path: /Users/jeremiahekanem/Documents/C#Projects/CleanArchitectureMicroservice/BlogService/Blog" }
{ "timestamp": "2024-08-01 07:33:19.8447", "level": "Info", "message": "Executed DbCommand (110ms) [Parameters=[], CommandType='Text', CommandTimeout='30']\nSELECT 1" }
{ "timestamp": "2024-08-01 07:33:19.9429", "level": "Info", "message": "Executed DbCommand (81ms) [Parameters=[], CommandType='Text', CommandTimeout='30']\nSELECT OBJECT_ID(N'[__EFMigrationsHistory]');" }
{ "timestamp": "2024-08-01 07:33:19.9827", "level": "Info", "message": "Executed DbCommand (16ms) [Parameters=[], CommandType='Text', CommandTimeout='30']\nSELECT [MigrationId], [ProductVersion]\nFROM [__EFMigrationsHistory]\nORDER BY [MigrationId];" }
{ "timestamp": "2024-08-01 07:33:19.9975", "level": "Info", "message": "Executed DbCommand (4ms) [Parameters=[], CommandType='Text', CommandTimeout='30']\nSELECT 1" }
{ "timestamp": "2024-08-01 07:33:20.0026", "level": "Info", "message": "Executed DbCommand (5ms) [Parameters=[], CommandType='Text', CommandTimeout='30']\nSELECT OBJECT_ID(N'[__EFMigrationsHistory]');" }
{ "timestamp": "2024-08-01 07:33:20.0052", "level": "Info", "message": "Executed DbCommand (2ms) [Parameters=[], CommandType='Text', CommandTimeout='30']\nSELECT [MigrationId], [ProductVersion]\nFROM [__EFMigrationsHistory]\nORDER BY [MigrationId];" }
{ "timestamp": "2024-08-01 07:33:20.0160", "level": "Info", "message": "Executed DbCommand (5ms) [Parameters=[], CommandType='Text', CommandTimeout='30']\nSELECT 1" }
{ "timestamp": "2024-08-01 07:33:20.2776", "level": "Info", "message": "Executed DbCommand (18ms) [Parameters=[], CommandType='Text', CommandTimeout='30']\nSELECT CASE\n    WHEN EXISTS (\n        SELECT 1\n        FROM [BlogModel] AS [b]\n        WHERE [b].[Author] = N'Clark') THEN CAST(1 AS bit)\n    ELSE CAST(0 AS bit)\nEND" }
{ "timestamp": "2024-08-01 07:33:22.2397", "level": "Info", "message": "Request starting HTTP/1.1 GET http://localhost:7001/swagger/index.html - -" }
{ "timestamp": "2024-08-01 07:33:22.2739", "level": "Warn", "message": "Failed to determine the https port for redirect." }
{ "timestamp": "2024-08-01 07:33:22.4228", "level": "Info", "message": "Request finished HTTP/1.1 GET http://localhost:7001/swagger/index.html - - - 200 - text/html;charset=utf-8 184.2565ms" }
{ "timestamp": "2024-08-01 07:33:22.9948", "level": "Info", "message": "Request starting HTTP/1.1 GET http://localhost:7001/swagger/v1/swagger.json - -" }
{ "timestamp": "2024-08-01 07:33:23.4171", "level": "Info", "message": "Request finished HTTP/1.1 GET http://localhost:7001/swagger/v1/swagger.json - - - 200 - application/json;charset=utf-8 422.3334ms" }
{ "timestamp": "2024-08-01 07:33:30.7629", "level": "Info", "message": "Request starting HTTP/1.1 GET http://localhost:7001/api/Blog/test - -" }
{ "timestamp": "2024-08-01 07:33:30.8138", "level": "Info", "message": "Executing endpoint 'Blog.Controllers.BlogController.Testing (Blog)'" }
{ "timestamp": "2024-08-01 07:33:30.8609", "level": "Info", "message": "Route matched with {action = \"Testing\", controller = \"Blog\"}. Executing controller action with signature System.Threading.Tasks.Task`1[Microsoft.AspNetCore.Mvc.IActionResult] Testing() on controller Blog.Controllers.BlogController (Blog)." }
{ "timestamp": "2024-08-01 07:33:30.8753", "level": "Info", "message": "Executing OkObjectResult, writing value of type 'Blog.Application.Extensions.PagedList`1[[System.Int32, System.Private.CoreLib, Version=7.0.0.0, Culture=neutral, PublicKeyToken=7cec85d7bea7798e]]'." }
{ "timestamp": "2024-08-01 07:33:30.8869", "level": "Info", "message": "Executed action Blog.Controllers.BlogController.Testing (Blog) in 23.0139ms" }
{ "timestamp": "2024-08-01 07:33:30.8869", "level": "Info", "message": "Executed endpoint 'Blog.Controllers.BlogController.Testing (Blog)'" }
{ "timestamp": "2024-08-01 07:33:30.8869", "level": "Info", "message": "Request finished HTTP/1.1 GET http://localhost:7001/api/Blog/test - - - 200 - application/json;+charset=utf-8 124.6822ms" }
{ "timestamp": "2024-08-01 07:35:19.5553", "level": "Info", "message": "Application is shutting down..." }
{ "timestamp": "2024-08-01 07:47:47.8493", "level": "Info", "message": "Now listening on: http://localhost:7001" }
{ "timestamp": "2024-08-01 07:47:47.8980", "level": "Info", "message": "Application started. Press Ctrl+C to shut down." }
{ "timestamp": "2024-08-01 07:47:47.9014", "level": "Info", "message": "Hosting environment: Development" }
{ "timestamp": "2024-08-01 07:47:47.9015", "level": "Info", "message": "Content root path: /Users/jeremiahekanem/Documents/C#Projects/CleanArchitectureMicroservice/BlogService/Blog" }
{ "timestamp": "2024-08-01 07:47:48.2952", "level": "Info", "message": "Executed DbCommand (79ms) [Parameters=[], CommandType='Text', CommandTimeout='30']\nSELECT 1" }
{ "timestamp": "2024-08-01 07:47:48.7485", "level": "Info", "message": "Executed DbCommand (108ms) [Parameters=[], CommandType='Text', CommandTimeout='30']\nSELECT OBJECT_ID(N'[__EFMigrationsHistory]');" }
{ "timestamp": "2024-08-01 07:47:49.1796", "level": "Info", "message": "Executed DbCommand (58ms) [Parameters=[], CommandType='Text', CommandTimeout='30']\nSELECT [MigrationId], [ProductVersion]\nFROM [__EFMigrationsHistory]\nORDER BY [MigrationId];" }
{ "timestamp": "2024-08-01 07:47:49.1964", "level": "Info", "message": "Executed DbCommand (5ms) [Parameters=[], CommandType='Text', CommandTimeout='30']\nSELECT 1" }
{ "timestamp": "2024-08-01 07:47:49.2042", "level": "Info", "message": "Executed DbCommand (7ms) [Parameters=[], CommandType='Text', CommandTimeout='30']\nSELECT OBJECT_ID(N'[__EFMigrationsHistory]');" }
{ "timestamp": "2024-08-01 07:47:49.2096", "level": "Info", "message": "Executed DbCommand (5ms) [Parameters=[], CommandType='Text', CommandTimeout='30']\nSELECT [MigrationId], [ProductVersion]\nFROM [__EFMigrationsHistory]\nORDER BY [MigrationId];" }
{ "timestamp": "2024-08-01 07:47:49.2215", "level": "Info", "message": "Executed DbCommand (4ms) [Parameters=[], CommandType='Text', CommandTimeout='30']\nSELECT 1" }
{ "timestamp": "2024-08-01 07:47:49.5994", "level": "Info", "message": "Executed DbCommand (47ms) [Parameters=[], CommandType='Text', CommandTimeout='30']\nSELECT CASE\n    WHEN EXISTS (\n        SELECT 1\n        FROM [BlogModel] AS [b]\n        WHERE [b].[Author] = N'Clark') THEN CAST(1 AS bit)\n    ELSE CAST(0 AS bit)\nEND" }
{ "timestamp": "2024-08-01 07:47:49.7376", "level": "Info", "message": "Request starting HTTP/1.1 GET http://localhost:7001/swagger/index.html - -" }
{ "timestamp": "2024-08-01 07:47:50.0587", "level": "Warn", "message": "Failed to determine the https port for redirect." }
{ "timestamp": "2024-08-01 07:47:50.1490", "level": "Info", "message": "Request finished HTTP/1.1 GET http://localhost:7001/swagger/index.html - - - 200 - text/html;charset=utf-8 412.4511ms" }
{ "timestamp": "2024-08-01 07:47:50.2965", "level": "Info", "message": "Request starting HTTP/1.1 GET http://localhost:7001/swagger/v1/swagger.json - -" }
{ "timestamp": "2024-08-01 07:47:50.3797", "level": "Info", "message": "Request finished HTTP/1.1 GET http://localhost:7001/swagger/v1/swagger.json - - - 200 - application/json;charset=utf-8 83.2542ms" }
{ "timestamp": "2024-08-01 07:47:55.0839", "level": "Info", "message": "Request starting HTTP/1.1 GET http://localhost:7001/api/Blog/test - -" }
{ "timestamp": "2024-08-01 07:47:55.0975", "level": "Info", "message": "Executing endpoint 'Blog.Controllers.BlogController.Testing (Blog)'" }
{ "timestamp": "2024-08-01 07:47:55.1349", "level": "Info", "message": "Route matched with {action = \"Testing\", controller = \"Blog\"}. Executing controller action with signature System.Threading.Tasks.Task`1[Microsoft.AspNetCore.Mvc.IActionResult] Testing() on controller Blog.Controllers.BlogController (Blog)." }
{ "timestamp": "2024-08-01 07:47:55.1488", "level": "Info", "message": "Executing OkObjectResult, writing value of type 'System.Threading.Tasks.Task`1[[Blog.Application.Extensions.PaginationHelper`1[[System.Int32, System.Private.CoreLib, Version=7.0.0.0, Culture=neutral, PublicKeyToken=7cec85d7bea7798e]], Blog.Domain, Version=1.0.0.0, Culture=neutral, PublicKeyToken=null]]'." }
{ "timestamp": "2024-08-01 07:47:55.1992", "level": "Info", "message": "Executed action Blog.Controllers.BlogController.Testing (Blog) in 61.75ms" }
{ "timestamp": "2024-08-01 07:47:55.1999", "level": "Info", "message": "Executed endpoint 'Blog.Controllers.BlogController.Testing (Blog)'" }
{ "timestamp": "2024-08-01 07:47:55.3477", "level": "Info", "message": "Request finished HTTP/1.1 GET http://localhost:7001/api/Blog/test - - - 500 - application/json 265.8279ms" }
{ "timestamp": "2024-08-01 07:49:21.5397", "level": "Info", "message": "Application is shutting down..." }
{ "timestamp": "2024-08-01 07:53:11.7323", "level": "Info", "message": "Now listening on: http://localhost:7001" }
{ "timestamp": "2024-08-01 07:53:12.0903", "level": "Info", "message": "Application started. Press Ctrl+C to shut down." }
{ "timestamp": "2024-08-01 07:53:12.1873", "level": "Info", "message": "Hosting environment: Development" }
{ "timestamp": "2024-08-01 07:53:12.1873", "level": "Info", "message": "Content root path: /Users/jeremiahekanem/Documents/C#Projects/CleanArchitectureMicroservice/BlogService/Blog" }
{ "timestamp": "2024-08-01 07:53:12.4507", "level": "Info", "message": "Executed DbCommand (72ms) [Parameters=[], CommandType='Text', CommandTimeout='30']\nSELECT 1" }
{ "timestamp": "2024-08-01 07:53:12.5546", "level": "Info", "message": "Executed DbCommand (67ms) [Parameters=[], CommandType='Text', CommandTimeout='30']\nSELECT OBJECT_ID(N'[__EFMigrationsHistory]');" }
{ "timestamp": "2024-08-01 07:53:13.3066", "level": "Info", "message": "Executed DbCommand (191ms) [Parameters=[], CommandType='Text', CommandTimeout='30']\nSELECT [MigrationId], [ProductVersion]\nFROM [__EFMigrationsHistory]\nORDER BY [MigrationId];" }
{ "timestamp": "2024-08-01 07:53:13.7883", "level": "Info", "message": "Executed DbCommand (160ms) [Parameters=[], CommandType='Text', CommandTimeout='30']\nSELECT 1" }
{ "timestamp": "2024-08-01 07:53:13.8896", "level": "Info", "message": "Executed DbCommand (31ms) [Parameters=[], CommandType='Text', CommandTimeout='30']\nSELECT OBJECT_ID(N'[__EFMigrationsHistory]');" }
{ "timestamp": "2024-08-01 07:53:13.9965", "level": "Info", "message": "Executed DbCommand (35ms) [Parameters=[], CommandType='Text', CommandTimeout='30']\nSELECT [MigrationId], [ProductVersion]\nFROM [__EFMigrationsHistory]\nORDER BY [MigrationId];" }
{ "timestamp": "2024-08-01 07:53:14.1200", "level": "Info", "message": "Executed DbCommand (79ms) [Parameters=[], CommandType='Text', CommandTimeout='30']\nSELECT 1" }
{ "timestamp": "2024-08-01 07:53:14.9532", "level": "Info", "message": "Executed DbCommand (71ms) [Parameters=[], CommandType='Text', CommandTimeout='30']\nSELECT CASE\n    WHEN EXISTS (\n        SELECT 1\n        FROM [BlogModel] AS [b]\n        WHERE [b].[Author] = N'Clark') THEN CAST(1 AS bit)\n    ELSE CAST(0 AS bit)\nEND" }
{ "timestamp": "2024-08-01 07:53:18.8726", "level": "Info", "message": "Request starting HTTP/1.1 GET http://localhost:7001/swagger/index.html - -" }
{ "timestamp": "2024-08-01 07:53:18.9105", "level": "Warn", "message": "Failed to determine the https port for redirect." }
{ "timestamp": "2024-08-01 07:53:19.0416", "level": "Info", "message": "Request finished HTTP/1.1 GET http://localhost:7001/swagger/index.html - - - 200 - text/html;charset=utf-8 170.9272ms" }
{ "timestamp": "2024-08-01 07:53:19.7573", "level": "Info", "message": "Request starting HTTP/1.1 GET http://localhost:7001/swagger/v1/swagger.json - -" }
{ "timestamp": "2024-08-01 07:53:19.9230", "level": "Info", "message": "Request finished HTTP/1.1 GET http://localhost:7001/swagger/v1/swagger.json - - - 200 - application/json;charset=utf-8 165.7017ms" }
{ "timestamp": "2024-08-01 07:53:25.1730", "level": "Info", "message": "Request starting HTTP/1.1 GET http://localhost:7001/api/Blog/test - -" }
{ "timestamp": "2024-08-01 07:53:25.1916", "level": "Info", "message": "Executing endpoint 'Blog.Controllers.BlogController.Testing (Blog)'" }
{ "timestamp": "2024-08-01 07:53:25.2288", "level": "Info", "message": "Route matched with {action = \"Testing\", controller = \"Blog\"}. Executing controller action with signature System.Threading.Tasks.Task`1[Microsoft.AspNetCore.Mvc.IActionResult] Testing() on controller Blog.Controllers.BlogController (Blog)." }
{ "timestamp": "2024-08-01 07:53:25.3629", "level": "Info", "message": "Executed DbCommand (57ms) [Parameters=[], CommandType='Text', CommandTimeout='30']\nSELECT COUNT(*)\nFROM [BlogModel] AS [b]\nWHERE [b].[Author] = N'Clark'" }
{ "timestamp": "2024-08-01 07:53:25.4981", "level": "Info", "message": "Executed DbCommand (88ms) [Parameters=[@__p_0='?' (DbType = Int32), @__p_1='?' (DbType = Int32)], CommandType='Text', CommandTimeout='30']\nSELECT [b].[Id], [b].[Author], [b].[Description], [b].[Name]\nFROM [BlogModel] AS [b]\nWHERE [b].[Author] = N'Clark'\nORDER BY [b].[Description] DESC\nOFFSET @__p_0 ROWS FETCH NEXT @__p_1 ROWS ONLY" }
{ "timestamp": "2024-08-01 07:53:25.5498", "level": "Info", "message": "Executing OkObjectResult, writing value of type 'Blog.Domain.Extensions.PaginationHelper`1[[Blog.Domain.Entities.BlogModel, Blog.Domain, Version=1.0.0.0, Culture=neutral, PublicKeyToken=null]]'." }
{ "timestamp": "2024-08-01 07:53:25.5693", "level": "Info", "message": "Executed action Blog.Controllers.BlogController.Testing (Blog) in 336.4768ms" }
{ "timestamp": "2024-08-01 07:53:25.5708", "level": "Info", "message": "Executed endpoint 'Blog.Controllers.BlogController.Testing (Blog)'" }
{ "timestamp": "2024-08-01 07:53:25.5769", "level": "Info", "message": "Request finished HTTP/1.1 GET http://localhost:7001/api/Blog/test - - - 200 - application/json;+charset=utf-8 402.8808ms" }
{ "timestamp": "2024-08-01 07:55:03.3385", "level": "Info", "message": "Application is shutting down..." }
{ "timestamp": "2024-08-01 07:57:13.6291", "level": "Info", "message": "Now listening on: http://localhost:7001" }
{ "timestamp": "2024-08-01 07:57:13.6648", "level": "Info", "message": "Application started. Press Ctrl+C to shut down." }
{ "timestamp": "2024-08-01 07:57:13.6662", "level": "Info", "message": "Hosting environment: Development" }
{ "timestamp": "2024-08-01 07:57:13.6662", "level": "Info", "message": "Content root path: /Users/jeremiahekanem/Documents/C#Projects/CleanArchitectureMicroservice/BlogService/Blog" }
{ "timestamp": "2024-08-01 07:57:14.4166", "level": "Info", "message": "Executed DbCommand (72ms) [Parameters=[], CommandType='Text', CommandTimeout='30']\nSELECT 1" }
{ "timestamp": "2024-08-01 07:57:14.4970", "level": "Info", "message": "Executed DbCommand (59ms) [Parameters=[], CommandType='Text', CommandTimeout='30']\nSELECT OBJECT_ID(N'[__EFMigrationsHistory]');" }
{ "timestamp": "2024-08-01 07:57:14.5676", "level": "Info", "message": "Executed DbCommand (47ms) [Parameters=[], CommandType='Text', CommandTimeout='30']\nSELECT [MigrationId], [ProductVersion]\nFROM [__EFMigrationsHistory]\nORDER BY [MigrationId];" }
{ "timestamp": "2024-08-01 07:57:14.6575", "level": "Info", "message": "Executed DbCommand (79ms) [Parameters=[], CommandType='Text', CommandTimeout='30']\nSELECT 1" }
{ "timestamp": "2024-08-01 07:57:14.6621", "level": "Info", "message": "Executed DbCommand (4ms) [Parameters=[], CommandType='Text', CommandTimeout='30']\nSELECT OBJECT_ID(N'[__EFMigrationsHistory]');" }
{ "timestamp": "2024-08-01 07:57:14.6668", "level": "Info", "message": "Executed DbCommand (4ms) [Parameters=[], CommandType='Text', CommandTimeout='30']\nSELECT [MigrationId], [ProductVersion]\nFROM [__EFMigrationsHistory]\nORDER BY [MigrationId];" }
{ "timestamp": "2024-08-01 07:57:14.6763", "level": "Info", "message": "Executed DbCommand (3ms) [Parameters=[], CommandType='Text', CommandTimeout='30']\nSELECT 1" }
{ "timestamp": "2024-08-01 07:57:14.9657", "level": "Info", "message": "Executed DbCommand (30ms) [Parameters=[], CommandType='Text', CommandTimeout='30']\nSELECT CASE\n    WHEN EXISTS (\n        SELECT 1\n        FROM [BlogModel] AS [b]\n        WHERE [b].[Author] = N'Clark') THEN CAST(1 AS bit)\n    ELSE CAST(0 AS bit)\nEND" }
{ "timestamp": "2024-08-01 07:57:16.2324", "level": "Info", "message": "Request starting HTTP/1.1 GET http://localhost:7001/swagger/index.html - -" }
{ "timestamp": "2024-08-01 07:57:16.5134", "level": "Warn", "message": "Failed to determine the https port for redirect." }
{ "timestamp": "2024-08-01 07:57:16.6420", "level": "Info", "message": "Request finished HTTP/1.1 GET http://localhost:7001/swagger/index.html - - - 200 - text/html;charset=utf-8 412.8397ms" }
{ "timestamp": "2024-08-01 07:57:16.9437", "level": "Info", "message": "Request starting HTTP/1.1 GET http://localhost:7001/swagger/v1/swagger.json - -" }
{ "timestamp": "2024-08-01 07:57:17.0251", "level": "Info", "message": "Request finished HTTP/1.1 GET http://localhost:7001/swagger/v1/swagger.json - - - 200 - application/json;charset=utf-8 81.3880ms" }
{ "timestamp": "2024-08-01 07:57:26.5271", "level": "Info", "message": "Request starting HTTP/1.1 GET http://localhost:7001/api/Blog/test - -" }
{ "timestamp": "2024-08-01 07:57:26.5405", "level": "Info", "message": "Executing endpoint 'Blog.Controllers.BlogController.Testing (Blog)'" }
{ "timestamp": "2024-08-01 07:57:26.5792", "level": "Info", "message": "Route matched with {action = \"Testing\", controller = \"Blog\"}. Executing controller action with signature System.Threading.Tasks.Task`1[Microsoft.AspNetCore.Mvc.IActionResult] Testing() on controller Blog.Controllers.BlogController (Blog)." }
{ "timestamp": "2024-08-01 07:57:26.7293", "level": "Info", "message": "Executed DbCommand (67ms) [Parameters=[], CommandType='Text', CommandTimeout='30']\nSELECT COUNT(*)\nFROM [BlogModel] AS [b]\nWHERE [b].[Author] = N'Clark'" }
{ "timestamp": "2024-08-01 07:57:26.8674", "level": "Info", "message": "Executed DbCommand (94ms) [Parameters=[@__p_0='?' (DbType = Int32), @__p_1='?' (DbType = Int32)], CommandType='Text', CommandTimeout='30']\nSELECT [b].[Id], [b].[Author], [b].[Description], [b].[Name]\nFROM [BlogModel] AS [b]\nWHERE [b].[Author] = N'Clark'\nORDER BY [b].[Description] DESC\nOFFSET @__p_0 ROWS FETCH NEXT @__p_1 ROWS ONLY" }
{ "timestamp": "2024-08-01 07:57:27.0533", "level": "Info", "message": "Executed action Blog.Controllers.BlogController.Testing (Blog) in 468.0265ms" }
{ "timestamp": "2024-08-01 07:57:27.0544", "level": "Info", "message": "Executed endpoint 'Blog.Controllers.BlogController.Testing (Blog)'" }
{ "timestamp": "2024-08-01 07:57:27.2541", "level": "Info", "message": "Request finished HTTP/1.1 GET http://localhost:7001/api/Blog/test - - - 500 - application/json 727.6876ms" }
{ "timestamp": "2024-08-01 08:06:16.0953", "level": "Info", "message": "Application is shutting down..." }
{ "timestamp": "2024-08-01 08:06:41.5708", "level": "Info", "message": "Now listening on: http://localhost:7001" }
{ "timestamp": "2024-08-01 08:06:41.6836", "level": "Info", "message": "Application started. Press Ctrl+C to shut down." }
{ "timestamp": "2024-08-01 08:06:42.2718", "level": "Info", "message": "Hosting environment: Development" }
{ "timestamp": "2024-08-01 08:06:42.2718", "level": "Info", "message": "Content root path: /Users/jeremiahekanem/Documents/C#Projects/CleanArchitectureMicroservice/BlogService/Blog" }
{ "timestamp": "2024-08-01 08:06:42.6378", "level": "Info", "message": "Executed DbCommand (280ms) [Parameters=[], CommandType='Text', CommandTimeout='30']\nSELECT 1" }
{ "timestamp": "2024-08-01 08:06:42.6711", "level": "Info", "message": "Request starting HTTP/1.1 GET http://localhost:7001/swagger/index.html - -" }
{ "timestamp": "2024-08-01 08:06:42.7772", "level": "Warn", "message": "Failed to determine the https port for redirect." }
{ "timestamp": "2024-08-01 08:06:42.8573", "level": "Info", "message": "Executed DbCommand (147ms) [Parameters=[], CommandType='Text', CommandTimeout='30']\nSELECT OBJECT_ID(N'[__EFMigrationsHistory]');" }
{ "timestamp": "2024-08-01 08:06:42.9701", "level": "Info", "message": "Executed DbCommand (42ms) [Parameters=[], CommandType='Text', CommandTimeout='30']\nSELECT [MigrationId], [ProductVersion]\nFROM [__EFMigrationsHistory]\nORDER BY [MigrationId];" }
{ "timestamp": "2024-08-01 08:06:42.9968", "level": "Info", "message": "Executed DbCommand (7ms) [Parameters=[], CommandType='Text', CommandTimeout='30']\nSELECT 1" }
{ "timestamp": "2024-08-01 08:06:43.0086", "level": "Info", "message": "Executed DbCommand (11ms) [Parameters=[], CommandType='Text', CommandTimeout='30']\nSELECT OBJECT_ID(N'[__EFMigrationsHistory]');" }
{ "timestamp": "2024-08-01 08:06:43.0184", "level": "Info", "message": "Request finished HTTP/1.1 GET http://localhost:7001/swagger/index.html - - - 200 - text/html;charset=utf-8 352.8855ms" }
{ "timestamp": "2024-08-01 08:06:43.0202", "level": "Info", "message": "Executed DbCommand (11ms) [Parameters=[], CommandType='Text', CommandTimeout='30']\nSELECT [MigrationId], [ProductVersion]\nFROM [__EFMigrationsHistory]\nORDER BY [MigrationId];" }
{ "timestamp": "2024-08-01 08:06:43.0390", "level": "Info", "message": "Executed DbCommand (7ms) [Parameters=[], CommandType='Text', CommandTimeout='30']\nSELECT 1" }
{ "timestamp": "2024-08-01 08:06:43.3135", "level": "Info", "message": "Request starting HTTP/1.1 GET http://localhost:7001/swagger/v1/swagger.json - -" }
{ "timestamp": "2024-08-01 08:06:43.4567", "level": "Info", "message": "Executed DbCommand (78ms) [Parameters=[], CommandType='Text', CommandTimeout='30']\nSELECT CASE\n    WHEN EXISTS (\n        SELECT 1\n        FROM [BlogModel] AS [b]\n        WHERE [b].[Author] = N'Clark') THEN CAST(1 AS bit)\n    ELSE CAST(0 AS bit)\nEND" }
{ "timestamp": "2024-08-01 08:06:43.7001", "level": "Info", "message": "Request finished HTTP/1.1 GET http://localhost:7001/swagger/v1/swagger.json - - - 200 - application/json;charset=utf-8 386.5810ms" }
{ "timestamp": "2024-08-01 08:06:49.2516", "level": "Info", "message": "Request starting HTTP/1.1 GET http://localhost:7001/api/Blog/test - -" }
{ "timestamp": "2024-08-01 08:06:49.2715", "level": "Info", "message": "Executing endpoint 'Blog.Controllers.BlogController.Testing (Blog)'" }
{ "timestamp": "2024-08-01 08:06:49.3224", "level": "Info", "message": "Route matched with {action = \"Testing\", controller = \"Blog\"}. Executing controller action with signature System.Threading.Tasks.Task`1[Microsoft.AspNetCore.Mvc.IActionResult] Testing() on controller Blog.Controllers.BlogController (Blog)." }
{ "timestamp": "2024-08-01 08:06:49.4696", "level": "Info", "message": "Executed DbCommand (55ms) [Parameters=[], CommandType='Text', CommandTimeout='30']\nSELECT COUNT(*)\nFROM [BlogModel] AS [b]\nWHERE [b].[Author] = N'Clark'" }
{ "timestamp": "2024-08-01 08:06:49.7259", "level": "Info", "message": "Executed DbCommand (192ms) [Parameters=[@__p_0='?' (DbType = Int32), @__p_1='?' (DbType = Int32)], CommandType='Text', CommandTimeout='30']\nSELECT [b].[Id], [b].[Author], [b].[Description], [b].[Name]\nFROM [BlogModel] AS [b]\nWHERE [b].[Author] = N'Clark'\nORDER BY [b].[Description] DESC\nOFFSET @__p_0 ROWS FETCH NEXT @__p_1 ROWS ONLY" }
{ "timestamp": "2024-08-01 08:06:49.9127", "level": "Info", "message": "Executing OkObjectResult, writing value of type 'Blog.Domain.Extensions.PaginationHelper`1[[Blog.Domain.DomainModels.Response.BlogViewResponse, Blog.Domain, Version=1.0.0.0, Culture=neutral, PublicKeyToken=null]]'." }
{ "timestamp": "2024-08-01 08:06:49.9265", "level": "Info", "message": "Executed action Blog.Controllers.BlogController.Testing (Blog) in 600.6319ms" }
{ "timestamp": "2024-08-01 08:06:49.9274", "level": "Info", "message": "Executed endpoint 'Blog.Controllers.BlogController.Testing (Blog)'" }
{ "timestamp": "2024-08-01 08:06:49.9320", "level": "Info", "message": "Request finished HTTP/1.1 GET http://localhost:7001/api/Blog/test - - - 200 - application/json;+charset=utf-8 682.3956ms" }
{ "timestamp": "2024-08-01 08:08:28.9961", "level": "Info", "message": "Application is shutting down..." }
{ "timestamp": "2024-08-01 09:33:57.7472", "level": "Info", "message": "Now listening on: http://localhost:7001" }
{ "timestamp": "2024-08-01 09:33:57.9635", "level": "Info", "message": "Application started. Press Ctrl+C to shut down." }
{ "timestamp": "2024-08-01 09:33:57.9648", "level": "Info", "message": "Hosting environment: Development" }
{ "timestamp": "2024-08-01 09:33:57.9648", "level": "Info", "message": "Content root path: /Users/jeremiahekanem/Documents/C#Projects/CleanArchitectureMicroservice/BlogService/Blog" }
{ "timestamp": "2024-08-01 09:33:58.2256", "level": "Info", "message": "Executed DbCommand (64ms) [Parameters=[], CommandType='Text', CommandTimeout='30']\nSELECT 1" }
{ "timestamp": "2024-08-01 09:33:58.4548", "level": "Info", "message": "Executed DbCommand (93ms) [Parameters=[], CommandType='Text', CommandTimeout='30']\nSELECT OBJECT_ID(N'[__EFMigrationsHistory]');" }
{ "timestamp": "2024-08-01 09:33:58.7019", "level": "Info", "message": "Executed DbCommand (79ms) [Parameters=[], CommandType='Text', CommandTimeout='30']\nSELECT [MigrationId], [ProductVersion]\nFROM [__EFMigrationsHistory]\nORDER BY [MigrationId];" }
{ "timestamp": "2024-08-01 09:33:59.0911", "level": "Info", "message": "Executed DbCommand (74ms) [Parameters=[], CommandType='Text', CommandTimeout='30']\nSELECT 1" }
{ "timestamp": "2024-08-01 09:33:59.3574", "level": "Info", "message": "Executed DbCommand (28ms) [Parameters=[], CommandType='Text', CommandTimeout='30']\nSELECT OBJECT_ID(N'[__EFMigrationsHistory]');" }
{ "timestamp": "2024-08-01 09:33:59.5450", "level": "Info", "message": "Executed DbCommand (14ms) [Parameters=[], CommandType='Text', CommandTimeout='30']\nSELECT [MigrationId], [ProductVersion]\nFROM [__EFMigrationsHistory]\nORDER BY [MigrationId];" }
{ "timestamp": "2024-08-01 09:33:59.5754", "level": "Info", "message": "Executed DbCommand (13ms) [Parameters=[], CommandType='Text', CommandTimeout='30']\nSELECT 1" }
{ "timestamp": "2024-08-01 09:33:59.9181", "level": "Info", "message": "Executed DbCommand (55ms) [Parameters=[], CommandType='Text', CommandTimeout='30']\nSELECT CASE\n    WHEN EXISTS (\n        SELECT 1\n        FROM [BlogModel] AS [b]\n        WHERE [b].[Author] = N'Clark') THEN CAST(1 AS bit)\n    ELSE CAST(0 AS bit)\nEND" }
{ "timestamp": "2024-08-01 09:34:01.6842", "level": "Info", "message": "Request starting HTTP/1.1 GET http://localhost:7001/swagger/index.html - -" }
{ "timestamp": "2024-08-01 09:34:01.7396", "level": "Warn", "message": "Failed to determine the https port for redirect." }
{ "timestamp": "2024-08-01 09:34:01.8723", "level": "Info", "message": "Request finished HTTP/1.1 GET http://localhost:7001/swagger/index.html - - - 200 - text/html;charset=utf-8 189.5609ms" }
{ "timestamp": "2024-08-01 09:34:04.6696", "level": "Info", "message": "Request starting HTTP/1.1 GET http://localhost:7001/swagger/swagger-ui-bundle.js - -" }
{ "timestamp": "2024-08-01 09:34:04.9720", "level": "Info", "message": "Sending file. Request path: '/swagger-ui-bundle.js'. Physical path: 'N/A'" }
{ "timestamp": "2024-08-01 09:34:04.9782", "level": "Info", "message": "Request finished HTTP/1.1 GET http://localhost:7001/swagger/swagger-ui-bundle.js - - - 200 1096145 text/javascript 308.3875ms" }
{ "timestamp": "2024-08-01 09:34:05.3101", "level": "Info", "message": "Request starting HTTP/1.1 GET http://localhost:7001/swagger/v1/swagger.json - -" }
{ "timestamp": "2024-08-01 09:34:05.4049", "level": "Info", "message": "Request finished HTTP/1.1 GET http://localhost:7001/swagger/v1/swagger.json - - - 200 - application/json;charset=utf-8 94.8451ms" }
{ "timestamp": "2024-08-01 09:34:19.1693", "level": "Info", "message": "Request starting HTTP/1.1 GET http://localhost:7001/api/Blog/test - -" }
{ "timestamp": "2024-08-01 09:34:19.2035", "level": "Info", "message": "Executing endpoint 'Blog.Controllers.BlogController.Testing (Blog)'" }
{ "timestamp": "2024-08-01 09:34:19.3586", "level": "Info", "message": "Route matched with {action = \"Testing\", controller = \"Blog\"}. Executing controller action with signature System.Threading.Tasks.Task`1[Microsoft.AspNetCore.Mvc.IActionResult] Testing() on controller Blog.Controllers.BlogController (Blog)." }
{ "timestamp": "2024-08-01 09:34:19.9141", "level": "Info", "message": "Executed DbCommand (227ms) [Parameters=[], CommandType='Text', CommandTimeout='30']\nSELECT COUNT(*)\nFROM [BlogModel] AS [b]\nWHERE [b].[Author] = N'Clark'" }
{ "timestamp": "2024-08-01 09:34:20.4723", "level": "Info", "message": "Executed DbCommand (433ms) [Parameters=[@__p_0='?' (DbType = Int32), @__p_1='?' (DbType = Int32)], CommandType='Text', CommandTimeout='30']\nSELECT [b].[Id], [b].[Author], [b].[Description], [b].[Name]\nFROM [BlogModel] AS [b]\nWHERE [b].[Author] = N'Clark'\nORDER BY [b].[Description] DESC\nOFFSET @__p_0 ROWS FETCH NEXT @__p_1 ROWS ONLY" }
{ "timestamp": "2024-08-01 09:34:20.8048", "level": "Info", "message": "Executed action Blog.Controllers.BlogController.Testing (Blog) in 1433.8221ms" }
{ "timestamp": "2024-08-01 09:34:20.8066", "level": "Info", "message": "Executed endpoint 'Blog.Controllers.BlogController.Testing (Blog)'" }
{ "timestamp": "2024-08-01 09:34:21.3801", "level": "Info", "message": "Request finished HTTP/1.1 GET http://localhost:7001/api/Blog/test - - - 500 - application/json 2209.4951ms" }
{ "timestamp": "2024-08-01 23:23:45.8978", "level": "Info", "message": "Now listening on: http://localhost:7001" }
{ "timestamp": "2024-08-01 23:23:45.9664", "level": "Info", "message": "Application started. Press Ctrl+C to shut down." }
{ "timestamp": "2024-08-01 23:23:45.9687", "level": "Info", "message": "Hosting environment: Development" }
{ "timestamp": "2024-08-01 23:23:45.9687", "level": "Info", "message": "Content root path: /Users/jeremiahekanem/Documents/C#Projects/CleanArchitectureMicroservice/BlogService/Blog" }
{ "timestamp": "2024-08-01 23:23:46.4010", "level": "Info", "message": "Executed DbCommand (103ms) [Parameters=[], CommandType='Text', CommandTimeout='30']\nSELECT 1" }
{ "timestamp": "2024-08-01 23:23:46.6298", "level": "Info", "message": "Executed DbCommand (166ms) [Parameters=[], CommandType='Text', CommandTimeout='30']\nSELECT OBJECT_ID(N'[__EFMigrationsHistory]');" }
{ "timestamp": "2024-08-01 23:23:46.7564", "level": "Info", "message": "Executed DbCommand (45ms) [Parameters=[], CommandType='Text', CommandTimeout='30']\nSELECT [MigrationId], [ProductVersion]\nFROM [__EFMigrationsHistory]\nORDER BY [MigrationId];" }
{ "timestamp": "2024-08-01 23:23:46.8631", "level": "Info", "message": "Executed DbCommand (68ms) [Parameters=[], CommandType='Text', CommandTimeout='30']\nSELECT 1" }
{ "timestamp": "2024-08-01 23:23:46.8752", "level": "Info", "message": "Executed DbCommand (11ms) [Parameters=[], CommandType='Text', CommandTimeout='30']\nSELECT OBJECT_ID(N'[__EFMigrationsHistory]');" }
{ "timestamp": "2024-08-01 23:23:46.8878", "level": "Info", "message": "Executed DbCommand (12ms) [Parameters=[], CommandType='Text', CommandTimeout='30']\nSELECT [MigrationId], [ProductVersion]\nFROM [__EFMigrationsHistory]\nORDER BY [MigrationId];" }
{ "timestamp": "2024-08-01 23:23:46.9233", "level": "Info", "message": "Executed DbCommand (11ms) [Parameters=[], CommandType='Text', CommandTimeout='30']\nSELECT 1" }
{ "timestamp": "2024-08-01 23:23:47.4470", "level": "Info", "message": "Executed DbCommand (51ms) [Parameters=[], CommandType='Text', CommandTimeout='30']\nSELECT CASE\n    WHEN EXISTS (\n        SELECT 1\n        FROM [BlogModel] AS [b]\n        WHERE [b].[Author] = N'Clark') THEN CAST(1 AS bit)\n    ELSE CAST(0 AS bit)\nEND" }
{ "timestamp": "2024-08-01 23:23:47.9053", "level": "Info", "message": "Request starting HTTP/1.1 GET http://localhost:7001/swagger/index.html - -" }
{ "timestamp": "2024-08-01 23:23:47.9317", "level": "Warn", "message": "Failed to determine the https port for redirect." }
{ "timestamp": "2024-08-01 23:23:48.0507", "level": "Info", "message": "Request finished HTTP/1.1 GET http://localhost:7001/swagger/index.html - - - 200 - text/html;charset=utf-8 148.6122ms" }
{ "timestamp": "2024-08-01 23:23:48.1298", "level": "Info", "message": "Request starting HTTP/1.1 GET http://localhost:7001/swagger/swagger-ui.css - -" }
{ "timestamp": "2024-08-01 23:23:48.1362", "level": "Info", "message": "Request starting HTTP/1.1 GET http://localhost:7001/swagger/swagger-ui-bundle.js - -" }
{ "timestamp": "2024-08-01 23:23:48.1362", "level": "Info", "message": "Request starting HTTP/1.1 GET http://localhost:7001/swagger/swagger-ui-standalone-preset.js - -" }
{ "timestamp": "2024-08-01 23:23:48.1628", "level": "Info", "message": "Sending file. Request path: '/swagger-ui.css'. Physical path: 'N/A'" }
{ "timestamp": "2024-08-01 23:23:48.1628", "level": "Info", "message": "Sending file. Request path: '/swagger-ui-standalone-preset.js'. Physical path: 'N/A'" }
{ "timestamp": "2024-08-01 23:23:48.1670", "level": "Info", "message": "Sending file. Request path: '/swagger-ui-bundle.js'. Physical path: 'N/A'" }
{ "timestamp": "2024-08-01 23:23:48.1718", "level": "Info", "message": "Request finished HTTP/1.1 GET http://localhost:7001/swagger/swagger-ui-standalone-preset.js - - - 200 339486 text/javascript 35.3656ms" }
{ "timestamp": "2024-08-01 23:23:48.1727", "level": "Info", "message": "Request finished HTTP/1.1 GET http://localhost:7001/swagger/swagger-ui-bundle.js - - - 200 1096145 text/javascript 36.5865ms" }
{ "timestamp": "2024-08-01 23:23:48.1727", "level": "Info", "message": "Request finished HTTP/1.1 GET http://localhost:7001/swagger/swagger-ui.css - - - 200 143943 text/css 42.9949ms" }
{ "timestamp": "2024-08-01 23:23:48.3848", "level": "Info", "message": "Request starting HTTP/1.1 GET http://localhost:7001/swagger/v1/swagger.json - -" }
{ "timestamp": "2024-08-01 23:23:48.4687", "level": "Info", "message": "Request finished HTTP/1.1 GET http://localhost:7001/swagger/v1/swagger.json - - - 200 - application/json;charset=utf-8 83.8940ms" }
{ "timestamp": "2024-08-01 23:23:54.3738", "level": "Info", "message": "Request starting HTTP/1.1 GET http://localhost:7001/api/Blog/test - -" }
{ "timestamp": "2024-08-01 23:23:54.3810", "level": "Info", "message": "Executing endpoint 'Blog.Controllers.BlogController.Testing (Blog)'" }
{ "timestamp": "2024-08-01 23:23:54.4160", "level": "Info", "message": "Route matched with {action = \"Testing\", controller = \"Blog\"}. Executing controller action with signature System.Threading.Tasks.Task`1[Microsoft.AspNetCore.Mvc.IActionResult] Testing() on controller Blog.Controllers.BlogController (Blog)." }
{ "timestamp": "2024-08-01 23:23:54.5203", "level": "Info", "message": "Executed DbCommand (27ms) [Parameters=[], CommandType='Text', CommandTimeout='30']\nSELECT COUNT(*)\nFROM [BlogModel] AS [b]\nWHERE [b].[Author] = N'Clark'" }
{ "timestamp": "2024-08-01 23:23:54.6415", "level": "Info", "message": "Executed DbCommand (75ms) [Parameters=[@__p_0='?' (DbType = Int32), @__p_1='?' (DbType = Int32)], CommandType='Text', CommandTimeout='30']\nSELECT [b].[Id], [b].[Author], [b].[Description], [b].[Name]\nFROM [BlogModel] AS [b]\nWHERE [b].[Author] = N'Clark'\nORDER BY [b].[Description] DESC\nOFFSET @__p_0 ROWS FETCH NEXT @__p_1 ROWS ONLY" }
{ "timestamp": "2024-08-01 23:23:54.6914", "level": "Info", "message": "Executing OkObjectResult, writing value of type 'Blog.Domain.Extensions.PaginationHelper`1[[Blog.Domain.DomainModels.Response.BlogViewResponse, Blog.Domain, Version=1.0.0.0, Culture=neutral, PublicKeyToken=null]]'." }
{ "timestamp": "2024-08-01 23:23:54.7076", "level": "Info", "message": "Executed action Blog.Controllers.BlogController.Testing (Blog) in 288.0894ms" }
{ "timestamp": "2024-08-01 23:23:54.7085", "level": "Info", "message": "Executed endpoint 'Blog.Controllers.BlogController.Testing (Blog)'" }
{ "timestamp": "2024-08-01 23:23:54.7085", "level": "Info", "message": "Request finished HTTP/1.1 GET http://localhost:7001/api/Blog/test - - - 200 - application/json;+charset=utf-8 335.2269ms" }
{ "timestamp": "2024-08-01 23:25:07.2274", "level": "Info", "message": "Application is shutting down..." }
{ "timestamp": "2024-08-01 23:49:07.6994", "level": "Info", "message": "Now listening on: http://localhost:7001" }
{ "timestamp": "2024-08-01 23:49:07.7336", "level": "Info", "message": "Application started. Press Ctrl+C to shut down." }
{ "timestamp": "2024-08-01 23:49:07.7348", "level": "Info", "message": "Hosting environment: Development" }
{ "timestamp": "2024-08-01 23:49:07.7348", "level": "Info", "message": "Content root path: /Users/jeremiahekanem/Documents/C#Projects/CleanArchitectureMicroservice/BlogService/Blog" }
{ "timestamp": "2024-08-01 23:49:07.9904", "level": "Info", "message": "Executed DbCommand (48ms) [Parameters=[], CommandType='Text', CommandTimeout='30']\nSELECT 1" }
{ "timestamp": "2024-08-01 23:49:08.0627", "level": "Info", "message": "Executed DbCommand (51ms) [Parameters=[], CommandType='Text', CommandTimeout='30']\nSELECT OBJECT_ID(N'[__EFMigrationsHistory]');" }
{ "timestamp": "2024-08-01 23:49:08.1258", "level": "Info", "message": "Executed DbCommand (35ms) [Parameters=[], CommandType='Text', CommandTimeout='30']\nSELECT [MigrationId], [ProductVersion]\nFROM [__EFMigrationsHistory]\nORDER BY [MigrationId];" }
{ "timestamp": "2024-08-01 23:49:08.1458", "level": "Info", "message": "Executed DbCommand (9ms) [Parameters=[], CommandType='Text', CommandTimeout='30']\nSELECT 1" }
{ "timestamp": "2024-08-01 23:49:08.1747", "level": "Info", "message": "Executed DbCommand (28ms) [Parameters=[], CommandType='Text', CommandTimeout='30']\nSELECT OBJECT_ID(N'[__EFMigrationsHistory]');" }
{ "timestamp": "2024-08-01 23:49:08.1801", "level": "Info", "message": "Executed DbCommand (5ms) [Parameters=[], CommandType='Text', CommandTimeout='30']\nSELECT [MigrationId], [ProductVersion]\nFROM [__EFMigrationsHistory]\nORDER BY [MigrationId];" }
{ "timestamp": "2024-08-01 23:49:08.1916", "level": "Info", "message": "Executed DbCommand (5ms) [Parameters=[], CommandType='Text', CommandTimeout='30']\nSELECT 1" }
{ "timestamp": "2024-08-01 23:49:08.4743", "level": "Info", "message": "Executed DbCommand (39ms) [Parameters=[], CommandType='Text', CommandTimeout='30']\nSELECT CASE\n    WHEN EXISTS (\n        SELECT 1\n        FROM [BlogModel] AS [b]\n        WHERE [b].[Author] = N'Clark') THEN CAST(1 AS bit)\n    ELSE CAST(0 AS bit)\nEND" }
{ "timestamp": "2024-08-01 23:49:09.5609", "level": "Info", "message": "Request starting HTTP/1.1 GET http://localhost:7001/swagger/index.html - -" }
{ "timestamp": "2024-08-01 23:49:09.8904", "level": "Warn", "message": "Failed to determine the https port for redirect." }
{ "timestamp": "2024-08-01 23:49:10.0213", "level": "Info", "message": "Request finished HTTP/1.1 GET http://localhost:7001/swagger/index.html - - - 200 - text/html;charset=utf-8 460.9570ms" }
{ "timestamp": "2024-08-01 23:49:10.6943", "level": "Info", "message": "Request starting HTTP/1.1 GET http://localhost:7001/swagger/v1/swagger.json - -" }
{ "timestamp": "2024-08-01 23:49:10.8065", "level": "Info", "message": "Request finished HTTP/1.1 GET http://localhost:7001/swagger/v1/swagger.json - - - 200 - application/json;charset=utf-8 112.1723ms" }
{ "timestamp": "2024-08-01 23:49:14.5563", "level": "Info", "message": "Request starting HTTP/1.1 GET http://localhost:7001/api/Blog/test - -" }
{ "timestamp": "2024-08-01 23:49:14.6025", "level": "Info", "message": "Executing endpoint 'Blog.Controllers.BlogController.Testing (Blog)'" }
{ "timestamp": "2024-08-01 23:49:14.6247", "level": "Info", "message": "Route matched with {action = \"Testing\", controller = \"Blog\"}. Executing controller action with signature System.Threading.Tasks.Task`1[Microsoft.AspNetCore.Mvc.IActionResult] Testing() on controller Blog.Controllers.BlogController (Blog)." }
{ "timestamp": "2024-08-01 23:49:14.7385", "level": "Info", "message": "Executed DbCommand (48ms) [Parameters=[], CommandType='Text', CommandTimeout='30']\nSELECT COUNT(*)\nFROM [BlogModel] AS [b]\nWHERE [b].[Author] = N'Clark'" }
{ "timestamp": "2024-08-01 23:49:14.8782", "level": "Info", "message": "Executed DbCommand (88ms) [Parameters=[@__p_0='?' (DbType = Int32), @__p_1='?' (DbType = Int32)], CommandType='Text', CommandTimeout='30']\nSELECT [b].[Id], [b].[Author], [b].[Description], [b].[Name]\nFROM [BlogModel] AS [b]\nWHERE [b].[Author] = N'Clark'\nORDER BY [b].[Description] DESC\nOFFSET @__p_0 ROWS FETCH NEXT @__p_1 ROWS ONLY" }
{ "timestamp": "2024-08-01 23:49:14.9395", "level": "Info", "message": "Executed action Blog.Controllers.BlogController.Testing (Blog) in 310.0859ms" }
{ "timestamp": "2024-08-01 23:49:14.9406", "level": "Info", "message": "Executed endpoint 'Blog.Controllers.BlogController.Testing (Blog)'" }
{ "timestamp": "2024-08-01 23:49:15.1613", "level": "Info", "message": "Request finished HTTP/1.1 GET http://localhost:7001/api/Blog/test - - - 500 - application/json 622.9278ms" }
{ "timestamp": "2024-08-01 23:49:35.4941", "level": "Info", "message": "Application is shutting down..." }
{ "timestamp": "2024-08-01 23:49:42.4929", "level": "Info", "message": "Now listening on: http://localhost:7001" }
{ "timestamp": "2024-08-01 23:49:42.5566", "level": "Info", "message": "Application started. Press Ctrl+C to shut down." }
{ "timestamp": "2024-08-01 23:49:42.5586", "level": "Info", "message": "Hosting environment: Development" }
{ "timestamp": "2024-08-01 23:49:42.5586", "level": "Info", "message": "Content root path: /Users/jeremiahekanem/Documents/C#Projects/CleanArchitectureMicroservice/BlogService/Blog" }
{ "timestamp": "2024-08-01 23:49:42.9347", "level": "Info", "message": "Executed DbCommand (187ms) [Parameters=[], CommandType='Text', CommandTimeout='30']\nSELECT 1" }
{ "timestamp": "2024-08-01 23:49:43.1408", "level": "Info", "message": "Executed DbCommand (137ms) [Parameters=[], CommandType='Text', CommandTimeout='30']\nSELECT OBJECT_ID(N'[__EFMigrationsHistory]');" }
{ "timestamp": "2024-08-01 23:49:43.1930", "level": "Info", "message": "Request starting HTTP/1.1 GET http://localhost:7001/swagger/index.html - -" }
{ "timestamp": "2024-08-01 23:49:43.2782", "level": "Info", "message": "Executed DbCommand (46ms) [Parameters=[], CommandType='Text', CommandTimeout='30']\nSELECT [MigrationId], [ProductVersion]\nFROM [__EFMigrationsHistory]\nORDER BY [MigrationId];" }
{ "timestamp": "2024-08-01 23:49:43.3015", "level": "Warn", "message": "Failed to determine the https port for redirect." }
{ "timestamp": "2024-08-01 23:49:43.3281", "level": "Info", "message": "Executed DbCommand (11ms) [Parameters=[], CommandType='Text', CommandTimeout='30']\nSELECT 1" }
{ "timestamp": "2024-08-01 23:49:43.3368", "level": "Info", "message": "Executed DbCommand (7ms) [Parameters=[], CommandType='Text', CommandTimeout='30']\nSELECT OBJECT_ID(N'[__EFMigrationsHistory]');" }
{ "timestamp": "2024-08-01 23:49:43.3481", "level": "Info", "message": "Executed DbCommand (10ms) [Parameters=[], CommandType='Text', CommandTimeout='30']\nSELECT [MigrationId], [ProductVersion]\nFROM [__EFMigrationsHistory]\nORDER BY [MigrationId];" }
{ "timestamp": "2024-08-01 23:49:43.3685", "level": "Info", "message": "Executed DbCommand (8ms) [Parameters=[], CommandType='Text', CommandTimeout='30']\nSELECT 1" }
{ "timestamp": "2024-08-01 23:49:43.5489", "level": "Info", "message": "Request finished HTTP/1.1 GET http://localhost:7001/swagger/index.html - - - 200 - text/html;charset=utf-8 358.9295ms" }
{ "timestamp": "2024-08-01 23:49:43.7961", "level": "Info", "message": "Request starting HTTP/1.1 GET http://localhost:7001/swagger/v1/swagger.json - -" }
{ "timestamp": "2024-08-01 23:49:43.8358", "level": "Info", "message": "Executed DbCommand (16ms) [Parameters=[], CommandType='Text', CommandTimeout='30']\nSELECT CASE\n    WHEN EXISTS (\n        SELECT 1\n        FROM [BlogModel] AS [b]\n        WHERE [b].[Author] = N'Clark') THEN CAST(1 AS bit)\n    ELSE CAST(0 AS bit)\nEND" }
{ "timestamp": "2024-08-01 23:49:43.9165", "level": "Info", "message": "Request finished HTTP/1.1 GET http://localhost:7001/swagger/v1/swagger.json - - - 200 - application/json;charset=utf-8 120.3647ms" }
{ "timestamp": "2024-08-01 23:49:48.9196", "level": "Info", "message": "Request starting HTTP/1.1 GET http://localhost:7001/api/Blog/test - -" }
{ "timestamp": "2024-08-01 23:49:48.9408", "level": "Info", "message": "Executing endpoint 'Blog.Controllers.BlogController.Testing (Blog)'" }
{ "timestamp": "2024-08-01 23:49:48.9752", "level": "Info", "message": "Route matched with {action = \"Testing\", controller = \"Blog\"}. Executing controller action with signature System.Threading.Tasks.Task`1[Microsoft.AspNetCore.Mvc.IActionResult] Testing() on controller Blog.Controllers.BlogController (Blog)." }
{ "timestamp": "2024-08-01 23:49:49.0973", "level": "Info", "message": "Executed DbCommand (43ms) [Parameters=[], CommandType='Text', CommandTimeout='30']\nSELECT COUNT(*)\nFROM [BlogModel] AS [b]\nWHERE [b].[Author] = N'Clark'" }
{ "timestamp": "2024-08-01 23:49:49.1923", "level": "Info", "message": "Executed DbCommand (46ms) [Parameters=[@__p_0='?' (DbType = Int32), @__p_1='?' (DbType = Int32)], CommandType='Text', CommandTimeout='30']\nSELECT [b].[Id], [b].[Author], [b].[Description], [b].[Name]\nFROM [BlogModel] AS [b]\nWHERE [b].[Author] = N'Clark'\nORDER BY [b].[Description] DESC\nOFFSET @__p_0 ROWS FETCH NEXT @__p_1 ROWS ONLY" }
{ "timestamp": "2024-08-01 23:49:49.2498", "level": "Info", "message": "Executing OkObjectResult, writing value of type 'Blog.Domain.Extensions.PaginationHelper`1[[Blog.Domain.DomainModels.Response.BlogViewResponse, Blog.Domain, Version=1.0.0.0, Culture=neutral, PublicKeyToken=null]]'." }
{ "timestamp": "2024-08-01 23:49:49.2662", "level": "Info", "message": "Executed action Blog.Controllers.BlogController.Testing (Blog) in 287.0349ms" }
{ "timestamp": "2024-08-01 23:49:49.2671", "level": "Info", "message": "Executed endpoint 'Blog.Controllers.BlogController.Testing (Blog)'" }
{ "timestamp": "2024-08-01 23:49:49.2724", "level": "Info", "message": "Request finished HTTP/1.1 GET http://localhost:7001/api/Blog/test - - - 200 - application/json;+charset=utf-8 353.4525ms" }
{ "timestamp": "2024-08-01 23:54:56.4605", "level": "Info", "message": "Application is shutting down..." }
{ "timestamp": "2024-08-01 23:55:14.4914", "level": "Info", "message": "Now listening on: http://localhost:7001" }
{ "timestamp": "2024-08-01 23:55:14.5235", "level": "Info", "message": "Application started. Press Ctrl+C to shut down." }
{ "timestamp": "2024-08-01 23:55:14.5246", "level": "Info", "message": "Hosting environment: Development" }
{ "timestamp": "2024-08-01 23:55:14.5246", "level": "Info", "message": "Content root path: /Users/jeremiahekanem/Documents/C#Projects/CleanArchitectureMicroservice/BlogService/Blog" }
{ "timestamp": "2024-08-01 23:55:14.9395", "level": "Info", "message": "Executed DbCommand (82ms) [Parameters=[], CommandType='Text', CommandTimeout='30']\nSELECT 1" }
{ "timestamp": "2024-08-01 23:55:15.0489", "level": "Info", "message": "Executed DbCommand (87ms) [Parameters=[], CommandType='Text', CommandTimeout='30']\nSELECT OBJECT_ID(N'[__EFMigrationsHistory]');" }
{ "timestamp": "2024-08-01 23:55:15.1489", "level": "Info", "message": "Executed DbCommand (57ms) [Parameters=[], CommandType='Text', CommandTimeout='30']\nSELECT [MigrationId], [ProductVersion]\nFROM [__EFMigrationsHistory]\nORDER BY [MigrationId];" }
{ "timestamp": "2024-08-01 23:55:15.1681", "level": "Info", "message": "Executed DbCommand (7ms) [Parameters=[], CommandType='Text', CommandTimeout='30']\nSELECT 1" }
{ "timestamp": "2024-08-01 23:55:15.1806", "level": "Info", "message": "Executed DbCommand (12ms) [Parameters=[], CommandType='Text', CommandTimeout='30']\nSELECT OBJECT_ID(N'[__EFMigrationsHistory]');" }
{ "timestamp": "2024-08-01 23:55:15.1860", "level": "Info", "message": "Executed DbCommand (5ms) [Parameters=[], CommandType='Text', CommandTimeout='30']\nSELECT [MigrationId], [ProductVersion]\nFROM [__EFMigrationsHistory]\nORDER BY [MigrationId];" }
{ "timestamp": "2024-08-01 23:55:15.2378", "level": "Info", "message": "Executed DbCommand (39ms) [Parameters=[], CommandType='Text', CommandTimeout='30']\nSELECT 1" }
{ "timestamp": "2024-08-01 23:55:15.5371", "level": "Info", "message": "Executed DbCommand (51ms) [Parameters=[], CommandType='Text', CommandTimeout='30']\nSELECT CASE\n    WHEN EXISTS (\n        SELECT 1\n        FROM [BlogModel] AS [b]\n        WHERE [b].[Author] = N'Clark') THEN CAST(1 AS bit)\n    ELSE CAST(0 AS bit)\nEND" }
{ "timestamp": "2024-08-01 23:55:16.6775", "level": "Info", "message": "Request starting HTTP/1.1 GET http://localhost:7001/swagger/index.html - -" }
{ "timestamp": "2024-08-01 23:55:16.7815", "level": "Warn", "message": "Failed to determine the https port for redirect." }
{ "timestamp": "2024-08-01 23:55:16.9898", "level": "Info", "message": "Request finished HTTP/1.1 GET http://localhost:7001/swagger/index.html - - - 200 - text/html;charset=utf-8 319.3658ms" }
{ "timestamp": "2024-08-01 23:55:17.3490", "level": "Info", "message": "Request starting HTTP/1.1 GET http://localhost:7001/swagger/v1/swagger.json - -" }
{ "timestamp": "2024-08-01 23:55:17.4695", "level": "Info", "message": "Request finished HTTP/1.1 GET http://localhost:7001/swagger/v1/swagger.json - - - 200 - application/json;charset=utf-8 120.4990ms" }
{ "timestamp": "2024-08-01 23:55:22.0519", "level": "Info", "message": "Request starting HTTP/1.1 GET http://localhost:7001/api/Blog/test - -" }
{ "timestamp": "2024-08-01 23:55:22.0648", "level": "Info", "message": "Executing endpoint 'Blog.Controllers.BlogController.Testing (Blog)'" }
{ "timestamp": "2024-08-01 23:55:22.0913", "level": "Info", "message": "Route matched with {action = \"Testing\", controller = \"Blog\"}. Executing controller action with signature System.Threading.Tasks.Task`1[Microsoft.AspNetCore.Mvc.IActionResult] Testing() on controller Blog.Controllers.BlogController (Blog)." }
{ "timestamp": "2024-08-01 23:55:22.2580", "level": "Info", "message": "Executed DbCommand (94ms) [Parameters=[], CommandType='Text', CommandTimeout='30']\nSELECT COUNT(*)\nFROM [BlogModel] AS [b]\nWHERE [b].[Author] = N'Clark'" }
{ "timestamp": "2024-08-01 23:55:22.3504", "level": "Info", "message": "Executed DbCommand (45ms) [Parameters=[@__p_0='?' (DbType = Int32), @__p_1='?' (DbType = Int32)], CommandType='Text', CommandTimeout='30']\nSELECT [b].[Id], [b].[Author], [b].[Description], [b].[Name]\nFROM [BlogModel] AS [b]\nWHERE [b].[Author] = N'Clark'\nORDER BY [b].[Description] DESC\nOFFSET @__p_0 ROWS FETCH NEXT @__p_1 ROWS ONLY" }
{ "timestamp": "2024-08-01 23:55:22.4062", "level": "Info", "message": "Executing OkObjectResult, writing value of type 'Blog.Domain.Extensions.PaginationHelper`1[[Blog.Domain.DomainModels.Response.BlogViewResponse, Blog.Domain, Version=1.0.0.0, Culture=neutral, PublicKeyToken=null]]'." }
{ "timestamp": "2024-08-01 23:55:22.4215", "level": "Info", "message": "Executed action Blog.Controllers.BlogController.Testing (Blog) in 326.319ms" }
{ "timestamp": "2024-08-01 23:55:22.4226", "level": "Info", "message": "Executed endpoint 'Blog.Controllers.BlogController.Testing (Blog)'" }
{ "timestamp": "2024-08-01 23:55:22.4279", "level": "Info", "message": "Request finished HTTP/1.1 GET http://localhost:7001/api/Blog/test - - - 200 - application/json;+charset=utf-8 380.5375ms" }
{ "timestamp": "2024-08-01 23:58:53.9089", "level": "Info", "message": "Application is shutting down..." }
{ "timestamp": "2024-08-01 23:59:02.0242", "level": "Info", "message": "Now listening on: http://localhost:7001" }
{ "timestamp": "2024-08-01 23:59:02.0688", "level": "Info", "message": "Application started. Press Ctrl+C to shut down." }
{ "timestamp": "2024-08-01 23:59:02.0701", "level": "Info", "message": "Hosting environment: Development" }
{ "timestamp": "2024-08-01 23:59:02.0701", "level": "Info", "message": "Content root path: /Users/jeremiahekanem/Documents/C#Projects/CleanArchitectureMicroservice/BlogService/Blog" }
{ "timestamp": "2024-08-01 23:59:02.5257", "level": "Info", "message": "Executed DbCommand (56ms) [Parameters=[], CommandType='Text', CommandTimeout='30']\nSELECT 1" }
{ "timestamp": "2024-08-01 23:59:02.5963", "level": "Info", "message": "Executed DbCommand (50ms) [Parameters=[], CommandType='Text', CommandTimeout='30']\nSELECT OBJECT_ID(N'[__EFMigrationsHistory]');" }
{ "timestamp": "2024-08-01 23:59:02.7025", "level": "Info", "message": "Executed DbCommand (72ms) [Parameters=[], CommandType='Text', CommandTimeout='30']\nSELECT [MigrationId], [ProductVersion]\nFROM [__EFMigrationsHistory]\nORDER BY [MigrationId];" }
{ "timestamp": "2024-08-01 23:59:02.7253", "level": "Info", "message": "Executed DbCommand (8ms) [Parameters=[], CommandType='Text', CommandTimeout='30']\nSELECT 1" }
{ "timestamp": "2024-08-01 23:59:02.7452", "level": "Info", "message": "Executed DbCommand (19ms) [Parameters=[], CommandType='Text', CommandTimeout='30']\nSELECT OBJECT_ID(N'[__EFMigrationsHistory]');" }
{ "timestamp": "2024-08-01 23:59:02.7518", "level": "Info", "message": "Executed DbCommand (6ms) [Parameters=[], CommandType='Text', CommandTimeout='30']\nSELECT [MigrationId], [ProductVersion]\nFROM [__EFMigrationsHistory]\nORDER BY [MigrationId];" }
{ "timestamp": "2024-08-01 23:59:02.7794", "level": "Info", "message": "Executed DbCommand (7ms) [Parameters=[], CommandType='Text', CommandTimeout='30']\nSELECT 1" }
{ "timestamp": "2024-08-01 23:59:03.1480", "level": "Info", "message": "Executed DbCommand (39ms) [Parameters=[], CommandType='Text', CommandTimeout='30']\nSELECT CASE\n    WHEN EXISTS (\n        SELECT 1\n        FROM [BlogModel] AS [b]\n        WHERE [b].[Author] = N'Clark') THEN CAST(1 AS bit)\n    ELSE CAST(0 AS bit)\nEND" }
{ "timestamp": "2024-08-01 23:59:03.2953", "level": "Info", "message": "Request starting HTTP/1.1 GET http://localhost:7001/swagger/index.html - -" }
{ "timestamp": "2024-08-01 23:59:03.3530", "level": "Warn", "message": "Failed to determine the https port for redirect." }
{ "timestamp": "2024-08-01 23:59:03.4635", "level": "Info", "message": "Request finished HTTP/1.1 GET http://localhost:7001/swagger/index.html - - - 200 - text/html;charset=utf-8 169.5424ms" }
{ "timestamp": "2024-08-01 23:59:03.7366", "level": "Info", "message": "Request starting HTTP/1.1 GET http://localhost:7001/swagger/v1/swagger.json - -" }
{ "timestamp": "2024-08-01 23:59:03.8224", "level": "Info", "message": "Request finished HTTP/1.1 GET http://localhost:7001/swagger/v1/swagger.json - - - 200 - application/json;charset=utf-8 85.8032ms" }
{ "timestamp": "2024-08-01 23:59:09.0976", "level": "Info", "message": "Request starting HTTP/1.1 GET http://localhost:7001/api/Blog/test - -" }
{ "timestamp": "2024-08-01 23:59:09.1169", "level": "Info", "message": "Executing endpoint 'Blog.Controllers.BlogController.Testing (Blog)'" }
{ "timestamp": "2024-08-01 23:59:09.1471", "level": "Info", "message": "Route matched with {action = \"Testing\", controller = \"Blog\"}. Executing controller action with signature System.Threading.Tasks.Task`1[Microsoft.AspNetCore.Mvc.IActionResult] Testing() on controller Blog.Controllers.BlogController (Blog)." }
{ "timestamp": "2024-08-01 23:59:09.3367", "level": "Info", "message": "Executed DbCommand (78ms) [Parameters=[], CommandType='Text', CommandTimeout='30']\nSELECT COUNT(*)\nFROM [BlogModel] AS [b]\nWHERE [b].[Author] = N'Clark'" }
{ "timestamp": "2024-08-01 23:59:09.5590", "level": "Info", "message": "Executed DbCommand (164ms) [Parameters=[@__p_0='?' (DbType = Int32), @__p_1='?' (DbType = Int32)], CommandType='Text', CommandTimeout='30']\nSELECT [b].[Id], [b].[Author], [b].[Description], [b].[Name]\nFROM [BlogModel] AS [b]\nWHERE [b].[Author] = N'Clark'\nORDER BY [b].[Description] DESC\nOFFSET @__p_0 ROWS FETCH NEXT @__p_1 ROWS ONLY" }
{ "timestamp": "2024-08-01 23:59:09.6196", "level": "Info", "message": "Executing OkObjectResult, writing value of type 'Blog.Domain.Extensions.PaginationHelper`1[[Blog.Domain.DomainModels.Response.BlogViewResponse, Blog.Domain, Version=1.0.0.0, Culture=neutral, PublicKeyToken=null]]'." }
{ "timestamp": "2024-08-01 23:59:09.6711", "level": "Info", "message": "Executed action Blog.Controllers.BlogController.Testing (Blog) in 520.0306ms" }
{ "timestamp": "2024-08-01 23:59:09.6722", "level": "Info", "message": "Executed endpoint 'Blog.Controllers.BlogController.Testing (Blog)'" }
{ "timestamp": "2024-08-01 23:59:09.6777", "level": "Info", "message": "Request finished HTTP/1.1 GET http://localhost:7001/api/Blog/test - - - 200 - application/json;+charset=utf-8 580.2875ms" }
{ "timestamp": "2024-08-01 23:59:36.5451", "level": "Info", "message": "Application is shutting down..." }
{ "timestamp": "2024-08-01 23:59:48.5710", "level": "Info", "message": "Now listening on: http://localhost:7001" }
{ "timestamp": "2024-08-01 23:59:48.6226", "level": "Info", "message": "Application started. Press Ctrl+C to shut down." }
{ "timestamp": "2024-08-01 23:59:48.6238", "level": "Info", "message": "Hosting environment: Development" }
{ "timestamp": "2024-08-01 23:59:48.6238", "level": "Info", "message": "Content root path: /Users/jeremiahekanem/Documents/C#Projects/CleanArchitectureMicroservice/BlogService/Blog" }
{ "timestamp": "2024-08-01 23:59:48.9761", "level": "Info", "message": "Executed DbCommand (51ms) [Parameters=[], CommandType='Text', CommandTimeout='30']\nSELECT 1" }
{ "timestamp": "2024-08-01 23:59:49.2284", "level": "Info", "message": "Executed DbCommand (102ms) [Parameters=[], CommandType='Text', CommandTimeout='30']\nSELECT OBJECT_ID(N'[__EFMigrationsHistory]');" }
{ "timestamp": "2024-08-01 23:59:49.5259", "level": "Info", "message": "Request starting HTTP/1.1 GET http://localhost:7001/swagger/index.html - -" }
{ "timestamp": "2024-08-01 23:59:49.6081", "level": "Warn", "message": "Failed to determine the https port for redirect." }
{ "timestamp": "2024-08-01 23:59:49.6932", "level": "Info", "message": "Executed DbCommand (346ms) [Parameters=[], CommandType='Text', CommandTimeout='30']\nSELECT [MigrationId], [ProductVersion]\nFROM [__EFMigrationsHistory]\nORDER BY [MigrationId];" }
{ "timestamp": "2024-08-01 23:59:49.7357", "level": "Info", "message": "Executed DbCommand (14ms) [Parameters=[], CommandType='Text', CommandTimeout='30']\nSELECT 1" }
{ "timestamp": "2024-08-01 23:59:49.7613", "level": "Info", "message": "Executed DbCommand (25ms) [Parameters=[], CommandType='Text', CommandTimeout='30']\nSELECT OBJECT_ID(N'[__EFMigrationsHistory]');" }
{ "timestamp": "2024-08-01 23:59:49.7721", "level": "Info", "message": "Executed DbCommand (10ms) [Parameters=[], CommandType='Text', CommandTimeout='30']\nSELECT [MigrationId], [ProductVersion]\nFROM [__EFMigrationsHistory]\nORDER BY [MigrationId];" }
{ "timestamp": "2024-08-01 23:59:49.8002", "level": "Info", "message": "Executed DbCommand (9ms) [Parameters=[], CommandType='Text', CommandTimeout='30']\nSELECT 1" }
{ "timestamp": "2024-08-01 23:59:49.8349", "level": "Info", "message": "Request finished HTTP/1.1 GET http://localhost:7001/swagger/index.html - - - 200 - text/html;charset=utf-8 315.9335ms" }
{ "timestamp": "2024-08-01 23:59:50.0742", "level": "Info", "message": "Request starting HTTP/1.1 GET http://localhost:7001/swagger/v1/swagger.json - -" }
{ "timestamp": "2024-08-01 23:59:50.2358", "level": "Info", "message": "Request finished HTTP/1.1 GET http://localhost:7001/swagger/v1/swagger.json - - - 200 - application/json;charset=utf-8 161.5262ms" }
{ "timestamp": "2024-08-01 23:59:50.4049", "level": "Info", "message": "Executed DbCommand (83ms) [Parameters=[], CommandType='Text', CommandTimeout='30']\nSELECT CASE\n    WHEN EXISTS (\n        SELECT 1\n        FROM [BlogModel] AS [b]\n        WHERE [b].[Author] = N'Clark') THEN CAST(1 AS bit)\n    ELSE CAST(0 AS bit)\nEND" }
{ "timestamp": "2024-08-01 23:59:54.3933", "level": "Info", "message": "Request starting HTTP/1.1 GET http://localhost:7001/api/Blog/test - -" }
{ "timestamp": "2024-08-01 23:59:54.4018", "level": "Info", "message": "Executing endpoint 'Blog.Controllers.BlogController.Testing (Blog)'" }
{ "timestamp": "2024-08-01 23:59:54.4313", "level": "Info", "message": "Route matched with {action = \"Testing\", controller = \"Blog\"}. Executing controller action with signature System.Threading.Tasks.Task`1[Microsoft.AspNetCore.Mvc.IActionResult] Testing() on controller Blog.Controllers.BlogController (Blog)." }
{ "timestamp": "2024-08-01 23:59:54.5879", "level": "Info", "message": "Executed DbCommand (56ms) [Parameters=[], CommandType='Text', CommandTimeout='30']\nSELECT COUNT(*)\nFROM [BlogModel] AS [b]\nWHERE [b].[Author] = N'Clark'" }
{ "timestamp": "2024-08-01 23:59:54.6686", "level": "Info", "message": "Executed DbCommand (31ms) [Parameters=[@__p_0='?' (DbType = Int32), @__p_1='?' (DbType = Int32)], CommandType='Text', CommandTimeout='30']\nSELECT [b].[Id], [b].[Author], [b].[Description], [b].[Name]\nFROM [BlogModel] AS [b]\nWHERE [b].[Author] = N'Clark'\nORDER BY [b].[Description] DESC\nOFFSET @__p_0 ROWS FETCH NEXT @__p_1 ROWS ONLY" }
{ "timestamp": "2024-08-01 23:59:54.7256", "level": "Info", "message": "Executing OkObjectResult, writing value of type 'Blog.Domain.Extensions.PaginationHelper`1[[Blog.Domain.DomainModels.Response.BlogViewResponse, Blog.Domain, Version=1.0.0.0, Culture=neutral, PublicKeyToken=null]]'." }
{ "timestamp": "2024-08-01 23:59:54.7444", "level": "Info", "message": "Executed action Blog.Controllers.BlogController.Testing (Blog) in 308.8593ms" }
{ "timestamp": "2024-08-01 23:59:54.7455", "level": "Info", "message": "Executed endpoint 'Blog.Controllers.BlogController.Testing (Blog)'" }
{ "timestamp": "2024-08-01 23:59:54.7514", "level": "Info", "message": "Request finished HTTP/1.1 GET http://localhost:7001/api/Blog/test - - - 200 - application/json;+charset=utf-8 358.9014ms" }
