{ "timestamp": "2024-08-05 01:08:42.8502", "level": "Info", "message": "Now listening on: http://localhost:7001" }
{ "timestamp": "2024-08-05 01:08:42.8755", "level": "Info", "message": "Application started. Press Ctrl+C to shut down." }
{ "timestamp": "2024-08-05 01:08:42.8764", "level": "Info", "message": "Hosting environment: Development" }
{ "timestamp": "2024-08-05 01:08:42.8764", "level": "Info", "message": "Content root path: /Users/jeremiahekanem/Documents/C#Projects/CleanArchitectureMicroservice/BlogService/Blog" }
{ "timestamp": "2024-08-05 01:08:44.3926", "level": "Info", "message": "Executed DbCommand (227ms) [Parameters=[], CommandType='Text', CommandTimeout='30']\nSELECT 1" }
{ "timestamp": "2024-08-05 01:08:44.4862", "level": "Info", "message": "Executed DbCommand (73ms) [Parameters=[], CommandType='Text', CommandTimeout='30']\nSELECT OBJECT_ID(N'[__EFMigrationsHistory]');" }
{ "timestamp": "2024-08-05 01:08:44.5390", "level": "Info", "message": "Executed DbCommand (25ms) [Parameters=[], CommandType='Text', CommandTimeout='30']\nSELECT [MigrationId], [ProductVersion]\nFROM [__EFMigrationsHistory]\nORDER BY [MigrationId];" }
{ "timestamp": "2024-08-05 01:08:44.6345", "level": "Info", "message": "Executed DbCommand (84ms) [Parameters=[], CommandType='Text', CommandTimeout='30']\nSELECT 1" }
{ "timestamp": "2024-08-05 01:08:44.6394", "level": "Info", "message": "Executed DbCommand (4ms) [Parameters=[], CommandType='Text', CommandTimeout='30']\nSELECT OBJECT_ID(N'[__EFMigrationsHistory]');" }
{ "timestamp": "2024-08-05 01:08:44.6442", "level": "Info", "message": "Executed DbCommand (4ms) [Parameters=[], CommandType='Text', CommandTimeout='30']\nSELECT [MigrationId], [ProductVersion]\nFROM [__EFMigrationsHistory]\nORDER BY [MigrationId];" }
{ "timestamp": "2024-08-05 01:08:44.6651", "level": "Info", "message": "Executed DbCommand (7ms) [Parameters=[], CommandType='Text', CommandTimeout='30']\nSELECT 1" }
{ "timestamp": "2024-08-05 01:08:44.9814", "level": "Info", "message": "Executed DbCommand (49ms) [Parameters=[], CommandType='Text', CommandTimeout='30']\nSELECT CASE\n    WHEN EXISTS (\n        SELECT 1\n        FROM [BlogModel] AS [b]\n        WHERE [b].[Author] = N'Clark') THEN CAST(1 AS bit)\n    ELSE CAST(0 AS bit)\nEND" }
{ "timestamp": "2024-08-05 01:08:45.4047", "level": "Info", "message": "Request starting HTTP/1.1 GET http://localhost:7001/swagger/index.html - -" }
{ "timestamp": "2024-08-05 01:08:45.4315", "level": "Warn", "message": "Failed to determine the https port for redirect." }
{ "timestamp": "2024-08-05 01:08:45.5566", "level": "Info", "message": "Request finished HTTP/1.1 GET http://localhost:7001/swagger/index.html - - - 200 - text/html;charset=utf-8 152.9322ms" }
{ "timestamp": "2024-08-05 01:08:46.0019", "level": "Info", "message": "Request starting HTTP/1.1 GET http://localhost:7001/swagger/swagger-ui.css - -" }
{ "timestamp": "2024-08-05 01:08:46.0120", "level": "Info", "message": "Request starting HTTP/1.1 GET http://localhost:7001/swagger/swagger-ui-bundle.js - -" }
{ "timestamp": "2024-08-05 01:08:46.0162", "level": "Info", "message": "Request starting HTTP/1.1 GET http://localhost:7001/swagger/swagger-ui-standalone-preset.js - -" }
{ "timestamp": "2024-08-05 01:08:46.0460", "level": "Info", "message": "Sending file. Request path: '/swagger-ui-standalone-preset.js'. Physical path: 'N/A'" }
{ "timestamp": "2024-08-05 01:08:46.0460", "level": "Info", "message": "Sending file. Request path: '/swagger-ui.css'. Physical path: 'N/A'" }
{ "timestamp": "2024-08-05 01:08:46.0543", "level": "Info", "message": "Request finished HTTP/1.1 GET http://localhost:7001/swagger/swagger-ui-standalone-preset.js - - - 200 339486 text/javascript 38.0208ms" }
{ "timestamp": "2024-08-05 01:08:46.0543", "level": "Info", "message": "Request finished HTTP/1.1 GET http://localhost:7001/swagger/swagger-ui.css - - - 200 143943 text/css 52.3454ms" }
{ "timestamp": "2024-08-05 01:08:46.0723", "level": "Info", "message": "Sending file. Request path: '/swagger-ui-bundle.js'. Physical path: 'N/A'" }
{ "timestamp": "2024-08-05 01:08:46.0723", "level": "Info", "message": "Request finished HTTP/1.1 GET http://localhost:7001/swagger/swagger-ui-bundle.js - - - 200 1096145 text/javascript 60.7062ms" }
{ "timestamp": "2024-08-05 01:08:46.4494", "level": "Info", "message": "Request starting HTTP/1.1 GET http://localhost:7001/swagger/v1/swagger.json - -" }
{ "timestamp": "2024-08-05 01:08:46.5321", "level": "Info", "message": "Request finished HTTP/1.1 GET http://localhost:7001/swagger/v1/swagger.json - - - 200 - application/json;charset=utf-8 82.6850ms" }
{ "timestamp": "2024-08-05 01:10:14.8795", "level": "Info", "message": "Application is shutting down..." }
{ "timestamp": "2024-08-05 01:10:24.7825", "level": "Info", "message": "Now listening on: http://localhost:7001" }
{ "timestamp": "2024-08-05 01:10:24.8317", "level": "Info", "message": "Application started. Press Ctrl+C to shut down." }
{ "timestamp": "2024-08-05 01:10:24.8345", "level": "Info", "message": "Hosting environment: Development" }
{ "timestamp": "2024-08-05 01:10:24.8347", "level": "Info", "message": "Content root path: /Users/jeremiahekanem/Documents/C#Projects/CleanArchitectureMicroservice/BlogService/Blog" }
{ "timestamp": "2024-08-05 01:10:25.2700", "level": "Info", "message": "Executed DbCommand (56ms) [Parameters=[], CommandType='Text', CommandTimeout='30']\nSELECT 1" }
{ "timestamp": "2024-08-05 01:10:25.3413", "level": "Info", "message": "Executed DbCommand (51ms) [Parameters=[], CommandType='Text', CommandTimeout='30']\nSELECT OBJECT_ID(N'[__EFMigrationsHistory]');" }
{ "timestamp": "2024-08-05 01:10:25.3803", "level": "Info", "message": "Executed DbCommand (13ms) [Parameters=[], CommandType='Text', CommandTimeout='30']\nSELECT [MigrationId], [ProductVersion]\nFROM [__EFMigrationsHistory]\nORDER BY [MigrationId];" }
{ "timestamp": "2024-08-05 01:10:25.4005", "level": "Info", "message": "Executed DbCommand (9ms) [Parameters=[], CommandType='Text', CommandTimeout='30']\nSELECT 1" }
{ "timestamp": "2024-08-05 01:10:25.4068", "level": "Info", "message": "Executed DbCommand (6ms) [Parameters=[], CommandType='Text', CommandTimeout='30']\nSELECT OBJECT_ID(N'[__EFMigrationsHistory]');" }
{ "timestamp": "2024-08-05 01:10:25.4121", "level": "Info", "message": "Executed DbCommand (5ms) [Parameters=[], CommandType='Text', CommandTimeout='30']\nSELECT [MigrationId], [ProductVersion]\nFROM [__EFMigrationsHistory]\nORDER BY [MigrationId];" }
{ "timestamp": "2024-08-05 01:10:25.4292", "level": "Info", "message": "Executed DbCommand (8ms) [Parameters=[], CommandType='Text', CommandTimeout='30']\nSELECT 1" }
{ "timestamp": "2024-08-05 01:10:25.6967", "level": "Info", "message": "Executed DbCommand (9ms) [Parameters=[], CommandType='Text', CommandTimeout='30']\nSELECT CASE\n    WHEN EXISTS (\n        SELECT 1\n        FROM [BlogModel] AS [b]\n        WHERE [b].[Author] = N'Clark') THEN CAST(1 AS bit)\n    ELSE CAST(0 AS bit)\nEND" }
{ "timestamp": "2024-08-05 01:10:26.8512", "level": "Info", "message": "Request starting HTTP/1.1 GET http://localhost:7001/swagger/index.html - -" }
{ "timestamp": "2024-08-05 01:10:26.9045", "level": "Warn", "message": "Failed to determine the https port for redirect." }
{ "timestamp": "2024-08-05 01:10:27.0124", "level": "Info", "message": "Request finished HTTP/1.1 GET http://localhost:7001/swagger/index.html - - - 200 - text/html;charset=utf-8 162.9062ms" }
{ "timestamp": "2024-08-05 01:10:27.2656", "level": "Info", "message": "Request starting HTTP/1.1 GET http://localhost:7001/swagger/v1/swagger.json - -" }
{ "timestamp": "2024-08-05 01:10:27.3610", "level": "Info", "message": "Request finished HTTP/1.1 GET http://localhost:7001/swagger/v1/swagger.json - - - 200 - application/json;charset=utf-8 95.3887ms" }
{ "timestamp": "2024-08-05 01:10:46.6214", "level": "Info", "message": "Request starting HTTP/1.1 GET http://localhost:7001/api/Blog?y=009&u=899 - -" }
{ "timestamp": "2024-08-05 01:10:46.6384", "level": "Info", "message": "Executing endpoint 'Blog.Controllers.BlogController.GetAllBlogsAsync (Blog)'" }
{ "timestamp": "2024-08-05 01:10:46.6802", "level": "Info", "message": "Route matched with {action = \"GetAllBlogsAsync\", controller = \"Blog\"}. Executing controller action with signature System.Threading.Tasks.Task`1[Microsoft.AspNetCore.Mvc.IActionResult] GetAllBlogsAsync(Int32, Int32) on controller Blog.Controllers.BlogController (Blog)." }
{ "timestamp": "2024-08-05 01:10:47.2044", "level": "Info", "message": "Executed DbCommand (382ms) [Parameters=[@__model_Name_0='?' (Size = 4000)], CommandType='Text', CommandTimeout='30']\nSELECT COUNT(*)\nFROM [BlogModel] AS [b]\nWHERE (@__model_Name_0 LIKE N'') OR CHARINDEX(@__model_Name_0, [b].[Name]) > 0" }
{ "timestamp": "2024-08-05 01:10:47.2534", "level": "Info", "message": "Executed DbCommand (12ms) [Parameters=[], CommandType='Text', CommandTimeout='30']\nSELECT [b].[Id], [b].[Author], [b].[Description], [b].[Name]\nFROM [BlogModel] AS [b]\nWHERE 0 = 1" }
{ "timestamp": "2024-08-05 01:10:47.2696", "level": "Info", "message": "Executing OkObjectResult, writing value of type 'Blog.Domain.Extensions.PaginationHelper`1[[Blog.Domain.DomainModels.Response.BlogViewResponse, Blog.Domain, Version=1.0.0.0, Culture=neutral, PublicKeyToken=null]]'." }
{ "timestamp": "2024-08-05 01:10:47.2844", "level": "Info", "message": "Executed action Blog.Controllers.BlogController.GetAllBlogsAsync (Blog) in 600.1602ms" }
{ "timestamp": "2024-08-05 01:10:47.2855", "level": "Info", "message": "Executed endpoint 'Blog.Controllers.BlogController.GetAllBlogsAsync (Blog)'" }
{ "timestamp": "2024-08-05 01:10:47.2909", "level": "Info", "message": "Request finished HTTP/1.1 GET http://localhost:7001/api/Blog?y=009&u=899 - - - 200 - application/json;+charset=utf-8 670.2973ms" }
{ "timestamp": "2024-08-05 01:11:17.9961", "level": "Info", "message": "Application is shutting down..." }
{ "timestamp": "2024-08-05 01:11:24.1393", "level": "Info", "message": "Now listening on: http://localhost:7001" }
{ "timestamp": "2024-08-05 01:11:24.1739", "level": "Info", "message": "Application started. Press Ctrl+C to shut down." }
{ "timestamp": "2024-08-05 01:11:24.1750", "level": "Info", "message": "Hosting environment: Development" }
{ "timestamp": "2024-08-05 01:11:24.1750", "level": "Info", "message": "Content root path: /Users/jeremiahekanem/Documents/C#Projects/CleanArchitectureMicroservice/BlogService/Blog" }
{ "timestamp": "2024-08-05 01:11:24.4857", "level": "Info", "message": "Executed DbCommand (109ms) [Parameters=[], CommandType='Text', CommandTimeout='30']\nSELECT 1" }
{ "timestamp": "2024-08-05 01:11:24.6052", "level": "Info", "message": "Executed DbCommand (84ms) [Parameters=[], CommandType='Text', CommandTimeout='30']\nSELECT OBJECT_ID(N'[__EFMigrationsHistory]');" }
{ "timestamp": "2024-08-05 01:11:24.8597", "level": "Info", "message": "Executed DbCommand (73ms) [Parameters=[], CommandType='Text', CommandTimeout='30']\nSELECT [MigrationId], [ProductVersion]\nFROM [__EFMigrationsHistory]\nORDER BY [MigrationId];" }
{ "timestamp": "2024-08-05 01:11:24.9063", "level": "Info", "message": "Request starting HTTP/1.1 GET http://localhost:7001/swagger/index.html - -" }
{ "timestamp": "2024-08-05 01:11:24.9456", "level": "Info", "message": "Executed DbCommand (23ms) [Parameters=[], CommandType='Text', CommandTimeout='30']\nSELECT 1" }
{ "timestamp": "2024-08-05 01:11:25.0003", "level": "Info", "message": "Executed DbCommand (51ms) [Parameters=[], CommandType='Text', CommandTimeout='30']\nSELECT OBJECT_ID(N'[__EFMigrationsHistory]');" }
{ "timestamp": "2024-08-05 01:11:25.0117", "level": "Info", "message": "Executed DbCommand (11ms) [Parameters=[], CommandType='Text', CommandTimeout='30']\nSELECT [MigrationId], [ProductVersion]\nFROM [__EFMigrationsHistory]\nORDER BY [MigrationId];" }
{ "timestamp": "2024-08-05 01:11:25.0183", "level": "Warn", "message": "Failed to determine the https port for redirect." }
{ "timestamp": "2024-08-05 01:11:25.0411", "level": "Info", "message": "Executed DbCommand (11ms) [Parameters=[], CommandType='Text', CommandTimeout='30']\nSELECT 1" }
{ "timestamp": "2024-08-05 01:11:25.2550", "level": "Info", "message": "Request finished HTTP/1.1 GET http://localhost:7001/swagger/index.html - - - 200 - text/html;charset=utf-8 360.2288ms" }
{ "timestamp": "2024-08-05 01:11:25.4582", "level": "Info", "message": "Request starting HTTP/1.1 GET http://localhost:7001/swagger/v1/swagger.json - -" }
{ "timestamp": "2024-08-05 01:11:25.5370", "level": "Info", "message": "Executed DbCommand (14ms) [Parameters=[], CommandType='Text', CommandTimeout='30']\nSELECT CASE\n    WHEN EXISTS (\n        SELECT 1\n        FROM [BlogModel] AS [b]\n        WHERE [b].[Author] = N'Clark') THEN CAST(1 AS bit)\n    ELSE CAST(0 AS bit)\nEND" }
{ "timestamp": "2024-08-05 01:11:25.5699", "level": "Info", "message": "Request finished HTTP/1.1 GET http://localhost:7001/swagger/v1/swagger.json - - - 200 - application/json;charset=utf-8 111.7342ms" }
{ "timestamp": "2024-08-05 01:12:36.8537", "level": "Info", "message": "Application is shutting down..." }
{ "timestamp": "2024-08-05 01:13:21.8718", "level": "Info", "message": "Now listening on: http://localhost:7001" }
{ "timestamp": "2024-08-05 01:13:21.9061", "level": "Info", "message": "Application started. Press Ctrl+C to shut down." }
{ "timestamp": "2024-08-05 01:13:21.9074", "level": "Info", "message": "Hosting environment: Development" }
{ "timestamp": "2024-08-05 01:13:21.9074", "level": "Info", "message": "Content root path: /Users/jeremiahekanem/Documents/C#Projects/CleanArchitectureMicroservice/BlogService/Blog" }
{ "timestamp": "2024-08-05 01:13:22.5468", "level": "Info", "message": "Executed DbCommand (120ms) [Parameters=[], CommandType='Text', CommandTimeout='30']\nSELECT 1" }
{ "timestamp": "2024-08-05 01:13:22.6505", "level": "Info", "message": "Executed DbCommand (63ms) [Parameters=[], CommandType='Text', CommandTimeout='30']\nSELECT OBJECT_ID(N'[__EFMigrationsHistory]');" }
{ "timestamp": "2024-08-05 01:13:22.7209", "level": "Info", "message": "Executed DbCommand (35ms) [Parameters=[], CommandType='Text', CommandTimeout='30']\nSELECT [MigrationId], [ProductVersion]\nFROM [__EFMigrationsHistory]\nORDER BY [MigrationId];" }
{ "timestamp": "2024-08-05 01:13:22.7372", "level": "Info", "message": "Executed DbCommand (4ms) [Parameters=[], CommandType='Text', CommandTimeout='30']\nSELECT 1" }
{ "timestamp": "2024-08-05 01:13:22.7822", "level": "Info", "message": "Executed DbCommand (45ms) [Parameters=[], CommandType='Text', CommandTimeout='30']\nSELECT OBJECT_ID(N'[__EFMigrationsHistory]');" }
{ "timestamp": "2024-08-05 01:13:22.7873", "level": "Info", "message": "Executed DbCommand (5ms) [Parameters=[], CommandType='Text', CommandTimeout='30']\nSELECT [MigrationId], [ProductVersion]\nFROM [__EFMigrationsHistory]\nORDER BY [MigrationId];" }
{ "timestamp": "2024-08-05 01:13:22.7970", "level": "Info", "message": "Executed DbCommand (3ms) [Parameters=[], CommandType='Text', CommandTimeout='30']\nSELECT 1" }
{ "timestamp": "2024-08-05 01:13:23.0710", "level": "Info", "message": "Executed DbCommand (24ms) [Parameters=[], CommandType='Text', CommandTimeout='30']\nSELECT CASE\n    WHEN EXISTS (\n        SELECT 1\n        FROM [BlogModel] AS [b]\n        WHERE [b].[Author] = N'Clark') THEN CAST(1 AS bit)\n    ELSE CAST(0 AS bit)\nEND" }
{ "timestamp": "2024-08-05 01:13:23.9470", "level": "Info", "message": "Request starting HTTP/1.1 GET http://localhost:7001/swagger/index.html - -" }
{ "timestamp": "2024-08-05 01:13:23.9846", "level": "Warn", "message": "Failed to determine the https port for redirect." }
{ "timestamp": "2024-08-05 01:13:24.0999", "level": "Info", "message": "Request finished HTTP/1.1 GET http://localhost:7001/swagger/index.html - - - 200 - text/html;charset=utf-8 156.0350ms" }
{ "timestamp": "2024-08-05 01:13:24.4257", "level": "Info", "message": "Request starting HTTP/1.1 GET http://localhost:7001/swagger/v1/swagger.json - -" }
{ "timestamp": "2024-08-05 01:13:24.5352", "level": "Info", "message": "Request finished HTTP/1.1 GET http://localhost:7001/swagger/v1/swagger.json - - - 200 - application/json;charset=utf-8 109.5592ms" }
{ "timestamp": "2024-08-05 01:13:54.8504", "level": "Info", "message": "Request starting HTTP/1.1 GET http://localhost:7001/api/Blog?page=1&pageSize=10 - -" }
{ "timestamp": "2024-08-05 01:13:54.8650", "level": "Info", "message": "Executing endpoint 'Blog.Controllers.BlogController.GetAllBlogsAsync (Blog)'" }
{ "timestamp": "2024-08-05 01:13:54.9076", "level": "Info", "message": "Route matched with {action = \"GetAllBlogsAsync\", controller = \"Blog\"}. Executing controller action with signature System.Threading.Tasks.Task`1[Microsoft.AspNetCore.Mvc.IActionResult] GetAllBlogsAsync(Int32, Int32) on controller Blog.Controllers.BlogController (Blog)." }
{ "timestamp": "2024-08-05 01:13:55.1256", "level": "Info", "message": "Executed DbCommand (73ms) [Parameters=[@__model_Name_0='?' (Size = 4000)], CommandType='Text', CommandTimeout='30']\nSELECT COUNT(*)\nFROM [BlogModel] AS [b]\nWHERE (@__model_Name_0 LIKE N'') OR CHARINDEX(@__model_Name_0, [b].[Name]) > 0" }
{ "timestamp": "2024-08-05 01:13:55.3367", "level": "Info", "message": "Executed DbCommand (176ms) [Parameters=[@__model_Name_0='?' (Size = 4000), @__p_1='?' (DbType = Int32), @__p_2='?' (DbType = Int32)], CommandType='Text', CommandTimeout='30']\nSELECT [b].[Id], [b].[Author], [b].[Description], [b].[Name]\nFROM [BlogModel] AS [b]\nWHERE (@__model_Name_0 LIKE N'') OR CHARINDEX(@__model_Name_0, [b].[Name]) > 0\nORDER BY [b].[Description] DESC\nOFFSET @__p_1 ROWS FETCH NEXT @__p_2 ROWS ONLY" }
{ "timestamp": "2024-08-05 01:13:55.3922", "level": "Info", "message": "Executing OkObjectResult, writing value of type 'Blog.Domain.Extensions.PaginationHelper`1[[Blog.Domain.DomainModels.Response.BlogViewResponse, Blog.Domain, Version=1.0.0.0, Culture=neutral, PublicKeyToken=null]]'." }
{ "timestamp": "2024-08-05 01:13:55.4100", "level": "Info", "message": "Executed action Blog.Controllers.BlogController.GetAllBlogsAsync (Blog) in 498.5314ms" }
{ "timestamp": "2024-08-05 01:13:55.4110", "level": "Info", "message": "Executed endpoint 'Blog.Controllers.BlogController.GetAllBlogsAsync (Blog)'" }
{ "timestamp": "2024-08-05 01:13:55.4160", "level": "Info", "message": "Request finished HTTP/1.1 GET http://localhost:7001/api/Blog?page=1&pageSize=10 - - - 200 - application/json;+charset=utf-8 565.8785ms" }
{ "timestamp": "2024-08-05 01:18:45.3750", "level": "Info", "message": "Application is shutting down..." }
{ "timestamp": "2024-08-05 01:19:01.1564", "level": "Info", "message": "Now listening on: http://localhost:7001" }
{ "timestamp": "2024-08-05 01:19:01.1895", "level": "Info", "message": "Application started. Press Ctrl+C to shut down." }
{ "timestamp": "2024-08-05 01:19:01.1907", "level": "Info", "message": "Hosting environment: Development" }
{ "timestamp": "2024-08-05 01:19:01.1907", "level": "Info", "message": "Content root path: /Users/jeremiahekanem/Documents/C#Projects/CleanArchitectureMicroservice/BlogService/Blog" }
{ "timestamp": "2024-08-05 01:19:01.7638", "level": "Info", "message": "Executed DbCommand (109ms) [Parameters=[], CommandType='Text', CommandTimeout='30']\nSELECT 1" }
{ "timestamp": "2024-08-05 01:19:01.8408", "level": "Info", "message": "Executed DbCommand (53ms) [Parameters=[], CommandType='Text', CommandTimeout='30']\nSELECT OBJECT_ID(N'[__EFMigrationsHistory]');" }
{ "timestamp": "2024-08-05 01:19:01.8988", "level": "Info", "message": "Executed DbCommand (27ms) [Parameters=[], CommandType='Text', CommandTimeout='30']\nSELECT [MigrationId], [ProductVersion]\nFROM [__EFMigrationsHistory]\nORDER BY [MigrationId];" }
{ "timestamp": "2024-08-05 01:19:02.1103", "level": "Info", "message": "Executed DbCommand (5ms) [Parameters=[], CommandType='Text', CommandTimeout='30']\nSELECT 1" }
{ "timestamp": "2024-08-05 01:19:02.1169", "level": "Info", "message": "Executed DbCommand (6ms) [Parameters=[], CommandType='Text', CommandTimeout='30']\nSELECT OBJECT_ID(N'[__EFMigrationsHistory]');" }
{ "timestamp": "2024-08-05 01:19:02.1227", "level": "Info", "message": "Executed DbCommand (5ms) [Parameters=[], CommandType='Text', CommandTimeout='30']\nSELECT [MigrationId], [ProductVersion]\nFROM [__EFMigrationsHistory]\nORDER BY [MigrationId];" }
{ "timestamp": "2024-08-05 01:19:02.1392", "level": "Info", "message": "Executed DbCommand (9ms) [Parameters=[], CommandType='Text', CommandTimeout='30']\nSELECT 1" }
{ "timestamp": "2024-08-05 01:19:02.4698", "level": "Info", "message": "Executed DbCommand (35ms) [Parameters=[], CommandType='Text', CommandTimeout='30']\nSELECT CASE\n    WHEN EXISTS (\n        SELECT 1\n        FROM [BlogModel] AS [b]\n        WHERE [b].[Author] = N'Clark') THEN CAST(1 AS bit)\n    ELSE CAST(0 AS bit)\nEND" }
{ "timestamp": "2024-08-05 01:19:03.0407", "level": "Info", "message": "Request starting HTTP/1.1 GET http://localhost:7001/swagger/index.html - -" }
{ "timestamp": "2024-08-05 01:19:03.0815", "level": "Warn", "message": "Failed to determine the https port for redirect." }
{ "timestamp": "2024-08-05 01:19:03.2070", "level": "Info", "message": "Request finished HTTP/1.1 GET http://localhost:7001/swagger/index.html - - - 200 - text/html;charset=utf-8 169.0689ms" }
{ "timestamp": "2024-08-05 01:19:03.5431", "level": "Info", "message": "Request starting HTTP/1.1 GET http://localhost:7001/swagger/v1/swagger.json - -" }
{ "timestamp": "2024-08-05 01:19:03.6365", "level": "Info", "message": "Request finished HTTP/1.1 GET http://localhost:7001/swagger/v1/swagger.json - - - 200 - application/json;charset=utf-8 93.3112ms" }
{ "timestamp": "2024-08-05 01:19:20.0792", "level": "Info", "message": "Request starting HTTP/1.1 GET http://localhost:7001/api/Blog?page=1&pageSize=10 - -" }
{ "timestamp": "2024-08-05 01:19:20.0984", "level": "Info", "message": "Executing endpoint 'Blog.Controllers.BlogController.GetAllBlogsAsync (Blog)'" }
{ "timestamp": "2024-08-05 01:19:20.1397", "level": "Info", "message": "Route matched with {action = \"GetAllBlogsAsync\", controller = \"Blog\"}. Executing controller action with signature System.Threading.Tasks.Task`1[Microsoft.AspNetCore.Mvc.IActionResult] GetAllBlogsAsync(Int32, Int32) on controller Blog.Controllers.BlogController (Blog)." }
{ "timestamp": "2024-08-05 01:19:20.3662", "level": "Info", "message": "Executed DbCommand (128ms) [Parameters=[], CommandType='Text', CommandTimeout='30']\nSELECT COUNT(*)\nFROM [BlogModel] AS [b]" }
{ "timestamp": "2024-08-05 01:19:20.4557", "level": "Info", "message": "Executed DbCommand (45ms) [Parameters=[@__p_0='?' (DbType = Int32), @__p_1='?' (DbType = Int32)], CommandType='Text', CommandTimeout='30']\nSELECT [b].[Id], [b].[Author], [b].[Description], [b].[Name]\nFROM [BlogModel] AS [b]\nORDER BY [b].[Description] DESC\nOFFSET @__p_0 ROWS FETCH NEXT @__p_1 ROWS ONLY" }
{ "timestamp": "2024-08-05 01:19:20.5105", "level": "Info", "message": "Executing OkObjectResult, writing value of type 'Blog.Domain.Extensions.PaginationHelper`1[[Blog.Domain.DomainModels.Response.BlogViewResponse, Blog.Domain, Version=1.0.0.0, Culture=neutral, PublicKeyToken=null]]'." }
{ "timestamp": "2024-08-05 01:19:20.5261", "level": "Info", "message": "Executed action Blog.Controllers.BlogController.GetAllBlogsAsync (Blog) in 382.6625ms" }
{ "timestamp": "2024-08-05 01:19:20.5271", "level": "Info", "message": "Executed endpoint 'Blog.Controllers.BlogController.GetAllBlogsAsync (Blog)'" }
{ "timestamp": "2024-08-05 01:19:20.5320", "level": "Info", "message": "Request finished HTTP/1.1 GET http://localhost:7001/api/Blog?page=1&pageSize=10 - - - 200 - application/json;+charset=utf-8 453.1051ms" }
{ "timestamp": "2024-08-05 01:20:44.8335", "level": "Info", "message": "Application is shutting down..." }
{ "timestamp": "2024-08-05 01:20:57.3578", "level": "Info", "message": "Now listening on: http://localhost:7001" }
{ "timestamp": "2024-08-05 01:20:57.4041", "level": "Info", "message": "Application started. Press Ctrl+C to shut down." }
{ "timestamp": "2024-08-05 01:20:57.4059", "level": "Info", "message": "Hosting environment: Development" }
{ "timestamp": "2024-08-05 01:20:57.4059", "level": "Info", "message": "Content root path: /Users/jeremiahekanem/Documents/C#Projects/CleanArchitectureMicroservice/BlogService/Blog" }
{ "timestamp": "2024-08-05 01:20:58.2906", "level": "Info", "message": "Executed DbCommand (90ms) [Parameters=[], CommandType='Text', CommandTimeout='30']\nSELECT 1" }
{ "timestamp": "2024-08-05 01:20:58.3731", "level": "Info", "message": "Executed DbCommand (60ms) [Parameters=[], CommandType='Text', CommandTimeout='30']\nSELECT OBJECT_ID(N'[__EFMigrationsHistory]');" }
{ "timestamp": "2024-08-05 01:20:58.9409", "level": "Info", "message": "Executed DbCommand (112ms) [Parameters=[], CommandType='Text', CommandTimeout='30']\nSELECT [MigrationId], [ProductVersion]\nFROM [__EFMigrationsHistory]\nORDER BY [MigrationId];" }
{ "timestamp": "2024-08-05 01:20:59.0587", "level": "Info", "message": "Executed DbCommand (55ms) [Parameters=[], CommandType='Text', CommandTimeout='30']\nSELECT 1" }
{ "timestamp": "2024-08-05 01:20:59.1500", "level": "Info", "message": "Executed DbCommand (66ms) [Parameters=[], CommandType='Text', CommandTimeout='30']\nSELECT OBJECT_ID(N'[__EFMigrationsHistory]');" }
{ "timestamp": "2024-08-05 01:20:59.1906", "level": "Info", "message": "Executed DbCommand (40ms) [Parameters=[], CommandType='Text', CommandTimeout='30']\nSELECT [MigrationId], [ProductVersion]\nFROM [__EFMigrationsHistory]\nORDER BY [MigrationId];" }
{ "timestamp": "2024-08-05 01:20:59.2302", "level": "Info", "message": "Executed DbCommand (13ms) [Parameters=[], CommandType='Text', CommandTimeout='30']\nSELECT 1" }
{ "timestamp": "2024-08-05 01:20:59.3394", "level": "Info", "message": "Request starting HTTP/1.1 GET http://localhost:7001/swagger/index.html - -" }
{ "timestamp": "2024-08-05 01:20:59.3964", "level": "Warn", "message": "Failed to determine the https port for redirect." }
{ "timestamp": "2024-08-05 01:20:59.5504", "level": "Info", "message": "Request finished HTTP/1.1 GET http://localhost:7001/swagger/index.html - - - 200 - text/html;charset=utf-8 215.8524ms" }
{ "timestamp": "2024-08-05 01:20:59.7655", "level": "Info", "message": "Executed DbCommand (65ms) [Parameters=[], CommandType='Text', CommandTimeout='30']\nSELECT CASE\n    WHEN EXISTS (\n        SELECT 1\n        FROM [BlogModel] AS [b]\n        WHERE [b].[Author] = N'Clark') THEN CAST(1 AS bit)\n    ELSE CAST(0 AS bit)\nEND" }
{ "timestamp": "2024-08-05 01:20:59.8480", "level": "Info", "message": "Request starting HTTP/1.1 GET http://localhost:7001/swagger/v1/swagger.json - -" }
{ "timestamp": "2024-08-05 01:20:59.9375", "level": "Info", "message": "Request finished HTTP/1.1 GET http://localhost:7001/swagger/v1/swagger.json - - - 200 - application/json;charset=utf-8 89.4644ms" }
{ "timestamp": "2024-08-05 01:21:09.9952", "level": "Info", "message": "Application is shutting down..." }
{ "timestamp": "2024-08-05 01:21:54.4392", "level": "Info", "message": "Now listening on: http://localhost:7001" }
{ "timestamp": "2024-08-05 01:21:54.4765", "level": "Info", "message": "Application started. Press Ctrl+C to shut down." }
{ "timestamp": "2024-08-05 01:21:54.4779", "level": "Info", "message": "Hosting environment: Development" }
{ "timestamp": "2024-08-05 01:21:54.4779", "level": "Info", "message": "Content root path: /Users/jeremiahekanem/Documents/C#Projects/CleanArchitectureMicroservice/BlogService/Blog" }
{ "timestamp": "2024-08-05 01:21:54.9472", "level": "Info", "message": "Executed DbCommand (56ms) [Parameters=[], CommandType='Text', CommandTimeout='30']\nSELECT 1" }
{ "timestamp": "2024-08-05 01:21:55.0057", "level": "Info", "message": "Executed DbCommand (39ms) [Parameters=[], CommandType='Text', CommandTimeout='30']\nSELECT OBJECT_ID(N'[__EFMigrationsHistory]');" }
{ "timestamp": "2024-08-05 01:21:55.0597", "level": "Info", "message": "Executed DbCommand (27ms) [Parameters=[], CommandType='Text', CommandTimeout='30']\nSELECT [MigrationId], [ProductVersion]\nFROM [__EFMigrationsHistory]\nORDER BY [MigrationId];" }
{ "timestamp": "2024-08-05 01:21:55.0778", "level": "Info", "message": "Executed DbCommand (4ms) [Parameters=[], CommandType='Text', CommandTimeout='30']\nSELECT 1" }
{ "timestamp": "2024-08-05 01:21:55.0825", "level": "Info", "message": "Executed DbCommand (4ms) [Parameters=[], CommandType='Text', CommandTimeout='30']\nSELECT OBJECT_ID(N'[__EFMigrationsHistory]');" }
{ "timestamp": "2024-08-05 01:21:55.0884", "level": "Info", "message": "Executed DbCommand (5ms) [Parameters=[], CommandType='Text', CommandTimeout='30']\nSELECT [MigrationId], [ProductVersion]\nFROM [__EFMigrationsHistory]\nORDER BY [MigrationId];" }
{ "timestamp": "2024-08-05 01:21:55.1046", "level": "Info", "message": "Executed DbCommand (6ms) [Parameters=[], CommandType='Text', CommandTimeout='30']\nSELECT 1" }
{ "timestamp": "2024-08-05 01:21:55.3874", "level": "Info", "message": "Executed DbCommand (13ms) [Parameters=[], CommandType='Text', CommandTimeout='30']\nSELECT CASE\n    WHEN EXISTS (\n        SELECT 1\n        FROM [BlogModel] AS [b]\n        WHERE [b].[Author] = N'Clark') THEN CAST(1 AS bit)\n    ELSE CAST(0 AS bit)\nEND" }
{ "timestamp": "2024-08-05 01:21:56.1812", "level": "Info", "message": "Request starting HTTP/1.1 GET http://localhost:7001/swagger/index.html - -" }
{ "timestamp": "2024-08-05 01:21:56.2738", "level": "Warn", "message": "Failed to determine the https port for redirect." }
{ "timestamp": "2024-08-05 01:21:56.5683", "level": "Info", "message": "Request finished HTTP/1.1 GET http://localhost:7001/swagger/index.html - - - 200 - text/html;charset=utf-8 391.7535ms" }
{ "timestamp": "2024-08-05 01:21:56.7315", "level": "Info", "message": "Request starting HTTP/1.1 GET http://localhost:7001/swagger/v1/swagger.json - -" }
{ "timestamp": "2024-08-05 01:21:56.8913", "level": "Info", "message": "Request finished HTTP/1.1 GET http://localhost:7001/swagger/v1/swagger.json - - - 200 - application/json;charset=utf-8 159.7982ms" }
{ "timestamp": "2024-08-05 01:22:13.7665", "level": "Info", "message": "Request starting HTTP/1.1 GET http://localhost:7001/api/Blog?page=1&pageSize=10&name=bruce - -" }
{ "timestamp": "2024-08-05 01:22:13.7811", "level": "Info", "message": "Executing endpoint 'Blog.Controllers.BlogController.GetAllBlogsAsync (Blog)'" }
{ "timestamp": "2024-08-05 01:22:13.8239", "level": "Info", "message": "Route matched with {action = \"GetAllBlogsAsync\", controller = \"Blog\"}. Executing controller action with signature System.Threading.Tasks.Task`1[Microsoft.AspNetCore.Mvc.IActionResult] GetAllBlogsAsync(Int32, Int32, System.String, System.String, System.String) on controller Blog.Controllers.BlogController (Blog)." }
{ "timestamp": "2024-08-05 01:22:13.8632", "level": "Info", "message": "Executing BadRequestObjectResult, writing value of type 'Microsoft.AspNetCore.Mvc.ValidationProblemDetails'." }
{ "timestamp": "2024-08-05 01:22:13.8708", "level": "Info", "message": "Executed action Blog.Controllers.BlogController.GetAllBlogsAsync (Blog) in 44.4442ms" }
{ "timestamp": "2024-08-05 01:22:13.8708", "level": "Info", "message": "Executed endpoint 'Blog.Controllers.BlogController.GetAllBlogsAsync (Blog)'" }
{ "timestamp": "2024-08-05 01:22:13.8711", "level": "Info", "message": "Request finished HTTP/1.1 GET http://localhost:7001/api/Blog?page=1&pageSize=10&name=bruce - - - 400 - application/problem+json;+charset=utf-8 105.5175ms" }
{ "timestamp": "2024-08-05 01:22:36.5850", "level": "Info", "message": "Application is shutting down..." }
{ "timestamp": "2024-08-05 01:22:42.6887", "level": "Info", "message": "Now listening on: http://localhost:7001" }
{ "timestamp": "2024-08-05 01:22:42.7280", "level": "Info", "message": "Application started. Press Ctrl+C to shut down." }
{ "timestamp": "2024-08-05 01:22:42.7297", "level": "Info", "message": "Hosting environment: Development" }
{ "timestamp": "2024-08-05 01:22:42.7297", "level": "Info", "message": "Content root path: /Users/jeremiahekanem/Documents/C#Projects/CleanArchitectureMicroservice/BlogService/Blog" }
{ "timestamp": "2024-08-05 01:22:42.8708", "level": "Info", "message": "Executed DbCommand (43ms) [Parameters=[], CommandType='Text', CommandTimeout='30']\nSELECT 1" }
{ "timestamp": "2024-08-05 01:22:42.9317", "level": "Info", "message": "Executed DbCommand (38ms) [Parameters=[], CommandType='Text', CommandTimeout='30']\nSELECT OBJECT_ID(N'[__EFMigrationsHistory]');" }
{ "timestamp": "2024-08-05 01:22:42.9715", "level": "Info", "message": "Executed DbCommand (11ms) [Parameters=[], CommandType='Text', CommandTimeout='30']\nSELECT [MigrationId], [ProductVersion]\nFROM [__EFMigrationsHistory]\nORDER BY [MigrationId];" }
{ "timestamp": "2024-08-05 01:22:42.9880", "level": "Info", "message": "Executed DbCommand (4ms) [Parameters=[], CommandType='Text', CommandTimeout='30']\nSELECT 1" }
{ "timestamp": "2024-08-05 01:22:42.9907", "level": "Info", "message": "Executed DbCommand (2ms) [Parameters=[], CommandType='Text', CommandTimeout='30']\nSELECT OBJECT_ID(N'[__EFMigrationsHistory]');" }
{ "timestamp": "2024-08-05 01:22:42.9941", "level": "Info", "message": "Executed DbCommand (3ms) [Parameters=[], CommandType='Text', CommandTimeout='30']\nSELECT [MigrationId], [ProductVersion]\nFROM [__EFMigrationsHistory]\nORDER BY [MigrationId];" }
{ "timestamp": "2024-08-05 01:22:43.0032", "level": "Info", "message": "Executed DbCommand (3ms) [Parameters=[], CommandType='Text', CommandTimeout='30']\nSELECT 1" }
{ "timestamp": "2024-08-05 01:22:43.2584", "level": "Info", "message": "Executed DbCommand (8ms) [Parameters=[], CommandType='Text', CommandTimeout='30']\nSELECT CASE\n    WHEN EXISTS (\n        SELECT 1\n        FROM [BlogModel] AS [b]\n        WHERE [b].[Author] = N'Clark') THEN CAST(1 AS bit)\n    ELSE CAST(0 AS bit)\nEND" }
{ "timestamp": "2024-08-05 01:22:44.2893", "level": "Info", "message": "Request starting HTTP/1.1 GET http://localhost:7001/swagger/index.html - -" }
{ "timestamp": "2024-08-05 01:22:44.3233", "level": "Warn", "message": "Failed to determine the https port for redirect." }
{ "timestamp": "2024-08-05 01:22:44.4412", "level": "Info", "message": "Request finished HTTP/1.1 GET http://localhost:7001/swagger/index.html - - - 200 - text/html;charset=utf-8 153.4462ms" }
{ "timestamp": "2024-08-05 01:22:44.5272", "level": "Info", "message": "Request starting HTTP/1.1 GET http://localhost:7001/swagger/v1/swagger.json - -" }
{ "timestamp": "2024-08-05 01:22:44.6187", "level": "Info", "message": "Request finished HTTP/1.1 GET http://localhost:7001/swagger/v1/swagger.json - - - 200 - application/json;charset=utf-8 91.5487ms" }
{ "timestamp": "2024-08-05 01:22:51.3907", "level": "Info", "message": "Request starting HTTP/1.1 GET http://localhost:7001/api/Blog?page=1&pageSize=10&name=bruce - -" }
{ "timestamp": "2024-08-05 01:22:51.4055", "level": "Info", "message": "Executing endpoint 'Blog.Controllers.BlogController.GetAllBlogsAsync (Blog)'" }
{ "timestamp": "2024-08-05 01:22:51.4528", "level": "Info", "message": "Route matched with {action = \"GetAllBlogsAsync\", controller = \"Blog\"}. Executing controller action with signature System.Threading.Tasks.Task`1[Microsoft.AspNetCore.Mvc.IActionResult] GetAllBlogsAsync(Int32, Int32, System.String, System.String, System.String) on controller Blog.Controllers.BlogController (Blog)." }
{ "timestamp": "2024-08-05 01:22:51.6369", "level": "Info", "message": "Executed DbCommand (50ms) [Parameters=[@__model_Name_0='?' (Size = 4000)], CommandType='Text', CommandTimeout='30']\nSELECT COUNT(*)\nFROM [BlogModel] AS [b]\nWHERE (@__model_Name_0 LIKE N'') OR CHARINDEX(@__model_Name_0, [b].[Name]) > 0" }
{ "timestamp": "2024-08-05 01:22:51.6973", "level": "Info", "message": "Executed DbCommand (23ms) [Parameters=[@__model_Name_0='?' (Size = 4000), @__p_1='?' (DbType = Int32), @__p_2='?' (DbType = Int32)], CommandType='Text', CommandTimeout='30']\nSELECT [b].[Id], [b].[Author], [b].[Description], [b].[Name]\nFROM [BlogModel] AS [b]\nWHERE (@__model_Name_0 LIKE N'') OR CHARINDEX(@__model_Name_0, [b].[Name]) > 0\nORDER BY [b].[Description] DESC\nOFFSET @__p_1 ROWS FETCH NEXT @__p_2 ROWS ONLY" }
{ "timestamp": "2024-08-05 01:22:51.7130", "level": "Info", "message": "Executing OkObjectResult, writing value of type 'Blog.Domain.Extensions.PaginationHelper`1[[Blog.Domain.DomainModels.Response.BlogViewResponse, Blog.Domain, Version=1.0.0.0, Culture=neutral, PublicKeyToken=null]]'." }
{ "timestamp": "2024-08-05 01:22:51.7272", "level": "Info", "message": "Executed action Blog.Controllers.BlogController.GetAllBlogsAsync (Blog) in 270.4905ms" }
{ "timestamp": "2024-08-05 01:22:51.7283", "level": "Info", "message": "Executed endpoint 'Blog.Controllers.BlogController.GetAllBlogsAsync (Blog)'" }
{ "timestamp": "2024-08-05 01:22:51.7338", "level": "Info", "message": "Request finished HTTP/1.1 GET http://localhost:7001/api/Blog?page=1&pageSize=10&name=bruce - - - 200 - application/json;+charset=utf-8 343.2704ms" }
{ "timestamp": "2024-08-05 01:22:58.8436", "level": "Info", "message": "Request starting HTTP/1.1 GET http://localhost:7001/api/Blog?page=1&pageSize=10&name=Bruce - -" }
{ "timestamp": "2024-08-05 01:22:58.8466", "level": "Info", "message": "Executing endpoint 'Blog.Controllers.BlogController.GetAllBlogsAsync (Blog)'" }
{ "timestamp": "2024-08-05 01:22:58.8475", "level": "Info", "message": "Route matched with {action = \"GetAllBlogsAsync\", controller = \"Blog\"}. Executing controller action with signature System.Threading.Tasks.Task`1[Microsoft.AspNetCore.Mvc.IActionResult] GetAllBlogsAsync(Int32, Int32, System.String, System.String, System.String) on controller Blog.Controllers.BlogController (Blog)." }
{ "timestamp": "2024-08-05 01:22:58.9300", "level": "Info", "message": "Executed DbCommand (20ms) [Parameters=[@__model_Name_0='?' (Size = 4000)], CommandType='Text', CommandTimeout='30']\nSELECT COUNT(*)\nFROM [BlogModel] AS [b]\nWHERE (@__model_Name_0 LIKE N'') OR CHARINDEX(@__model_Name_0, [b].[Name]) > 0" }
{ "timestamp": "2024-08-05 01:22:58.9376", "level": "Info", "message": "Executed DbCommand (6ms) [Parameters=[@__model_Name_0='?' (Size = 4000), @__p_1='?' (DbType = Int32), @__p_2='?' (DbType = Int32)], CommandType='Text', CommandTimeout='30']\nSELECT [b].[Id], [b].[Author], [b].[Description], [b].[Name]\nFROM [BlogModel] AS [b]\nWHERE (@__model_Name_0 LIKE N'') OR CHARINDEX(@__model_Name_0, [b].[Name]) > 0\nORDER BY [b].[Description] DESC\nOFFSET @__p_1 ROWS FETCH NEXT @__p_2 ROWS ONLY" }
{ "timestamp": "2024-08-05 01:22:58.9383", "level": "Info", "message": "Executing OkObjectResult, writing value of type 'Blog.Domain.Extensions.PaginationHelper`1[[Blog.Domain.DomainModels.Response.BlogViewResponse, Blog.Domain, Version=1.0.0.0, Culture=neutral, PublicKeyToken=null]]'." }
{ "timestamp": "2024-08-05 01:22:58.9383", "level": "Info", "message": "Executed action Blog.Controllers.BlogController.GetAllBlogsAsync (Blog) in 91.0646ms" }
{ "timestamp": "2024-08-05 01:22:58.9388", "level": "Info", "message": "Executed endpoint 'Blog.Controllers.BlogController.GetAllBlogsAsync (Blog)'" }
{ "timestamp": "2024-08-05 01:22:58.9388", "level": "Info", "message": "Request finished HTTP/1.1 GET http://localhost:7001/api/Blog?page=1&pageSize=10&name=Bruce - - - 200 - application/json;+charset=utf-8 95.5504ms" }
{ "timestamp": "2024-08-05 01:23:10.6706", "level": "Info", "message": "Request starting HTTP/1.1 GET http://localhost:7001/api/Blog?page=1&pageSize=10&author=bruce - -" }
{ "timestamp": "2024-08-05 01:23:10.8106", "level": "Info", "message": "Executing endpoint 'Blog.Controllers.BlogController.GetAllBlogsAsync (Blog)'" }
{ "timestamp": "2024-08-05 01:23:10.8120", "level": "Info", "message": "Route matched with {action = \"GetAllBlogsAsync\", controller = \"Blog\"}. Executing controller action with signature System.Threading.Tasks.Task`1[Microsoft.AspNetCore.Mvc.IActionResult] GetAllBlogsAsync(Int32, Int32, System.String, System.String, System.String) on controller Blog.Controllers.BlogController (Blog)." }
{ "timestamp": "2024-08-05 01:23:11.2040", "level": "Info", "message": "Executed DbCommand (370ms) [Parameters=[@__model_Author_0='?' (Size = 4000)], CommandType='Text', CommandTimeout='30']\nSELECT COUNT(*)\nFROM [BlogModel] AS [b]\nWHERE [b].[Author] = @__model_Author_0" }
{ "timestamp": "2024-08-05 01:23:11.2605", "level": "Info", "message": "Executed DbCommand (48ms) [Parameters=[@__model_Author_0='?' (Size = 4000), @__p_1='?' (DbType = Int32), @__p_2='?' (DbType = Int32)], CommandType='Text', CommandTimeout='30']\nSELECT [b].[Id], [b].[Author], [b].[Description], [b].[Name]\nFROM [BlogModel] AS [b]\nWHERE [b].[Author] = @__model_Author_0\nORDER BY [b].[Description] DESC\nOFFSET @__p_1 ROWS FETCH NEXT @__p_2 ROWS ONLY" }
{ "timestamp": "2024-08-05 01:23:11.3221", "level": "Info", "message": "Executing OkObjectResult, writing value of type 'Blog.Domain.Extensions.PaginationHelper`1[[Blog.Domain.DomainModels.Response.BlogViewResponse, Blog.Domain, Version=1.0.0.0, Culture=neutral, PublicKeyToken=null]]'." }
{ "timestamp": "2024-08-05 01:23:11.3247", "level": "Info", "message": "Executed action Blog.Controllers.BlogController.GetAllBlogsAsync (Blog) in 512.5704ms" }
{ "timestamp": "2024-08-05 01:23:11.3248", "level": "Info", "message": "Executed endpoint 'Blog.Controllers.BlogController.GetAllBlogsAsync (Blog)'" }
{ "timestamp": "2024-08-05 01:23:11.3248", "level": "Info", "message": "Request finished HTTP/1.1 GET http://localhost:7001/api/Blog?page=1&pageSize=10&author=bruce - - - 200 - application/json;+charset=utf-8 655.6029ms" }
{ "timestamp": "2024-08-05 01:30:11.1834", "level": "Info", "message": "Request starting HTTP/1.1 GET http://localhost:7001/api/Blog?page=1&pageSize=10 - -" }
{ "timestamp": "2024-08-05 01:30:11.2017", "level": "Info", "message": "Executing endpoint 'Blog.Controllers.BlogController.GetAllBlogsAsync (Blog)'" }
{ "timestamp": "2024-08-05 01:30:11.2062", "level": "Info", "message": "Route matched with {action = \"GetAllBlogsAsync\", controller = \"Blog\"}. Executing controller action with signature System.Threading.Tasks.Task`1[Microsoft.AspNetCore.Mvc.IActionResult] GetAllBlogsAsync(Int32, Int32, System.String, System.String, System.String) on controller Blog.Controllers.BlogController (Blog)." }
{ "timestamp": "2024-08-05 01:30:11.4374", "level": "Info", "message": "Executed DbCommand (20ms) [Parameters=[], CommandType='Text', CommandTimeout='30']\nSELECT COUNT(*)\nFROM [BlogModel] AS [b]" }
{ "timestamp": "2024-08-05 01:30:11.4606", "level": "Info", "message": "Executed DbCommand (19ms) [Parameters=[@__p_0='?' (DbType = Int32), @__p_1='?' (DbType = Int32)], CommandType='Text', CommandTimeout='30']\nSELECT [b].[Id], [b].[Author], [b].[Description], [b].[Name]\nFROM [BlogModel] AS [b]\nORDER BY [b].[Description] DESC\nOFFSET @__p_0 ROWS FETCH NEXT @__p_1 ROWS ONLY" }
{ "timestamp": "2024-08-05 01:30:11.4644", "level": "Info", "message": "Executing OkObjectResult, writing value of type 'Blog.Domain.Extensions.PaginationHelper`1[[Blog.Domain.DomainModels.Response.BlogViewResponse, Blog.Domain, Version=1.0.0.0, Culture=neutral, PublicKeyToken=null]]'." }
{ "timestamp": "2024-08-05 01:30:11.4669", "level": "Info", "message": "Executed action Blog.Controllers.BlogController.GetAllBlogsAsync (Blog) in 260.5705ms" }
{ "timestamp": "2024-08-05 01:30:11.4669", "level": "Info", "message": "Executed endpoint 'Blog.Controllers.BlogController.GetAllBlogsAsync (Blog)'" }
{ "timestamp": "2024-08-05 01:30:11.4669", "level": "Info", "message": "Request finished HTTP/1.1 GET http://localhost:7001/api/Blog?page=1&pageSize=10 - - - 200 - application/json;+charset=utf-8 285.9565ms" }
{ "timestamp": "2024-08-05 06:50:30.6000", "level": "Info", "message": "Request starting HTTP/1.1 GET http://localhost:7001/swagger/swagger-ui-bundle.js - -" }
{ "timestamp": "2024-08-05 06:50:30.6000", "level": "Info", "message": "Request starting HTTP/1.1 GET http://localhost:7001/swagger/swagger-ui-standalone-preset.js - -" }
{ "timestamp": "2024-08-05 06:50:30.8741", "level": "Info", "message": "Sending file. Request path: '/swagger-ui-standalone-preset.js'. Physical path: 'N/A'" }
{ "timestamp": "2024-08-05 06:50:30.8741", "level": "Info", "message": "Sending file. Request path: '/swagger-ui-bundle.js'. Physical path: 'N/A'" }
{ "timestamp": "2024-08-05 06:50:30.8771", "level": "Info", "message": "Request finished HTTP/1.1 GET http://localhost:7001/swagger/swagger-ui-standalone-preset.js - - - 200 339486 text/javascript 333.8093ms" }
{ "timestamp": "2024-08-05 06:50:30.8771", "level": "Info", "message": "Request finished HTTP/1.1 GET http://localhost:7001/swagger/swagger-ui-bundle.js - - - 200 1096145 text/javascript 333.8170ms" }
{ "timestamp": "2024-08-05 06:50:31.0130", "level": "Info", "message": "Request starting HTTP/1.1 GET http://localhost:7001/swagger/v1/swagger.json - -" }
{ "timestamp": "2024-08-05 06:50:31.0813", "level": "Info", "message": "Request finished HTTP/1.1 GET http://localhost:7001/swagger/v1/swagger.json - - - 200 - application/json;charset=utf-8 68.3022ms" }
{ "timestamp": "2024-08-05 06:51:25.8053", "level": "Info", "message": "Application is shutting down..." }
{ "timestamp": "2024-08-05 06:53:29.7337", "level": "Info", "message": "Now listening on: http://localhost:7001" }
{ "timestamp": "2024-08-05 06:53:29.7637", "level": "Info", "message": "Application started. Press Ctrl+C to shut down." }
{ "timestamp": "2024-08-05 06:53:29.7655", "level": "Info", "message": "Hosting environment: Development" }
{ "timestamp": "2024-08-05 06:53:29.7655", "level": "Info", "message": "Content root path: /Users/jeremiahekanem/Documents/C#Projects/CleanArchitectureMicroservice/BlogService/Blog" }
{ "timestamp": "2024-08-05 06:53:30.3172", "level": "Info", "message": "Executed DbCommand (73ms) [Parameters=[], CommandType='Text', CommandTimeout='30']\nSELECT 1" }
{ "timestamp": "2024-08-05 06:53:30.3812", "level": "Info", "message": "Executed DbCommand (43ms) [Parameters=[], CommandType='Text', CommandTimeout='30']\nSELECT OBJECT_ID(N'[__EFMigrationsHistory]');" }
{ "timestamp": "2024-08-05 06:53:30.4357", "level": "Info", "message": "Executed DbCommand (29ms) [Parameters=[], CommandType='Text', CommandTimeout='30']\nSELECT [MigrationId], [ProductVersion]\nFROM [__EFMigrationsHistory]\nORDER BY [MigrationId];" }
{ "timestamp": "2024-08-05 06:53:30.4537", "level": "Info", "message": "Executed DbCommand (6ms) [Parameters=[], CommandType='Text', CommandTimeout='30']\nSELECT 1" }
{ "timestamp": "2024-08-05 06:53:30.4602", "level": "Info", "message": "Executed DbCommand (6ms) [Parameters=[], CommandType='Text', CommandTimeout='30']\nSELECT OBJECT_ID(N'[__EFMigrationsHistory]');" }
{ "timestamp": "2024-08-05 06:53:30.4695", "level": "Info", "message": "Executed DbCommand (9ms) [Parameters=[], CommandType='Text', CommandTimeout='30']\nSELECT [MigrationId], [ProductVersion]\nFROM [__EFMigrationsHistory]\nORDER BY [MigrationId];" }
{ "timestamp": "2024-08-05 06:53:30.4900", "level": "Info", "message": "Executed DbCommand (4ms) [Parameters=[], CommandType='Text', CommandTimeout='30']\nSELECT 1" }
{ "timestamp": "2024-08-05 06:53:30.7633", "level": "Info", "message": "Executed DbCommand (19ms) [Parameters=[], CommandType='Text', CommandTimeout='30']\nSELECT CASE\n    WHEN EXISTS (\n        SELECT 1\n        FROM [BlogModel] AS [b]\n        WHERE [b].[Author] = N'Clark') THEN CAST(1 AS bit)\n    ELSE CAST(0 AS bit)\nEND" }
{ "timestamp": "2024-08-05 06:53:32.3397", "level": "Info", "message": "Request starting HTTP/1.1 GET http://localhost:7001/swagger/index.html - -" }
{ "timestamp": "2024-08-05 06:53:32.3895", "level": "Warn", "message": "Failed to determine the https port for redirect." }
{ "timestamp": "2024-08-05 06:53:32.5012", "level": "Info", "message": "Request finished HTTP/1.1 GET http://localhost:7001/swagger/index.html - - - 200 - text/html;charset=utf-8 162.6972ms" }
{ "timestamp": "2024-08-05 06:53:32.6946", "level": "Info", "message": "Request starting HTTP/1.1 GET http://localhost:7001/swagger/v1/swagger.json - -" }
{ "timestamp": "2024-08-05 06:53:32.8041", "level": "Info", "message": "Request finished HTTP/1.1 GET http://localhost:7001/swagger/v1/swagger.json - - - 200 - application/json;charset=utf-8 109.5067ms" }
{ "timestamp": "2024-08-05 06:53:39.1933", "level": "Info", "message": "Request starting HTTP/1.1 GET http://localhost:7001/api/Blog?pageSize=10&page=1 - -" }
{ "timestamp": "2024-08-05 06:53:39.2024", "level": "Info", "message": "Executing endpoint 'Blog.Controllers.BlogController.GetAllBlogsAsync (Blog)'" }
{ "timestamp": "2024-08-05 06:53:39.2449", "level": "Info", "message": "Route matched with {action = \"GetAllBlogsAsync\", controller = \"Blog\"}. Executing controller action with signature System.Threading.Tasks.Task`1[Microsoft.AspNetCore.Mvc.IActionResult] GetAllBlogsAsync(System.String, System.String, System.String, Int32, Int32) on controller Blog.Controllers.BlogController (Blog)." }
{ "timestamp": "2024-08-05 06:53:39.3994", "level": "Info", "message": "Executed DbCommand (50ms) [Parameters=[], CommandType='Text', CommandTimeout='30']\nSELECT COUNT(*)\nFROM [BlogModel] AS [b]" }
{ "timestamp": "2024-08-05 06:53:39.4954", "level": "Info", "message": "Executed DbCommand (53ms) [Parameters=[@__p_0='?' (DbType = Int32), @__p_1='?' (DbType = Int32)], CommandType='Text', CommandTimeout='30']\nSELECT [b].[Id], [b].[Author], [b].[Description], [b].[Name]\nFROM [BlogModel] AS [b]\nORDER BY [b].[Description] DESC\nOFFSET @__p_0 ROWS FETCH NEXT @__p_1 ROWS ONLY" }
{ "timestamp": "2024-08-05 06:53:39.5507", "level": "Info", "message": "Executing OkObjectResult, writing value of type 'Blog.Domain.Extensions.PaginationHelper`1[[Blog.Domain.DomainModels.Response.BlogViewResponse, Blog.Domain, Version=1.0.0.0, Culture=neutral, PublicKeyToken=null]]'." }
{ "timestamp": "2024-08-05 06:53:39.5645", "level": "Info", "message": "Executed action Blog.Controllers.BlogController.GetAllBlogsAsync (Blog) in 315.7948ms" }
{ "timestamp": "2024-08-05 06:53:39.5796", "level": "Info", "message": "Executed endpoint 'Blog.Controllers.BlogController.GetAllBlogsAsync (Blog)'" }
{ "timestamp": "2024-08-05 06:53:39.5846", "level": "Info", "message": "Request finished HTTP/1.1 GET http://localhost:7001/api/Blog?pageSize=10&page=1 - - - 200 - application/json;+charset=utf-8 391.6523ms" }
{ "timestamp": "2024-08-05 06:54:42.2757", "level": "Info", "message": "Request starting HTTP/1.1 POST http://localhost:7001/api/Blog application/json 99" }
{ "timestamp": "2024-08-05 06:54:42.2795", "level": "Info", "message": "Executing endpoint 'Blog.Controllers.BlogController.CreateBlogAsync (Blog)'" }
{ "timestamp": "2024-08-05 06:54:42.2941", "level": "Info", "message": "Route matched with {action = \"CreateBlogAsync\", controller = \"Blog\"}. Executing controller action with signature System.Threading.Tasks.Task`1[Microsoft.AspNetCore.Mvc.IActionResult] CreateBlogAsync(Blog.Application.Blog.Commands.CreateBlog.CreateBlogCommand) on controller Blog.Controllers.BlogController (Blog)." }
{ "timestamp": "2024-08-05 06:54:42.4092", "level": "Info", "message": "Executing CreatedAtActionResult, writing value of type 'Blog.Application.Blog.BlogViewModel'." }
{ "timestamp": "2024-08-05 06:54:42.4361", "level": "Info", "message": "Executed action Blog.Controllers.BlogController.CreateBlogAsync (Blog) in 141.8713ms" }
{ "timestamp": "2024-08-05 06:54:42.4361", "level": "Info", "message": "Executed endpoint 'Blog.Controllers.BlogController.CreateBlogAsync (Blog)'" }
{ "timestamp": "2024-08-05 06:54:42.4361", "level": "Info", "message": "Request finished HTTP/1.1 POST http://localhost:7001/api/Blog application/json 99 - 201 - application/json;+charset=utf-8 161.7570ms" }
{ "timestamp": "2024-08-05 06:54:51.3414", "level": "Info", "message": "Request starting HTTP/1.1 GET http://localhost:7001/api/Blog?pageSize=10&page=1 - -" }
{ "timestamp": "2024-08-05 06:54:51.3433", "level": "Info", "message": "Executing endpoint 'Blog.Controllers.BlogController.GetAllBlogsAsync (Blog)'" }
{ "timestamp": "2024-08-05 06:54:51.3433", "level": "Info", "message": "Route matched with {action = \"GetAllBlogsAsync\", controller = \"Blog\"}. Executing controller action with signature System.Threading.Tasks.Task`1[Microsoft.AspNetCore.Mvc.IActionResult] GetAllBlogsAsync(System.String, System.String, System.String, Int32, Int32) on controller Blog.Controllers.BlogController (Blog)." }
{ "timestamp": "2024-08-05 06:54:51.3823", "level": "Info", "message": "Executed DbCommand (17ms) [Parameters=[], CommandType='Text', CommandTimeout='30']\nSELECT COUNT(*)\nFROM [BlogModel] AS [b]" }
{ "timestamp": "2024-08-05 06:54:51.3968", "level": "Info", "message": "Executed DbCommand (12ms) [Parameters=[@__p_0='?' (DbType = Int32), @__p_1='?' (DbType = Int32)], CommandType='Text', CommandTimeout='30']\nSELECT [b].[Id], [b].[Author], [b].[Description], [b].[Name]\nFROM [BlogModel] AS [b]\nORDER BY [b].[Description] DESC\nOFFSET @__p_0 ROWS FETCH NEXT @__p_1 ROWS ONLY" }
{ "timestamp": "2024-08-05 06:54:51.3987", "level": "Info", "message": "Executing OkObjectResult, writing value of type 'Blog.Domain.Extensions.PaginationHelper`1[[Blog.Domain.DomainModels.Response.BlogViewResponse, Blog.Domain, Version=1.0.0.0, Culture=neutral, PublicKeyToken=null]]'." }
{ "timestamp": "2024-08-05 06:54:51.3990", "level": "Info", "message": "Executed action Blog.Controllers.BlogController.GetAllBlogsAsync (Blog) in 55.3478ms" }
{ "timestamp": "2024-08-05 06:54:51.3990", "level": "Info", "message": "Executed endpoint 'Blog.Controllers.BlogController.GetAllBlogsAsync (Blog)'" }
{ "timestamp": "2024-08-05 06:54:51.3990", "level": "Info", "message": "Request finished HTTP/1.1 GET http://localhost:7001/api/Blog?pageSize=10&page=1 - - - 200 - application/json;+charset=utf-8 57.9780ms" }
{ "timestamp": "2024-08-05 07:06:28.6887", "level": "Info", "message": "Application is shutting down..." }
{ "timestamp": "2024-08-05 07:24:17.5666", "level": "Info", "message": "Now listening on: http://localhost:7001" }
{ "timestamp": "2024-08-05 07:24:17.6075", "level": "Info", "message": "Application started. Press Ctrl+C to shut down." }
{ "timestamp": "2024-08-05 07:24:17.6092", "level": "Info", "message": "Hosting environment: Development" }
{ "timestamp": "2024-08-05 07:24:17.6092", "level": "Info", "message": "Content root path: /Users/jeremiahekanem/Documents/C#Projects/CleanArchitectureMicroservice/BlogService/Blog" }
{ "timestamp": "2024-08-05 07:24:18.6976", "level": "Info", "message": "Executed DbCommand (51ms) [Parameters=[], CommandType='Text', CommandTimeout='30']\nSELECT 1" }
{ "timestamp": "2024-08-05 07:24:18.8812", "level": "Info", "message": "Executed DbCommand (162ms) [Parameters=[], CommandType='Text', CommandTimeout='30']\nSELECT OBJECT_ID(N'[__EFMigrationsHistory]');" }
{ "timestamp": "2024-08-05 07:24:18.9529", "level": "Info", "message": "Executed DbCommand (34ms) [Parameters=[], CommandType='Text', CommandTimeout='30']\nSELECT [MigrationId], [ProductVersion]\nFROM [__EFMigrationsHistory]\nORDER BY [MigrationId];" }
{ "timestamp": "2024-08-05 07:24:19.1870", "level": "Info", "message": "Executed DbCommand (14ms) [Parameters=[], CommandType='Text', CommandTimeout='30']\nSELECT 1" }
{ "timestamp": "2024-08-05 07:24:19.2031", "level": "Info", "message": "Executed DbCommand (15ms) [Parameters=[], CommandType='Text', CommandTimeout='30']\nSELECT OBJECT_ID(N'[__EFMigrationsHistory]');" }
{ "timestamp": "2024-08-05 07:24:19.2166", "level": "Info", "message": "Executed DbCommand (12ms) [Parameters=[], CommandType='Text', CommandTimeout='30']\nSELECT [MigrationId], [ProductVersion]\nFROM [__EFMigrationsHistory]\nORDER BY [MigrationId];" }
{ "timestamp": "2024-08-05 07:24:19.2762", "level": "Info", "message": "Executed DbCommand (18ms) [Parameters=[], CommandType='Text', CommandTimeout='30']\nSELECT 1" }
{ "timestamp": "2024-08-05 07:24:19.8937", "level": "Info", "message": "Executed DbCommand (73ms) [Parameters=[], CommandType='Text', CommandTimeout='30']\nSELECT CASE\n    WHEN EXISTS (\n        SELECT 1\n        FROM [BlogModel] AS [b]\n        WHERE [b].[Author] = N'Clark') THEN CAST(1 AS bit)\n    ELSE CAST(0 AS bit)\nEND" }
{ "timestamp": "2024-08-05 07:24:20.2747", "level": "Info", "message": "Request starting HTTP/1.1 GET http://localhost:7001/swagger/index.html - -" }
{ "timestamp": "2024-08-05 07:24:20.3634", "level": "Warn", "message": "Failed to determine the https port for redirect." }
{ "timestamp": "2024-08-05 07:24:20.4680", "level": "Info", "message": "Request finished HTTP/1.1 GET http://localhost:7001/swagger/index.html - - - 200 - text/html;charset=utf-8 194.8187ms" }
{ "timestamp": "2024-08-05 07:24:21.2610", "level": "Info", "message": "Request starting HTTP/1.1 GET http://localhost:7001/swagger/v1/swagger.json - -" }
{ "timestamp": "2024-08-05 07:24:21.3933", "level": "Info", "message": "Request finished HTTP/1.1 GET http://localhost:7001/swagger/v1/swagger.json - - - 200 - application/json;charset=utf-8 133.0012ms" }
{ "timestamp": "2024-08-05 07:24:25.8127", "level": "Info", "message": "Request starting HTTP/1.1 POST http://localhost:7001/api/Blog application/json 99" }
{ "timestamp": "2024-08-05 07:24:25.8241", "level": "Info", "message": "Executing endpoint 'Blog.Controllers.BlogController.CreateBlogAsync (Blog)'" }
{ "timestamp": "2024-08-05 07:24:25.8610", "level": "Info", "message": "Route matched with {action = \"CreateBlogAsync\", controller = \"Blog\"}. Executing controller action with signature System.Threading.Tasks.Task`1[Microsoft.AspNetCore.Mvc.IActionResult] CreateBlogAsync(Blog.Application.Blog.Commands.CreateBlog.CreateBlogCommand) on controller Blog.Controllers.BlogController (Blog)." }
{ "timestamp": "2024-08-05 07:24:26.0397", "level": "Info", "message": "Executing CreatedAtActionResult, writing value of type 'Blog.Domain.DomainModels.Request.BlogViewRequest'." }
{ "timestamp": "2024-08-05 07:24:26.0615", "level": "Info", "message": "Executed action Blog.Controllers.BlogController.CreateBlogAsync (Blog) in 198.17ms" }
{ "timestamp": "2024-08-05 07:24:26.0615", "level": "Info", "message": "Executed endpoint 'Blog.Controllers.BlogController.CreateBlogAsync (Blog)'" }
{ "timestamp": "2024-08-05 07:24:26.0615", "level": "Info", "message": "Request finished HTTP/1.1 POST http://localhost:7001/api/Blog application/json 99 - 201 - application/json;+charset=utf-8 249.6468ms" }
{ "timestamp": "2024-08-05 07:24:35.1116", "level": "Info", "message": "Request starting HTTP/1.1 GET http://localhost:7001/api/Blog?pageSize=10&page=1 - -" }
{ "timestamp": "2024-08-05 07:24:35.1138", "level": "Info", "message": "Executing endpoint 'Blog.Controllers.BlogController.GetAllBlogsAsync (Blog)'" }
{ "timestamp": "2024-08-05 07:24:35.1300", "level": "Info", "message": "Route matched with {action = \"GetAllBlogsAsync\", controller = \"Blog\"}. Executing controller action with signature System.Threading.Tasks.Task`1[Microsoft.AspNetCore.Mvc.IActionResult] GetAllBlogsAsync(System.String, System.String, System.String, Int32, Int32) on controller Blog.Controllers.BlogController (Blog)." }
{ "timestamp": "2024-08-05 07:24:35.3041", "level": "Info", "message": "Executed DbCommand (45ms) [Parameters=[], CommandType='Text', CommandTimeout='30']\nSELECT COUNT(*)\nFROM [BlogModel] AS [b]" }
{ "timestamp": "2024-08-05 07:24:35.3977", "level": "Info", "message": "Executed DbCommand (57ms) [Parameters=[@__p_0='?' (DbType = Int32), @__p_1='?' (DbType = Int32)], CommandType='Text', CommandTimeout='30']\nSELECT [b].[Id], [b].[Author], [b].[Description], [b].[Name]\nFROM [BlogModel] AS [b]\nORDER BY [b].[Description] DESC\nOFFSET @__p_0 ROWS FETCH NEXT @__p_1 ROWS ONLY" }
{ "timestamp": "2024-08-05 07:24:35.4101", "level": "Info", "message": "Executing OkObjectResult, writing value of type 'Blog.Domain.Extensions.PaginationHelper`1[[Blog.Domain.DomainModels.Response.BlogViewResponse, Blog.Domain, Version=1.0.0.0, Culture=neutral, PublicKeyToken=null]]'." }
{ "timestamp": "2024-08-05 07:24:35.4158", "level": "Info", "message": "Executed action Blog.Controllers.BlogController.GetAllBlogsAsync (Blog) in 285.5307ms" }
{ "timestamp": "2024-08-05 07:24:35.4167", "level": "Info", "message": "Executed endpoint 'Blog.Controllers.BlogController.GetAllBlogsAsync (Blog)'" }
{ "timestamp": "2024-08-05 07:24:35.4216", "level": "Info", "message": "Request finished HTTP/1.1 GET http://localhost:7001/api/Blog?pageSize=10&page=1 - - - 200 - application/json;+charset=utf-8 310.0965ms" }
{ "timestamp": "2024-08-05 07:25:00.1498", "level": "Info", "message": "Request starting HTTP/1.1 GET http://localhost:7001/api/Blog?pageSize=10&page=1 - -" }
{ "timestamp": "2024-08-05 07:25:00.1663", "level": "Info", "message": "Executing endpoint 'Blog.Controllers.BlogController.GetAllBlogsAsync (Blog)'" }
{ "timestamp": "2024-08-05 07:25:00.1684", "level": "Info", "message": "Route matched with {action = \"GetAllBlogsAsync\", controller = \"Blog\"}. Executing controller action with signature System.Threading.Tasks.Task`1[Microsoft.AspNetCore.Mvc.IActionResult] GetAllBlogsAsync(System.String, System.String, System.String, Int32, Int32) on controller Blog.Controllers.BlogController (Blog)." }
{ "timestamp": "2024-08-05 07:25:00.2120", "level": "Info", "message": "Executed DbCommand (23ms) [Parameters=[], CommandType='Text', CommandTimeout='30']\nSELECT COUNT(*)\nFROM [BlogModel] AS [b]" }
{ "timestamp": "2024-08-05 07:25:00.2247", "level": "Info", "message": "Executed DbCommand (10ms) [Parameters=[@__p_0='?' (DbType = Int32), @__p_1='?' (DbType = Int32)], CommandType='Text', CommandTimeout='30']\nSELECT [b].[Id], [b].[Author], [b].[Description], [b].[Name]\nFROM [BlogModel] AS [b]\nORDER BY [b].[Description] DESC\nOFFSET @__p_0 ROWS FETCH NEXT @__p_1 ROWS ONLY" }
{ "timestamp": "2024-08-05 07:25:00.2263", "level": "Info", "message": "Executing OkObjectResult, writing value of type 'Blog.Domain.Extensions.PaginationHelper`1[[Blog.Domain.DomainModels.Response.BlogViewResponse, Blog.Domain, Version=1.0.0.0, Culture=neutral, PublicKeyToken=null]]'." }
{ "timestamp": "2024-08-05 07:25:00.2272", "level": "Info", "message": "Executed action Blog.Controllers.BlogController.GetAllBlogsAsync (Blog) in 58.1189ms" }
{ "timestamp": "2024-08-05 07:25:00.2272", "level": "Info", "message": "Executed endpoint 'Blog.Controllers.BlogController.GetAllBlogsAsync (Blog)'" }
{ "timestamp": "2024-08-05 07:25:00.2272", "level": "Info", "message": "Request finished HTTP/1.1 GET http://localhost:7001/api/Blog?pageSize=10&page=1 - - - 200 - application/json;+charset=utf-8 78.0808ms" }
{ "timestamp": "2024-08-05 07:25:20.2662", "level": "Info", "message": "Request starting HTTP/1.1 GET http://localhost:7001/api/Blog?pageSize=10&page=1 - -" }
{ "timestamp": "2024-08-05 07:25:20.2675", "level": "Info", "message": "Executing endpoint 'Blog.Controllers.BlogController.GetAllBlogsAsync (Blog)'" }
{ "timestamp": "2024-08-05 07:25:20.2678", "level": "Info", "message": "Route matched with {action = \"GetAllBlogsAsync\", controller = \"Blog\"}. Executing controller action with signature System.Threading.Tasks.Task`1[Microsoft.AspNetCore.Mvc.IActionResult] GetAllBlogsAsync(System.String, System.String, System.String, Int32, Int32) on controller Blog.Controllers.BlogController (Blog)." }
{ "timestamp": "2024-08-05 07:25:20.2862", "level": "Info", "message": "Executed DbCommand (13ms) [Parameters=[], CommandType='Text', CommandTimeout='30']\nSELECT COUNT(*)\nFROM [BlogModel] AS [b]" }
{ "timestamp": "2024-08-05 07:25:20.3038", "level": "Info", "message": "Executed DbCommand (16ms) [Parameters=[@__p_0='?' (DbType = Int32), @__p_1='?' (DbType = Int32)], CommandType='Text', CommandTimeout='30']\nSELECT [b].[Id], [b].[Author], [b].[Description], [b].[Name]\nFROM [BlogModel] AS [b]\nORDER BY [b].[Description] DESC\nOFFSET @__p_0 ROWS FETCH NEXT @__p_1 ROWS ONLY" }
{ "timestamp": "2024-08-05 07:25:20.3051", "level": "Info", "message": "Executing OkObjectResult, writing value of type 'Blog.Domain.Extensions.PaginationHelper`1[[Blog.Domain.DomainModels.Response.BlogViewResponse, Blog.Domain, Version=1.0.0.0, Culture=neutral, PublicKeyToken=null]]'." }
{ "timestamp": "2024-08-05 07:25:20.3051", "level": "Info", "message": "Executed action Blog.Controllers.BlogController.GetAllBlogsAsync (Blog) in 37.607ms" }
{ "timestamp": "2024-08-05 07:25:20.3051", "level": "Info", "message": "Executed endpoint 'Blog.Controllers.BlogController.GetAllBlogsAsync (Blog)'" }
{ "timestamp": "2024-08-05 07:25:20.3057", "level": "Info", "message": "Request finished HTTP/1.1 GET http://localhost:7001/api/Blog?pageSize=10&page=1 - - - 200 - application/json;+charset=utf-8 39.6445ms" }
{ "timestamp": "2024-08-05 07:26:18.4607", "level": "Info", "message": "Request starting HTTP/1.1 POST http://localhost:7001/api/Blog application/json 99" }
{ "timestamp": "2024-08-05 07:26:18.4658", "level": "Info", "message": "Executing endpoint 'Blog.Controllers.BlogController.CreateBlogAsync (Blog)'" }
{ "timestamp": "2024-08-05 07:26:18.4666", "level": "Info", "message": "Route matched with {action = \"CreateBlogAsync\", controller = \"Blog\"}. Executing controller action with signature System.Threading.Tasks.Task`1[Microsoft.AspNetCore.Mvc.IActionResult] CreateBlogAsync(Blog.Application.Blog.Commands.CreateBlog.CreateBlogCommand) on controller Blog.Controllers.BlogController (Blog)." }
{ "timestamp": "2024-08-05 07:26:18.4950", "level": "Info", "message": "Executing CreatedAtActionResult, writing value of type 'Blog.Domain.DomainModels.Request.BlogViewRequest'." }
{ "timestamp": "2024-08-05 07:26:18.4966", "level": "Info", "message": "Executed action Blog.Controllers.BlogController.CreateBlogAsync (Blog) in 29.8747ms" }
{ "timestamp": "2024-08-05 07:26:18.4966", "level": "Info", "message": "Executed endpoint 'Blog.Controllers.BlogController.CreateBlogAsync (Blog)'" }
{ "timestamp": "2024-08-05 07:26:18.4966", "level": "Info", "message": "Request finished HTTP/1.1 POST http://localhost:7001/api/Blog application/json 99 - 201 - application/json;+charset=utf-8 36.5222ms" }
{ "timestamp": "2024-08-05 07:26:33.0575", "level": "Info", "message": "Request starting HTTP/1.1 GET http://localhost:7001/api/Blog?pageSize=10&page=1 - -" }
{ "timestamp": "2024-08-05 07:26:33.0600", "level": "Info", "message": "Executing endpoint 'Blog.Controllers.BlogController.GetAllBlogsAsync (Blog)'" }
{ "timestamp": "2024-08-05 07:26:33.0611", "level": "Info", "message": "Route matched with {action = \"GetAllBlogsAsync\", controller = \"Blog\"}. Executing controller action with signature System.Threading.Tasks.Task`1[Microsoft.AspNetCore.Mvc.IActionResult] GetAllBlogsAsync(System.String, System.String, System.String, Int32, Int32) on controller Blog.Controllers.BlogController (Blog)." }
{ "timestamp": "2024-08-05 07:26:33.0878", "level": "Info", "message": "Executed DbCommand (18ms) [Parameters=[], CommandType='Text', CommandTimeout='30']\nSELECT COUNT(*)\nFROM [BlogModel] AS [b]" }
{ "timestamp": "2024-08-05 07:26:33.0988", "level": "Info", "message": "Executed DbCommand (9ms) [Parameters=[@__p_0='?' (DbType = Int32), @__p_1='?' (DbType = Int32)], CommandType='Text', CommandTimeout='30']\nSELECT [b].[Id], [b].[Author], [b].[Description], [b].[Name]\nFROM [BlogModel] AS [b]\nORDER BY [b].[Description] DESC\nOFFSET @__p_0 ROWS FETCH NEXT @__p_1 ROWS ONLY" }
{ "timestamp": "2024-08-05 07:26:33.0995", "level": "Info", "message": "Executing OkObjectResult, writing value of type 'Blog.Domain.Extensions.PaginationHelper`1[[Blog.Domain.DomainModels.Response.BlogViewResponse, Blog.Domain, Version=1.0.0.0, Culture=neutral, PublicKeyToken=null]]'." }
{ "timestamp": "2024-08-05 07:26:33.0995", "level": "Info", "message": "Executed action Blog.Controllers.BlogController.GetAllBlogsAsync (Blog) in 38.522ms" }
{ "timestamp": "2024-08-05 07:26:33.0995", "level": "Info", "message": "Executed endpoint 'Blog.Controllers.BlogController.GetAllBlogsAsync (Blog)'" }
{ "timestamp": "2024-08-05 07:26:33.0995", "level": "Info", "message": "Request finished HTTP/1.1 GET http://localhost:7001/api/Blog?pageSize=10&page=1 - - - 200 - application/json;+charset=utf-8 43.3584ms" }
{ "timestamp": "2024-08-05 07:26:34.4887", "level": "Info", "message": "Request starting HTTP/1.1 GET http://localhost:7001/api/Blog?pageSize=10&page=1 - -" }
{ "timestamp": "2024-08-05 07:26:34.4887", "level": "Info", "message": "Executing endpoint 'Blog.Controllers.BlogController.GetAllBlogsAsync (Blog)'" }
{ "timestamp": "2024-08-05 07:26:34.4887", "level": "Info", "message": "Route matched with {action = \"GetAllBlogsAsync\", controller = \"Blog\"}. Executing controller action with signature System.Threading.Tasks.Task`1[Microsoft.AspNetCore.Mvc.IActionResult] GetAllBlogsAsync(System.String, System.String, System.String, Int32, Int32) on controller Blog.Controllers.BlogController (Blog)." }
{ "timestamp": "2024-08-05 07:26:34.5207", "level": "Info", "message": "Executed DbCommand (30ms) [Parameters=[], CommandType='Text', CommandTimeout='30']\nSELECT COUNT(*)\nFROM [BlogModel] AS [b]" }
{ "timestamp": "2024-08-05 07:26:34.5315", "level": "Info", "message": "Executed DbCommand (10ms) [Parameters=[@__p_0='?' (DbType = Int32), @__p_1='?' (DbType = Int32)], CommandType='Text', CommandTimeout='30']\nSELECT [b].[Id], [b].[Author], [b].[Description], [b].[Name]\nFROM [BlogModel] AS [b]\nORDER BY [b].[Description] DESC\nOFFSET @__p_0 ROWS FETCH NEXT @__p_1 ROWS ONLY" }
{ "timestamp": "2024-08-05 07:26:34.5315", "level": "Info", "message": "Executing OkObjectResult, writing value of type 'Blog.Domain.Extensions.PaginationHelper`1[[Blog.Domain.DomainModels.Response.BlogViewResponse, Blog.Domain, Version=1.0.0.0, Culture=neutral, PublicKeyToken=null]]'." }
{ "timestamp": "2024-08-05 07:26:34.5326", "level": "Info", "message": "Executed action Blog.Controllers.BlogController.GetAllBlogsAsync (Blog) in 43.4367ms" }
{ "timestamp": "2024-08-05 07:26:34.5326", "level": "Info", "message": "Executed endpoint 'Blog.Controllers.BlogController.GetAllBlogsAsync (Blog)'" }
{ "timestamp": "2024-08-05 07:26:34.5326", "level": "Info", "message": "Request finished HTTP/1.1 GET http://localhost:7001/api/Blog?pageSize=10&page=1 - - - 200 - application/json;+charset=utf-8 44.0435ms" }
{ "timestamp": "2024-08-05 07:30:03.8497", "level": "Info", "message": "Application is shutting down..." }
{ "timestamp": "2024-08-05 07:34:03.6697", "level": "Info", "message": "Now listening on: http://localhost:7001" }
{ "timestamp": "2024-08-05 07:34:03.7111", "level": "Info", "message": "Application started. Press Ctrl+C to shut down." }
{ "timestamp": "2024-08-05 07:34:03.7121", "level": "Info", "message": "Hosting environment: Development" }
{ "timestamp": "2024-08-05 07:34:03.7121", "level": "Info", "message": "Content root path: /Users/jeremiahekanem/Documents/C#Projects/CleanArchitectureMicroservice/BlogService/Blog" }
{ "timestamp": "2024-08-05 07:34:05.1354", "level": "Info", "message": "Executed DbCommand (345ms) [Parameters=[], CommandType='Text', CommandTimeout='30']\nSELECT 1" }
{ "timestamp": "2024-08-05 07:34:05.4085", "level": "Info", "message": "Executed DbCommand (60ms) [Parameters=[], CommandType='Text', CommandTimeout='30']\nSELECT OBJECT_ID(N'[__EFMigrationsHistory]');" }
{ "timestamp": "2024-08-05 07:34:05.9362", "level": "Info", "message": "Executed DbCommand (39ms) [Parameters=[], CommandType='Text', CommandTimeout='30']\nSELECT [MigrationId], [ProductVersion]\nFROM [__EFMigrationsHistory]\nORDER BY [MigrationId];" }
{ "timestamp": "2024-08-05 07:34:05.9638", "level": "Info", "message": "Executed DbCommand (11ms) [Parameters=[], CommandType='Text', CommandTimeout='30']\nSELECT 1" }
{ "timestamp": "2024-08-05 07:34:05.9761", "level": "Info", "message": "Executed DbCommand (12ms) [Parameters=[], CommandType='Text', CommandTimeout='30']\nSELECT OBJECT_ID(N'[__EFMigrationsHistory]');" }
{ "timestamp": "2024-08-05 07:34:05.9900", "level": "Info", "message": "Executed DbCommand (13ms) [Parameters=[], CommandType='Text', CommandTimeout='30']\nSELECT [MigrationId], [ProductVersion]\nFROM [__EFMigrationsHistory]\nORDER BY [MigrationId];" }
{ "timestamp": "2024-08-05 07:34:06.0127", "level": "Info", "message": "Executed DbCommand (8ms) [Parameters=[], CommandType='Text', CommandTimeout='30']\nSELECT 1" }
{ "timestamp": "2024-08-05 07:34:06.0333", "level": "Info", "message": "Request starting HTTP/1.1 GET http://localhost:7001/swagger/index.html - -" }
{ "timestamp": "2024-08-05 07:34:06.1800", "level": "Warn", "message": "Failed to determine the https port for redirect." }
{ "timestamp": "2024-08-05 07:34:06.4455", "level": "Info", "message": "Request finished HTTP/1.1 GET http://localhost:7001/swagger/index.html - - - 200 - text/html;charset=utf-8 413.2010ms" }
{ "timestamp": "2024-08-05 07:34:06.6655", "level": "Info", "message": "Executed DbCommand (60ms) [Parameters=[], CommandType='Text', CommandTimeout='30']\nSELECT CASE\n    WHEN EXISTS (\n        SELECT 1\n        FROM [BlogModel] AS [b]\n        WHERE [b].[Author] = N'Clark') THEN CAST(1 AS bit)\n    ELSE CAST(0 AS bit)\nEND" }
{ "timestamp": "2024-08-05 07:34:07.3936", "level": "Info", "message": "Request starting HTTP/1.1 GET http://localhost:7001/swagger/v1/swagger.json - -" }
{ "timestamp": "2024-08-05 07:34:07.8281", "level": "Info", "message": "Request finished HTTP/1.1 GET http://localhost:7001/swagger/v1/swagger.json - - - 200 - application/json;charset=utf-8 434.5170ms" }
{ "timestamp": "2024-08-05 07:34:11.5906", "level": "Info", "message": "Request starting HTTP/1.1 POST http://localhost:7001/api/Blog application/json 99" }
{ "timestamp": "2024-08-05 07:34:11.6045", "level": "Info", "message": "Executing endpoint 'Blog.Controllers.BlogController.CreateBlogAsync (Blog)'" }
{ "timestamp": "2024-08-05 07:34:11.6327", "level": "Info", "message": "Route matched with {action = \"CreateBlogAsync\", controller = \"Blog\"}. Executing controller action with signature System.Threading.Tasks.Task`1[Microsoft.AspNetCore.Mvc.IActionResult] CreateBlogAsync(Blog.Application.Blog.Commands.CreateBlog.CreateBlogCommand) on controller Blog.Controllers.BlogController (Blog)." }
{ "timestamp": "2024-08-05 07:34:12.2247", "level": "Info", "message": "Executed DbCommand (320ms) [Parameters=[@p0='?' (Size = 4000), @p1='?' (Size = 4000), @p2='?' (Size = 4000)], CommandType='Text', CommandTimeout='30']\nSET IMPLICIT_TRANSACTIONS OFF;\nSET NOCOUNT ON;\nINSERT INTO [BlogModel] ([Author], [Description], [Name])\nOUTPUT INSERTED.[Id]\nVALUES (@p0, @p1, @p2);" }
{ "timestamp": "2024-08-05 07:34:12.2695", "level": "Info", "message": "Executing CreatedAtActionResult, writing value of type 'Blog.Domain.DomainModels.Request.BlogViewRequest'." }
{ "timestamp": "2024-08-05 07:34:12.3094", "level": "Info", "message": "Executed action Blog.Controllers.BlogController.CreateBlogAsync (Blog) in 672.6974ms" }
{ "timestamp": "2024-08-05 07:34:12.3105", "level": "Info", "message": "Executed endpoint 'Blog.Controllers.BlogController.CreateBlogAsync (Blog)'" }
{ "timestamp": "2024-08-05 07:34:12.3158", "level": "Info", "message": "Request finished HTTP/1.1 POST http://localhost:7001/api/Blog application/json 99 - 201 - application/json;+charset=utf-8 726.2488ms" }
{ "timestamp": "2024-08-05 07:34:18.3123", "level": "Info", "message": "Request starting HTTP/1.1 GET http://localhost:7001/api/Blog?pageSize=10&page=1 - -" }
{ "timestamp": "2024-08-05 07:34:18.3199", "level": "Info", "message": "Executing endpoint 'Blog.Controllers.BlogController.GetAllBlogsAsync (Blog)'" }
{ "timestamp": "2024-08-05 07:34:18.3374", "level": "Info", "message": "Route matched with {action = \"GetAllBlogsAsync\", controller = \"Blog\"}. Executing controller action with signature System.Threading.Tasks.Task`1[Microsoft.AspNetCore.Mvc.IActionResult] GetAllBlogsAsync(System.String, System.String, System.String, Int32, Int32) on controller Blog.Controllers.BlogController (Blog)." }
{ "timestamp": "2024-08-05 07:34:18.4614", "level": "Info", "message": "Executed DbCommand (10ms) [Parameters=[], CommandType='Text', CommandTimeout='30']\nSELECT COUNT(*)\nFROM [BlogModel] AS [b]" }
{ "timestamp": "2024-08-05 07:34:18.5206", "level": "Info", "message": "Executed DbCommand (28ms) [Parameters=[@__p_0='?' (DbType = Int32), @__p_1='?' (DbType = Int32)], CommandType='Text', CommandTimeout='30']\nSELECT [b].[Id], [b].[Author], [b].[Description], [b].[Name]\nFROM [BlogModel] AS [b]\nORDER BY [b].[Description] DESC\nOFFSET @__p_0 ROWS FETCH NEXT @__p_1 ROWS ONLY" }
{ "timestamp": "2024-08-05 07:34:18.5294", "level": "Info", "message": "Executing OkObjectResult, writing value of type 'Blog.Domain.Extensions.PaginationHelper`1[[Blog.Domain.DomainModels.Response.BlogViewResponse, Blog.Domain, Version=1.0.0.0, Culture=neutral, PublicKeyToken=null]]'." }
{ "timestamp": "2024-08-05 07:34:18.5336", "level": "Info", "message": "Executed action Blog.Controllers.BlogController.GetAllBlogsAsync (Blog) in 195.6958ms" }
{ "timestamp": "2024-08-05 07:34:18.5336", "level": "Info", "message": "Executed endpoint 'Blog.Controllers.BlogController.GetAllBlogsAsync (Blog)'" }
{ "timestamp": "2024-08-05 07:34:18.5336", "level": "Info", "message": "Request finished HTTP/1.1 GET http://localhost:7001/api/Blog?pageSize=10&page=1 - - - 200 - application/json;+charset=utf-8 221.4637ms" }
{ "timestamp": "2024-08-05 07:34:44.8432", "level": "Info", "message": "Request starting HTTP/1.1 GET http://localhost:7001/api/Blog?name=Test%20blog%202&author=Clark&pageSize=10&page=1 - -" }
{ "timestamp": "2024-08-05 07:34:44.8463", "level": "Info", "message": "Executing endpoint 'Blog.Controllers.BlogController.GetAllBlogsAsync (Blog)'" }
{ "timestamp": "2024-08-05 07:34:44.8470", "level": "Info", "message": "Route matched with {action = \"GetAllBlogsAsync\", controller = \"Blog\"}. Executing controller action with signature System.Threading.Tasks.Task`1[Microsoft.AspNetCore.Mvc.IActionResult] GetAllBlogsAsync(System.String, System.String, System.String, Int32, Int32) on controller Blog.Controllers.BlogController (Blog)." }
{ "timestamp": "2024-08-05 07:34:44.9740", "level": "Info", "message": "Executed DbCommand (82ms) [Parameters=[@__model_Name_0='?' (Size = 4000), @__model_Author_1='?' (Size = 4000)], CommandType='Text', CommandTimeout='30']\nSELECT COUNT(*)\nFROM [BlogModel] AS [b]\nWHERE ((@__model_Name_0 LIKE N'') OR CHARINDEX(@__model_Name_0, [b].[Name]) > 0) AND [b].[Author] = @__model_Author_1" }
{ "timestamp": "2024-08-05 07:34:45.0298", "level": "Info", "message": "Executed DbCommand (30ms) [Parameters=[@__model_Name_0='?' (Size = 4000), @__model_Author_1='?' (Size = 4000), @__p_2='?' (DbType = Int32), @__p_3='?' (DbType = Int32)], CommandType='Text', CommandTimeout='30']\nSELECT [b].[Id], [b].[Author], [b].[Description], [b].[Name]\nFROM [BlogModel] AS [b]\nWHERE ((@__model_Name_0 LIKE N'') OR CHARINDEX(@__model_Name_0, [b].[Name]) > 0) AND [b].[Author] = @__model_Author_1\nORDER BY [b].[Description] DESC\nOFFSET @__p_2 ROWS FETCH NEXT @__p_3 ROWS ONLY" }
{ "timestamp": "2024-08-05 07:34:45.0325", "level": "Info", "message": "Executing OkObjectResult, writing value of type 'Blog.Domain.Extensions.PaginationHelper`1[[Blog.Domain.DomainModels.Response.BlogViewResponse, Blog.Domain, Version=1.0.0.0, Culture=neutral, PublicKeyToken=null]]'." }
{ "timestamp": "2024-08-05 07:34:45.0335", "level": "Info", "message": "Executed action Blog.Controllers.BlogController.GetAllBlogsAsync (Blog) in 186.3653ms" }
{ "timestamp": "2024-08-05 07:34:45.0335", "level": "Info", "message": "Executed endpoint 'Blog.Controllers.BlogController.GetAllBlogsAsync (Blog)'" }
{ "timestamp": "2024-08-05 07:34:45.0335", "level": "Info", "message": "Request finished HTTP/1.1 GET http://localhost:7001/api/Blog?name=Test%20blog%202&author=Clark&pageSize=10&page=1 - - - 200 - application/json;+charset=utf-8 191.0470ms" }
{ "timestamp": "2024-08-05 07:47:18.8329", "level": "Info", "message": "Application is shutting down..." }
{ "timestamp": "2024-08-05 07:49:13.4637", "level": "Info", "message": "Now listening on: http://localhost:7001" }
{ "timestamp": "2024-08-05 07:49:13.5108", "level": "Info", "message": "Application started. Press Ctrl+C to shut down." }
{ "timestamp": "2024-08-05 07:49:13.5124", "level": "Info", "message": "Hosting environment: Development" }
{ "timestamp": "2024-08-05 07:49:13.5124", "level": "Info", "message": "Content root path: /Users/jeremiahekanem/Documents/C#Projects/CleanArchitectureMicroservice/BlogService/Blog" }
{ "timestamp": "2024-08-05 07:49:14.7798", "level": "Info", "message": "Executed DbCommand (130ms) [Parameters=[], CommandType='Text', CommandTimeout='30']\nSELECT 1" }
{ "timestamp": "2024-08-05 07:49:14.8675", "level": "Info", "message": "Executed DbCommand (66ms) [Parameters=[], CommandType='Text', CommandTimeout='30']\nSELECT OBJECT_ID(N'[__EFMigrationsHistory]');" }
{ "timestamp": "2024-08-05 07:49:14.9429", "level": "Info", "message": "Executed DbCommand (41ms) [Parameters=[], CommandType='Text', CommandTimeout='30']\nSELECT [MigrationId], [ProductVersion]\nFROM [__EFMigrationsHistory]\nORDER BY [MigrationId];" }
{ "timestamp": "2024-08-05 07:49:14.9650", "level": "Info", "message": "Executed DbCommand (8ms) [Parameters=[], CommandType='Text', CommandTimeout='30']\nSELECT 1" }
{ "timestamp": "2024-08-05 07:49:14.9721", "level": "Info", "message": "Executed DbCommand (7ms) [Parameters=[], CommandType='Text', CommandTimeout='30']\nSELECT OBJECT_ID(N'[__EFMigrationsHistory]');" }
{ "timestamp": "2024-08-05 07:49:14.9834", "level": "Info", "message": "Executed DbCommand (11ms) [Parameters=[], CommandType='Text', CommandTimeout='30']\nSELECT [MigrationId], [ProductVersion]\nFROM [__EFMigrationsHistory]\nORDER BY [MigrationId];" }
{ "timestamp": "2024-08-05 07:49:15.0176", "level": "Info", "message": "Executed DbCommand (14ms) [Parameters=[], CommandType='Text', CommandTimeout='30']\nSELECT 1" }
{ "timestamp": "2024-08-05 07:49:15.3672", "level": "Info", "message": "Executed DbCommand (41ms) [Parameters=[], CommandType='Text', CommandTimeout='30']\nSELECT CASE\n    WHEN EXISTS (\n        SELECT 1\n        FROM [BlogModel] AS [b]\n        WHERE [b].[Author] = N'Clark') THEN CAST(1 AS bit)\n    ELSE CAST(0 AS bit)\nEND" }
{ "timestamp": "2024-08-05 07:49:16.1683", "level": "Info", "message": "Request starting HTTP/1.1 GET http://localhost:7001/swagger/index.html - -" }
{ "timestamp": "2024-08-05 07:49:16.2478", "level": "Warn", "message": "Failed to determine the https port for redirect." }
{ "timestamp": "2024-08-05 07:49:16.3534", "level": "Info", "message": "Request finished HTTP/1.1 GET http://localhost:7001/swagger/index.html - - - 200 - text/html;charset=utf-8 187.6912ms" }
{ "timestamp": "2024-08-05 07:49:16.7392", "level": "Info", "message": "Request starting HTTP/1.1 GET http://localhost:7001/swagger/v1/swagger.json - -" }
{ "timestamp": "2024-08-05 07:49:16.8571", "level": "Info", "message": "Request finished HTTP/1.1 GET http://localhost:7001/swagger/v1/swagger.json - - - 200 - application/json;charset=utf-8 117.9344ms" }
{ "timestamp": "2024-08-05 07:49:24.3978", "level": "Info", "message": "Request starting HTTP/1.1 GET http://localhost:7001/api/Blog?name=Test%20blog%202&author=Clark&pageSize=10&page=1 - -" }
{ "timestamp": "2024-08-05 07:49:24.4241", "level": "Info", "message": "Executing endpoint 'Blog.Controllers.BlogController.GetAllBlogsAsync (Blog)'" }
{ "timestamp": "2024-08-05 07:49:24.4673", "level": "Info", "message": "Route matched with {action = \"GetAllBlogsAsync\", controller = \"Blog\"}. Executing controller action with signature System.Threading.Tasks.Task`1[Microsoft.AspNetCore.Mvc.IActionResult] GetAllBlogsAsync(System.String, System.String, System.String, Int32, Int32) on controller Blog.Controllers.BlogController (Blog)." }
{ "timestamp": "2024-08-05 07:49:24.6753", "level": "Info", "message": "Executed DbCommand (67ms) [Parameters=[@__model_Name_0='?' (Size = 4000), @__model_Author_1='?' (Size = 4000)], CommandType='Text', CommandTimeout='30']\nSELECT COUNT(*)\nFROM [BlogModel] AS [b]\nWHERE ((@__model_Name_0 LIKE N'') OR CHARINDEX(@__model_Name_0, [b].[Name]) > 0) AND [b].[Author] = @__model_Author_1" }
{ "timestamp": "2024-08-05 07:49:24.7334", "level": "Info", "message": "Executed DbCommand (22ms) [Parameters=[@__model_Name_0='?' (Size = 4000), @__model_Author_1='?' (Size = 4000), @__p_2='?' (DbType = Int32), @__p_3='?' (DbType = Int32)], CommandType='Text', CommandTimeout='30']\nSELECT [b].[Id], [b].[Author], [b].[Description], [b].[Name]\nFROM [BlogModel] AS [b]\nWHERE ((@__model_Name_0 LIKE N'') OR CHARINDEX(@__model_Name_0, [b].[Name]) > 0) AND [b].[Author] = @__model_Author_1\nORDER BY [b].[Description] DESC\nOFFSET @__p_2 ROWS FETCH NEXT @__p_3 ROWS ONLY" }
{ "timestamp": "2024-08-05 07:49:24.7885", "level": "Info", "message": "Executing OkObjectResult, writing value of type 'Blog.Domain.Extensions.PaginationHelper`1[[Blog.Domain.DomainModels.Response.BlogViewResponse, Blog.Domain, Version=1.0.0.0, Culture=neutral, PublicKeyToken=null]]'." }
{ "timestamp": "2024-08-05 07:49:24.8016", "level": "Info", "message": "Executed action Blog.Controllers.BlogController.GetAllBlogsAsync (Blog) in 330.5386ms" }
{ "timestamp": "2024-08-05 07:49:24.8025", "level": "Info", "message": "Executed endpoint 'Blog.Controllers.BlogController.GetAllBlogsAsync (Blog)'" }
{ "timestamp": "2024-08-05 07:49:24.8074", "level": "Info", "message": "Request finished HTTP/1.1 GET http://localhost:7001/api/Blog?name=Test%20blog%202&author=Clark&pageSize=10&page=1 - - - 200 - application/json;+charset=utf-8 411.9733ms" }
{ "timestamp": "2024-08-05 07:49:30.6217", "level": "Info", "message": "Request starting HTTP/1.1 GET http://localhost:7001/api/Blog?author=Clark&pageSize=10&page=1 - -" }
{ "timestamp": "2024-08-05 07:49:30.6227", "level": "Info", "message": "Executing endpoint 'Blog.Controllers.BlogController.GetAllBlogsAsync (Blog)'" }
{ "timestamp": "2024-08-05 07:49:30.6229", "level": "Info", "message": "Route matched with {action = \"GetAllBlogsAsync\", controller = \"Blog\"}. Executing controller action with signature System.Threading.Tasks.Task`1[Microsoft.AspNetCore.Mvc.IActionResult] GetAllBlogsAsync(System.String, System.String, System.String, Int32, Int32) on controller Blog.Controllers.BlogController (Blog)." }
{ "timestamp": "2024-08-05 07:49:30.7043", "level": "Info", "message": "Executed DbCommand (11ms) [Parameters=[@__model_Author_0='?' (Size = 4000)], CommandType='Text', CommandTimeout='30']\nSELECT COUNT(*)\nFROM [BlogModel] AS [b]\nWHERE [b].[Author] = @__model_Author_0" }
{ "timestamp": "2024-08-05 07:49:30.7197", "level": "Info", "message": "Executed DbCommand (12ms) [Parameters=[@__model_Author_0='?' (Size = 4000), @__p_1='?' (DbType = Int32), @__p_2='?' (DbType = Int32)], CommandType='Text', CommandTimeout='30']\nSELECT [b].[Id], [b].[Author], [b].[Description], [b].[Name]\nFROM [BlogModel] AS [b]\nWHERE [b].[Author] = @__model_Author_0\nORDER BY [b].[Description] DESC\nOFFSET @__p_1 ROWS FETCH NEXT @__p_2 ROWS ONLY" }
{ "timestamp": "2024-08-05 07:49:30.7206", "level": "Info", "message": "Executing OkObjectResult, writing value of type 'Blog.Domain.Extensions.PaginationHelper`1[[Blog.Domain.DomainModels.Response.BlogViewResponse, Blog.Domain, Version=1.0.0.0, Culture=neutral, PublicKeyToken=null]]'." }
{ "timestamp": "2024-08-05 07:49:30.7206", "level": "Info", "message": "Executed action Blog.Controllers.BlogController.GetAllBlogsAsync (Blog) in 97.8744ms" }
{ "timestamp": "2024-08-05 07:49:30.7213", "level": "Info", "message": "Executed endpoint 'Blog.Controllers.BlogController.GetAllBlogsAsync (Blog)'" }
{ "timestamp": "2024-08-05 07:49:30.7213", "level": "Info", "message": "Request finished HTTP/1.1 GET http://localhost:7001/api/Blog?author=Clark&pageSize=10&page=1 - - - 200 - application/json;+charset=utf-8 99.8997ms" }
{ "timestamp": "2024-08-05 07:49:41.4578", "level": "Info", "message": "Request starting HTTP/1.1 GET http://localhost:7001/api/Blog?name=Test%20blog%202&pageSize=10&page=1 - -" }
{ "timestamp": "2024-08-05 07:49:41.4605", "level": "Info", "message": "Executing endpoint 'Blog.Controllers.BlogController.GetAllBlogsAsync (Blog)'" }
{ "timestamp": "2024-08-05 07:49:41.4612", "level": "Info", "message": "Route matched with {action = \"GetAllBlogsAsync\", controller = \"Blog\"}. Executing controller action with signature System.Threading.Tasks.Task`1[Microsoft.AspNetCore.Mvc.IActionResult] GetAllBlogsAsync(System.String, System.String, System.String, Int32, Int32) on controller Blog.Controllers.BlogController (Blog)." }
{ "timestamp": "2024-08-05 07:49:41.5150", "level": "Info", "message": "Executed DbCommand (31ms) [Parameters=[@__model_Name_0='?' (Size = 4000)], CommandType='Text', CommandTimeout='30']\nSELECT COUNT(*)\nFROM [BlogModel] AS [b]\nWHERE (@__model_Name_0 LIKE N'') OR CHARINDEX(@__model_Name_0, [b].[Name]) > 0" }
{ "timestamp": "2024-08-05 07:49:41.5500", "level": "Info", "message": "Executed DbCommand (14ms) [Parameters=[@__model_Name_0='?' (Size = 4000), @__p_1='?' (DbType = Int32), @__p_2='?' (DbType = Int32)], CommandType='Text', CommandTimeout='30']\nSELECT [b].[Id], [b].[Author], [b].[Description], [b].[Name]\nFROM [BlogModel] AS [b]\nWHERE (@__model_Name_0 LIKE N'') OR CHARINDEX(@__model_Name_0, [b].[Name]) > 0\nORDER BY [b].[Description] DESC\nOFFSET @__p_1 ROWS FETCH NEXT @__p_2 ROWS ONLY" }
{ "timestamp": "2024-08-05 07:49:41.5511", "level": "Info", "message": "Executing OkObjectResult, writing value of type 'Blog.Domain.Extensions.PaginationHelper`1[[Blog.Domain.DomainModels.Response.BlogViewResponse, Blog.Domain, Version=1.0.0.0, Culture=neutral, PublicKeyToken=null]]'." }
{ "timestamp": "2024-08-05 07:49:41.5520", "level": "Info", "message": "Executed action Blog.Controllers.BlogController.GetAllBlogsAsync (Blog) in 90.5123ms" }
{ "timestamp": "2024-08-05 07:49:41.5520", "level": "Info", "message": "Executed endpoint 'Blog.Controllers.BlogController.GetAllBlogsAsync (Blog)'" }
{ "timestamp": "2024-08-05 07:49:41.5520", "level": "Info", "message": "Request finished HTTP/1.1 GET http://localhost:7001/api/Blog?name=Test%20blog%202&pageSize=10&page=1 - - - 200 - application/json;+charset=utf-8 95.9538ms" }
{ "timestamp": "2024-08-05 07:49:47.6799", "level": "Info", "message": "Request starting HTTP/1.1 GET http://localhost:7001/api/Blog?name=Test%20blog%202&author=clark&pageSize=10&page=1 - -" }
{ "timestamp": "2024-08-05 07:49:47.6809", "level": "Info", "message": "Executing endpoint 'Blog.Controllers.BlogController.GetAllBlogsAsync (Blog)'" }
{ "timestamp": "2024-08-05 07:49:47.6809", "level": "Info", "message": "Route matched with {action = \"GetAllBlogsAsync\", controller = \"Blog\"}. Executing controller action with signature System.Threading.Tasks.Task`1[Microsoft.AspNetCore.Mvc.IActionResult] GetAllBlogsAsync(System.String, System.String, System.String, Int32, Int32) on controller Blog.Controllers.BlogController (Blog)." }
{ "timestamp": "2024-08-05 07:49:47.7021", "level": "Info", "message": "Executed DbCommand (12ms) [Parameters=[@__model_Name_0='?' (Size = 4000), @__model_Author_1='?' (Size = 4000)], CommandType='Text', CommandTimeout='30']\nSELECT COUNT(*)\nFROM [BlogModel] AS [b]\nWHERE ((@__model_Name_0 LIKE N'') OR CHARINDEX(@__model_Name_0, [b].[Name]) > 0) AND [b].[Author] = @__model_Author_1" }
{ "timestamp": "2024-08-05 07:49:47.7114", "level": "Info", "message": "Executed DbCommand (8ms) [Parameters=[@__model_Name_0='?' (Size = 4000), @__model_Author_1='?' (Size = 4000), @__p_2='?' (DbType = Int32), @__p_3='?' (DbType = Int32)], CommandType='Text', CommandTimeout='30']\nSELECT [b].[Id], [b].[Author], [b].[Description], [b].[Name]\nFROM [BlogModel] AS [b]\nWHERE ((@__model_Name_0 LIKE N'') OR CHARINDEX(@__model_Name_0, [b].[Name]) > 0) AND [b].[Author] = @__model_Author_1\nORDER BY [b].[Description] DESC\nOFFSET @__p_2 ROWS FETCH NEXT @__p_3 ROWS ONLY" }
{ "timestamp": "2024-08-05 07:49:47.7127", "level": "Info", "message": "Executing OkObjectResult, writing value of type 'Blog.Domain.Extensions.PaginationHelper`1[[Blog.Domain.DomainModels.Response.BlogViewResponse, Blog.Domain, Version=1.0.0.0, Culture=neutral, PublicKeyToken=null]]'." }
{ "timestamp": "2024-08-05 07:49:47.7131", "level": "Info", "message": "Executed action Blog.Controllers.BlogController.GetAllBlogsAsync (Blog) in 31.7964ms" }
{ "timestamp": "2024-08-05 07:49:47.7131", "level": "Info", "message": "Executed endpoint 'Blog.Controllers.BlogController.GetAllBlogsAsync (Blog)'" }
{ "timestamp": "2024-08-05 07:49:47.7131", "level": "Info", "message": "Request finished HTTP/1.1 GET http://localhost:7001/api/Blog?name=Test%20blog%202&author=clark&pageSize=10&page=1 - - - 200 - application/json;+charset=utf-8 33.3783ms" }
