{ "timestamp": "2024-08-03 07:02:27.4446", "level": "Info", "message": "Now listening on: http://localhost:7001" }
{ "timestamp": "2024-08-03 07:02:27.4712", "level": "Info", "message": "Application started. Press Ctrl+C to shut down." }
{ "timestamp": "2024-08-03 07:02:27.4721", "level": "Info", "message": "Hosting environment: Development" }
{ "timestamp": "2024-08-03 07:02:27.4721", "level": "Info", "message": "Content root path: /Users/jeremiahekanem/Documents/C#Projects/CleanArchitectureMicroservice/BlogService/Blog" }
{ "timestamp": "2024-08-03 07:02:28.1812", "level": "Info", "message": "Request starting HTTP/1.1 GET http://localhost:7001/swagger/index.html - -" }
{ "timestamp": "2024-08-03 07:02:28.2112", "level": "Warn", "message": "Failed to determine the https port for redirect." }
{ "timestamp": "2024-08-03 07:02:28.3856", "level": "Info", "message": "Request finished HTTP/1.1 GET http://localhost:7001/swagger/index.html - - - 200 - text/html;charset=utf-8 206.0202ms" }
{ "timestamp": "2024-08-03 07:02:28.4277", "level": "Info", "message": "Request starting HTTP/1.1 GET http://localhost:7001/swagger/swagger-ui-bundle.js - -" }
{ "timestamp": "2024-08-03 07:02:28.4277", "level": "Info", "message": "Request starting HTTP/1.1 GET http://localhost:7001/swagger/swagger-ui-standalone-preset.js - -" }
{ "timestamp": "2024-08-03 07:02:28.4316", "level": "Info", "message": "Request starting HTTP/1.1 GET http://localhost:7001/swagger/swagger-ui.css - -" }
{ "timestamp": "2024-08-03 07:02:28.4669", "level": "Info", "message": "Sending file. Request path: '/swagger-ui.css'. Physical path: 'N/A'" }
{ "timestamp": "2024-08-03 07:02:28.4669", "level": "Info", "message": "Sending file. Request path: '/swagger-ui-standalone-preset.js'. Physical path: 'N/A'" }
{ "timestamp": "2024-08-03 07:02:28.4669", "level": "Info", "message": "Sending file. Request path: '/swagger-ui-bundle.js'. Physical path: 'N/A'" }
{ "timestamp": "2024-08-03 07:02:28.4725", "level": "Info", "message": "Request finished HTTP/1.1 GET http://localhost:7001/swagger/swagger-ui-standalone-preset.js - - - 200 339486 text/javascript 44.8996ms" }
{ "timestamp": "2024-08-03 07:02:28.4725", "level": "Info", "message": "Request finished HTTP/1.1 GET http://localhost:7001/swagger/swagger-ui.css - - - 200 143943 text/css 40.8534ms" }
{ "timestamp": "2024-08-03 07:02:28.4725", "level": "Info", "message": "Request finished HTTP/1.1 GET http://localhost:7001/swagger/swagger-ui-bundle.js - - - 200 1096145 text/javascript 44.8312ms" }
{ "timestamp": "2024-08-03 07:02:28.6898", "level": "Info", "message": "Request starting HTTP/1.1 GET http://localhost:7001/swagger/v1/swagger.json - -" }
{ "timestamp": "2024-08-03 07:02:28.7873", "level": "Info", "message": "Request finished HTTP/1.1 GET http://localhost:7001/swagger/v1/swagger.json - - - 200 - application/json;charset=utf-8 97.5421ms" }
{ "timestamp": "2024-08-03 07:03:56.6728", "level": "Info", "message": "Now listening on: http://localhost:7001" }
{ "timestamp": "2024-08-03 07:03:56.7025", "level": "Info", "message": "Application started. Press Ctrl+C to shut down." }
{ "timestamp": "2024-08-03 07:03:56.7039", "level": "Info", "message": "Hosting environment: Development" }
{ "timestamp": "2024-08-03 07:03:56.7039", "level": "Info", "message": "Content root path: /Users/jeremiahekanem/Documents/C#Projects/CleanArchitectureMicroservice/BlogService/Blog" }
{ "timestamp": "2024-08-03 07:03:56.9887", "level": "Info", "message": "Executed DbCommand (52ms) [Parameters=[], CommandType='Text', CommandTimeout='30']\nSELECT 1" }
{ "timestamp": "2024-08-03 07:03:57.0524", "level": "Info", "message": "Executed DbCommand (45ms) [Parameters=[], CommandType='Text', CommandTimeout='30']\nSELECT OBJECT_ID(N'[__EFMigrationsHistory]');" }
{ "timestamp": "2024-08-03 07:03:57.0958", "level": "Info", "message": "Executed DbCommand (17ms) [Parameters=[], CommandType='Text', CommandTimeout='30']\nSELECT [MigrationId], [ProductVersion]\nFROM [__EFMigrationsHistory]\nORDER BY [MigrationId];" }
{ "timestamp": "2024-08-03 07:03:57.1177", "level": "Info", "message": "Executed DbCommand (6ms) [Parameters=[], CommandType='Text', CommandTimeout='30']\nSELECT 1" }
{ "timestamp": "2024-08-03 07:03:57.1219", "level": "Info", "message": "Executed DbCommand (4ms) [Parameters=[], CommandType='Text', CommandTimeout='30']\nSELECT OBJECT_ID(N'[__EFMigrationsHistory]');" }
{ "timestamp": "2024-08-03 07:03:57.1256", "level": "Info", "message": "Executed DbCommand (3ms) [Parameters=[], CommandType='Text', CommandTimeout='30']\nSELECT [MigrationId], [ProductVersion]\nFROM [__EFMigrationsHistory]\nORDER BY [MigrationId];" }
{ "timestamp": "2024-08-03 07:03:57.1425", "level": "Info", "message": "Executed DbCommand (9ms) [Parameters=[], CommandType='Text', CommandTimeout='30']\nSELECT 1" }
{ "timestamp": "2024-08-03 07:03:57.5776", "level": "Info", "message": "Executed DbCommand (42ms) [Parameters=[], CommandType='Text', CommandTimeout='30']\nSELECT CASE\n    WHEN EXISTS (\n        SELECT 1\n        FROM [BlogModel] AS [b]\n        WHERE [b].[Author] = N'Clark') THEN CAST(1 AS bit)\n    ELSE CAST(0 AS bit)\nEND" }
{ "timestamp": "2024-08-03 07:03:57.7885", "level": "Info", "message": "Request starting HTTP/1.1 GET http://localhost:7001/swagger/index.html - -" }
{ "timestamp": "2024-08-03 07:03:57.8113", "level": "Warn", "message": "Failed to determine the https port for redirect." }
{ "timestamp": "2024-08-03 07:03:57.9232", "level": "Info", "message": "Request finished HTTP/1.1 GET http://localhost:7001/swagger/index.html - - - 200 - text/html;charset=utf-8 135.8432ms" }
{ "timestamp": "2024-08-03 07:03:58.1151", "level": "Info", "message": "Request starting HTTP/1.1 GET http://localhost:7001/swagger/v1/swagger.json - -" }
{ "timestamp": "2024-08-03 07:03:58.2031", "level": "Info", "message": "Request finished HTTP/1.1 GET http://localhost:7001/swagger/v1/swagger.json - - - 200 - application/json;charset=utf-8 87.9656ms" }
{ "timestamp": "2024-08-03 07:04:01.9943", "level": "Info", "message": "Request starting HTTP/1.1 GET http://localhost:7001/api/Blog/2 - -" }
{ "timestamp": "2024-08-03 07:04:01.9999", "level": "Info", "message": "Executing endpoint 'Blog.Controllers.BlogController.GetBlogByIdAsync (Blog)'" }
{ "timestamp": "2024-08-03 07:04:02.0423", "level": "Info", "message": "Route matched with {action = \"GetBlogByIdAsync\", controller = \"Blog\"}. Executing controller action with signature System.Threading.Tasks.Task`1[Microsoft.AspNetCore.Mvc.IActionResult] GetBlogByIdAsync(Int32) on controller Blog.Controllers.BlogController (Blog)." }
{ "timestamp": "2024-08-03 07:04:02.1849", "level": "Info", "message": "Executed DbCommand (51ms) [Parameters=[@__request_BlogId_0='?' (DbType = Int32)], CommandType='Text', CommandTimeout='30']\nSELECT TOP(1) [b].[Id], [b].[Author], [b].[Description], [b].[Name]\nFROM [BlogModel] AS [b]\nWHERE [b].[Id] = @__request_BlogId_0" }
{ "timestamp": "2024-08-03 07:04:02.2027", "level": "Info", "message": "Executing OkObjectResult, writing value of type 'Blog.Domain.DomainModels.Response.BlogViewResponse'." }
{ "timestamp": "2024-08-03 07:04:02.2154", "level": "Info", "message": "Executed action Blog.Controllers.BlogController.GetBlogByIdAsync (Blog) in 169.0391ms" }
{ "timestamp": "2024-08-03 07:04:02.2165", "level": "Info", "message": "Executed endpoint 'Blog.Controllers.BlogController.GetBlogByIdAsync (Blog)'" }
{ "timestamp": "2024-08-03 07:04:02.2223", "level": "Info", "message": "Request finished HTTP/1.1 GET http://localhost:7001/api/Blog/2 - - - 200 - application/json;+charset=utf-8 227.9906ms" }
{ "timestamp": "2024-08-03 07:04:10.9273", "level": "Info", "message": "Request starting HTTP/1.1 GET http://localhost:7001/api/Blog/6 - -" }
{ "timestamp": "2024-08-03 07:04:10.9312", "level": "Info", "message": "Executing endpoint 'Blog.Controllers.BlogController.GetBlogByIdAsync (Blog)'" }
{ "timestamp": "2024-08-03 07:04:10.9324", "level": "Info", "message": "Route matched with {action = \"GetBlogByIdAsync\", controller = \"Blog\"}. Executing controller action with signature System.Threading.Tasks.Task`1[Microsoft.AspNetCore.Mvc.IActionResult] GetBlogByIdAsync(Int32) on controller Blog.Controllers.BlogController (Blog)." }
{ "timestamp": "2024-08-03 07:04:11.0112", "level": "Info", "message": "Executed DbCommand (7ms) [Parameters=[@__request_BlogId_0='?' (DbType = Int32)], CommandType='Text', CommandTimeout='30']\nSELECT TOP(1) [b].[Id], [b].[Author], [b].[Description], [b].[Name]\nFROM [BlogModel] AS [b]\nWHERE [b].[Id] = @__request_BlogId_0" }
{ "timestamp": "2024-08-03 07:04:11.0126", "level": "Info", "message": "Executing OkObjectResult, writing value of type 'Blog.Domain.DomainModels.Response.BlogViewResponse'." }
{ "timestamp": "2024-08-03 07:04:11.0126", "level": "Info", "message": "Executed action Blog.Controllers.BlogController.GetBlogByIdAsync (Blog) in 80.5039ms" }
{ "timestamp": "2024-08-03 07:04:11.0131", "level": "Info", "message": "Executed endpoint 'Blog.Controllers.BlogController.GetBlogByIdAsync (Blog)'" }
{ "timestamp": "2024-08-03 07:04:11.0131", "level": "Info", "message": "Request finished HTTP/1.1 GET http://localhost:7001/api/Blog/6 - - - 200 - application/json;+charset=utf-8 86.3206ms" }
{ "timestamp": "2024-08-03 07:04:24.6045", "level": "Info", "message": "Request starting HTTP/1.1 GET http://localhost:7001/api/Blog?pageNumber=1&pageSize=20 - -" }
{ "timestamp": "2024-08-03 07:04:24.6064", "level": "Info", "message": "Executing endpoint 'Blog.Controllers.BlogController.GetAllBlogsAsync (Blog)'" }
{ "timestamp": "2024-08-03 07:04:24.6224", "level": "Info", "message": "Route matched with {action = \"GetAllBlogsAsync\", controller = \"Blog\"}. Executing controller action with signature System.Threading.Tasks.Task`1[Microsoft.AspNetCore.Mvc.IActionResult] GetAllBlogsAsync(Int32, Int32) on controller Blog.Controllers.BlogController (Blog)." }
{ "timestamp": "2024-08-03 07:04:24.7064", "level": "Info", "message": "Executed DbCommand (13ms) [Parameters=[], CommandType='Text', CommandTimeout='30']\nSELECT COUNT(*)\nFROM [BlogModel] AS [b]\nWHERE [b].[Author] = N'Clark'" }
{ "timestamp": "2024-08-03 07:04:24.7287", "level": "Info", "message": "Executed DbCommand (12ms) [Parameters=[@__p_0='?' (DbType = Int32), @__p_1='?' (DbType = Int32)], CommandType='Text', CommandTimeout='30']\nSELECT [b].[Id], [b].[Author], [b].[Description], [b].[Name]\nFROM [BlogModel] AS [b]\nWHERE [b].[Author] = N'Clark'\nORDER BY [b].[Description] DESC\nOFFSET @__p_0 ROWS FETCH NEXT @__p_1 ROWS ONLY" }
{ "timestamp": "2024-08-03 07:04:24.7668", "level": "Info", "message": "Executing OkObjectResult, writing value of type 'Blog.Domain.Extensions.PaginationHelper`1[[Blog.Domain.DomainModels.Response.BlogViewResponse, Blog.Domain, Version=1.0.0.0, Culture=neutral, PublicKeyToken=null]]'." }
{ "timestamp": "2024-08-03 07:04:24.7701", "level": "Info", "message": "Executed action Blog.Controllers.BlogController.GetAllBlogsAsync (Blog) in 147.4455ms" }
{ "timestamp": "2024-08-03 07:04:24.7701", "level": "Info", "message": "Executed endpoint 'Blog.Controllers.BlogController.GetAllBlogsAsync (Blog)'" }
{ "timestamp": "2024-08-03 07:04:24.7701", "level": "Info", "message": "Request finished HTTP/1.1 GET http://localhost:7001/api/Blog?pageNumber=1&pageSize=20 - - - 200 - application/json;+charset=utf-8 165.9905ms" }
{ "timestamp": "2024-08-03 07:16:11.5889", "level": "Info", "message": "Application is shutting down..." }
