{ "timestamp": "2024-07-31 07:59:28.8591", "level": "Info", "message": "Application is shutting down..." }
{ "timestamp": "2024-07-31 08:01:18.2133", "level": "Info", "message": "Now listening on: http://localhost:7001" }
{ "timestamp": "2024-07-31 08:01:18.2431", "level": "Info", "message": "Application started. Press Ctrl+C to shut down." }
{ "timestamp": "2024-07-31 08:01:18.2440", "level": "Info", "message": "Hosting environment: Development" }
{ "timestamp": "2024-07-31 08:01:18.2440", "level": "Info", "message": "Content root path: /Users/jeremiahekanem/Documents/C#Projects/CleanArchitectureMicroservice/BlogService/Blog" }
{ "timestamp": "2024-07-31 08:01:18.6384", "level": "Info", "message": "Executed DbCommand (85ms) [Parameters=[], CommandType='Text', CommandTimeout='30']\nSELECT 1" }
{ "timestamp": "2024-07-31 08:01:18.7444", "level": "Info", "message": "Executed DbCommand (74ms) [Parameters=[], CommandType='Text', CommandTimeout='30']\nSELECT OBJECT_ID(N'[__EFMigrationsHistory]');" }
{ "timestamp": "2024-07-31 08:01:18.8322", "level": "Info", "message": "Executed DbCommand (35ms) [Parameters=[], CommandType='Text', CommandTimeout='30']\nSELECT [MigrationId], [ProductVersion]\nFROM [__EFMigrationsHistory]\nORDER BY [MigrationId];" }
{ "timestamp": "2024-07-31 08:01:18.8712", "level": "Info", "message": "Executed DbCommand (12ms) [Parameters=[], CommandType='Text', CommandTimeout='30']\nSELECT 1" }
{ "timestamp": "2024-07-31 08:01:18.8821", "level": "Info", "message": "Executed DbCommand (10ms) [Parameters=[], CommandType='Text', CommandTimeout='30']\nSELECT OBJECT_ID(N'[__EFMigrationsHistory]');" }
{ "timestamp": "2024-07-31 08:01:18.8927", "level": "Info", "message": "Executed DbCommand (10ms) [Parameters=[], CommandType='Text', CommandTimeout='30']\nSELECT [MigrationId], [ProductVersion]\nFROM [__EFMigrationsHistory]\nORDER BY [MigrationId];" }
{ "timestamp": "2024-07-31 08:01:18.9135", "level": "Info", "message": "Executed DbCommand (7ms) [Parameters=[], CommandType='Text', CommandTimeout='30']\nSELECT 1" }
{ "timestamp": "2024-07-31 08:01:19.2406", "level": "Info", "message": "Executed DbCommand (22ms) [Parameters=[], CommandType='Text', CommandTimeout='30']\nSELECT CASE\n    WHEN EXISTS (\n        SELECT 1\n        FROM [BlogModel] AS [b]\n        WHERE [b].[Author] = N'Clark') THEN CAST(1 AS bit)\n    ELSE CAST(0 AS bit)\nEND" }
{ "timestamp": "2024-07-31 08:01:19.4029", "level": "Info", "message": "Request starting HTTP/1.1 GET http://localhost:7001/swagger/index.html - -" }
{ "timestamp": "2024-07-31 08:01:19.5213", "level": "Warn", "message": "Failed to determine the https port for redirect." }
{ "timestamp": "2024-07-31 08:01:19.6172", "level": "Info", "message": "Request finished HTTP/1.1 GET http://localhost:7001/swagger/index.html - - - 200 - text/html;charset=utf-8 215.2977ms" }
{ "timestamp": "2024-07-31 08:01:20.0603", "level": "Info", "message": "Request starting HTTP/1.1 GET http://localhost:7001/swagger/v1/swagger.json - -" }
{ "timestamp": "2024-07-31 08:01:20.1638", "level": "Info", "message": "Request finished HTTP/1.1 GET http://localhost:7001/swagger/v1/swagger.json - - - 200 - application/json;charset=utf-8 103.5115ms" }
{ "timestamp": "2024-07-31 08:04:41.0607", "level": "Info", "message": "Request starting HTTP/1.1 GET http://localhost:7001/api/Blog - -" }
{ "timestamp": "2024-07-31 08:04:41.1830", "level": "Info", "message": "Executing endpoint 'Blog.Controllers.BlogController.GetAllBlogsAsync (Blog)'" }
{ "timestamp": "2024-07-31 08:04:41.2931", "level": "Info", "message": "Route matched with {action = \"GetAllBlogsAsync\", controller = \"Blog\"}. Executing controller action with signature System.Threading.Tasks.Task`1[Microsoft.AspNetCore.Mvc.IActionResult] GetAllBlogsAsync() on controller Blog.Controllers.BlogController (Blog)." }
{ "timestamp": "2024-07-31 08:04:41.7314", "level": "Info", "message": "Executed DbCommand (149ms) [Parameters=[], CommandType='Text', CommandTimeout='30']\nSELECT COUNT(*)\nFROM [BlogModel] AS [b]\nWHERE [b].[Author] = N'Clark'" }
{ "timestamp": "2024-07-31 08:04:41.8703", "level": "Info", "message": "Executed DbCommand (85ms) [Parameters=[@__p_0='?' (DbType = Int32), @__p_1='?' (DbType = Int32)], CommandType='Text', CommandTimeout='30']\nSELECT [b].[Id], [b].[Author], [b].[Description], [b].[Name]\nFROM [BlogModel] AS [b]\nWHERE [b].[Author] = N'Clark'\nORDER BY [b].[Description] DESC\nOFFSET @__p_0 ROWS FETCH NEXT @__p_1 ROWS ONLY" }
{ "timestamp": "2024-07-31 08:04:41.9193", "level": "Info", "message": "current page ---> 1" }
{ "timestamp": "2024-07-31 08:04:42.0402", "level": "Info", "message": "Blog model Object: [{\"Id\":4,\"Name\":\"Test blog 2\",\"Description\":\"z adventures\",\"Author\":\"Clark\"},{\"Id\":6,\"Name\":\"Test blog 4\",\"Description\":\"r adventures\",\"Author\":\"Clark\"},{\"Id\":7,\"Name\":\"Test blog 5\",\"Description\":\"q adventures\",\"Author\":\"Clark\"},{\"Id\":5,\"Name\":\"Test blog 3\",\"Description\":\"e adventures\",\"Author\":\"Clark\"},{\"Id\":3,\"Name\":\"Test blog 1\",\"Description\":\"B adventures\",\"Author\":\"Clark\"},{\"Id\":1,\"Name\":\"Clark Blogs\",\"Description\":\"Adventures of superman\",\"Author\":\"Clark\"}]" }
{ "timestamp": "2024-07-31 08:04:42.0402", "level": "Info", "message": "Logging with Nlog" }
{ "timestamp": "2024-07-31 08:04:42.0797", "level": "Info", "message": "Blog model response: [{\"Id\":4,\"Name\":\"Test blog 2\",\"Description\":\"z adventures\",\"Author\":\"Clark\"},{\"Id\":6,\"Name\":\"Test blog 4\",\"Description\":\"r adventures\",\"Author\":\"Clark\"},{\"Id\":7,\"Name\":\"Test blog 5\",\"Description\":\"q adventures\",\"Author\":\"Clark\"},{\"Id\":5,\"Name\":\"Test blog 3\",\"Description\":\"e adventures\",\"Author\":\"Clark\"},{\"Id\":3,\"Name\":\"Test blog 1\",\"Description\":\"B adventures\",\"Author\":\"Clark\"},{\"Id\":1,\"Name\":\"Clark Blogs\",\"Description\":\"Adventures of superman\",\"Author\":\"Clark\"}]" }
{ "timestamp": "2024-07-31 08:04:42.0943", "level": "Info", "message": "Executing OkObjectResult, writing value of type 'Blog.Application.Extensions.PaginationHelper`1[[Blog.Application.Blog.BlogViewModel, Blog.Application, Version=1.0.0.0, Culture=neutral, PublicKeyToken=null]]'." }
{ "timestamp": "2024-07-31 08:04:42.1137", "level": "Info", "message": "Executed action Blog.Controllers.BlogController.GetAllBlogsAsync (Blog) in 815.84ms" }
{ "timestamp": "2024-07-31 08:04:42.1155", "level": "Info", "message": "Executed endpoint 'Blog.Controllers.BlogController.GetAllBlogsAsync (Blog)'" }
{ "timestamp": "2024-07-31 08:04:42.1242", "level": "Info", "message": "Request finished HTTP/1.1 GET http://localhost:7001/api/Blog - - - 200 - application/json;+charset=utf-8 1068.3747ms" }
{ "timestamp": "2024-07-31 08:10:30.4396", "level": "Info", "message": "Application is shutting down..." }
{ "timestamp": "2024-07-31 08:12:05.1744", "level": "Info", "message": "Now listening on: http://localhost:7001" }
{ "timestamp": "2024-07-31 08:12:05.3007", "level": "Info", "message": "Application started. Press Ctrl+C to shut down." }
{ "timestamp": "2024-07-31 08:12:05.3084", "level": "Info", "message": "Hosting environment: Development" }
{ "timestamp": "2024-07-31 08:12:05.3084", "level": "Info", "message": "Content root path: /Users/jeremiahekanem/Documents/C#Projects/CleanArchitectureMicroservice/BlogService/Blog" }
{ "timestamp": "2024-07-31 08:12:05.8708", "level": "Info", "message": "Executed DbCommand (82ms) [Parameters=[], CommandType='Text', CommandTimeout='30']\nSELECT 1" }
{ "timestamp": "2024-07-31 08:12:05.9832", "level": "Info", "message": "Executed DbCommand (83ms) [Parameters=[], CommandType='Text', CommandTimeout='30']\nSELECT OBJECT_ID(N'[__EFMigrationsHistory]');" }
{ "timestamp": "2024-07-31 08:12:06.0715", "level": "Info", "message": "Executed DbCommand (26ms) [Parameters=[], CommandType='Text', CommandTimeout='30']\nSELECT [MigrationId], [ProductVersion]\nFROM [__EFMigrationsHistory]\nORDER BY [MigrationId];" }
{ "timestamp": "2024-07-31 08:12:06.1015", "level": "Info", "message": "Executed DbCommand (7ms) [Parameters=[], CommandType='Text', CommandTimeout='30']\nSELECT 1" }
{ "timestamp": "2024-07-31 08:12:06.1107", "level": "Info", "message": "Executed DbCommand (9ms) [Parameters=[], CommandType='Text', CommandTimeout='30']\nSELECT OBJECT_ID(N'[__EFMigrationsHistory]');" }
{ "timestamp": "2024-07-31 08:12:06.1174", "level": "Info", "message": "Executed DbCommand (6ms) [Parameters=[], CommandType='Text', CommandTimeout='30']\nSELECT [MigrationId], [ProductVersion]\nFROM [__EFMigrationsHistory]\nORDER BY [MigrationId];" }
{ "timestamp": "2024-07-31 08:12:06.1357", "level": "Info", "message": "Executed DbCommand (7ms) [Parameters=[], CommandType='Text', CommandTimeout='30']\nSELECT 1" }
{ "timestamp": "2024-07-31 08:12:06.6327", "level": "Info", "message": "Executed DbCommand (37ms) [Parameters=[], CommandType='Text', CommandTimeout='30']\nSELECT CASE\n    WHEN EXISTS (\n        SELECT 1\n        FROM [BlogModel] AS [b]\n        WHERE [b].[Author] = N'Clark') THEN CAST(1 AS bit)\n    ELSE CAST(0 AS bit)\nEND" }
{ "timestamp": "2024-07-31 08:12:06.9095", "level": "Info", "message": "Request starting HTTP/1.1 GET http://localhost:7001/swagger/index.html - -" }
{ "timestamp": "2024-07-31 08:12:06.9532", "level": "Warn", "message": "Failed to determine the https port for redirect." }
{ "timestamp": "2024-07-31 08:12:07.1082", "level": "Info", "message": "Request finished HTTP/1.1 GET http://localhost:7001/swagger/index.html - - - 200 - text/html;charset=utf-8 200.7690ms" }
{ "timestamp": "2024-07-31 08:12:07.7804", "level": "Info", "message": "Request starting HTTP/1.1 GET http://localhost:7001/swagger/v1/swagger.json - -" }
{ "timestamp": "2024-07-31 08:12:07.9437", "level": "Info", "message": "Request finished HTTP/1.1 GET http://localhost:7001/swagger/v1/swagger.json - - - 200 - application/json;charset=utf-8 163.3624ms" }
{ "timestamp": "2024-07-31 08:12:11.2799", "level": "Info", "message": "Request starting HTTP/1.1 GET http://localhost:7001/api/Blog - -" }
{ "timestamp": "2024-07-31 08:12:11.2861", "level": "Info", "message": "Executing endpoint 'Blog.Controllers.BlogController.GetAllBlogsAsync (Blog)'" }
{ "timestamp": "2024-07-31 08:12:11.3148", "level": "Info", "message": "Route matched with {action = \"GetAllBlogsAsync\", controller = \"Blog\"}. Executing controller action with signature System.Threading.Tasks.Task`1[Microsoft.AspNetCore.Mvc.IActionResult] GetAllBlogsAsync() on controller Blog.Controllers.BlogController (Blog)." }
{ "timestamp": "2024-07-31 08:12:11.5406", "level": "Info", "message": "Executed DbCommand (55ms) [Parameters=[], CommandType='Text', CommandTimeout='30']\nSELECT COUNT(*)\nFROM [BlogModel] AS [b]\nWHERE [b].[Author] = N'Clark'" }
{ "timestamp": "2024-07-31 08:12:11.6358", "level": "Info", "message": "Executed DbCommand (48ms) [Parameters=[@__p_0='?' (DbType = Int32), @__p_1='?' (DbType = Int32)], CommandType='Text', CommandTimeout='30']\nSELECT [b].[Id], [b].[Author], [b].[Description], [b].[Name]\nFROM [BlogModel] AS [b]\nWHERE [b].[Author] = N'Clark'\nORDER BY [b].[Description] DESC\nOFFSET @__p_0 ROWS FETCH NEXT @__p_1 ROWS ONLY" }
{ "timestamp": "2024-07-31 08:12:11.6805", "level": "Info", "message": "current page ---> 1" }
{ "timestamp": "2024-07-31 08:12:11.7951", "level": "Info", "message": "Blog model Object: [{\"Id\":4,\"Name\":\"Test blog 2\",\"Description\":\"z adventures\",\"Author\":\"Clark\"},{\"Id\":6,\"Name\":\"Test blog 4\",\"Description\":\"r adventures\",\"Author\":\"Clark\"},{\"Id\":7,\"Name\":\"Test blog 5\",\"Description\":\"q adventures\",\"Author\":\"Clark\"},{\"Id\":5,\"Name\":\"Test blog 3\",\"Description\":\"e adventures\",\"Author\":\"Clark\"},{\"Id\":3,\"Name\":\"Test blog 1\",\"Description\":\"B adventures\",\"Author\":\"Clark\"},{\"Id\":1,\"Name\":\"Clark Blogs\",\"Description\":\"Adventures of superman\",\"Author\":\"Clark\"}]" }
{ "timestamp": "2024-07-31 08:12:11.7953", "level": "Info", "message": "Logging with Nlog" }
{ "timestamp": "2024-07-31 08:12:11.8356", "level": "Info", "message": "Executed action Blog.Controllers.BlogController.GetAllBlogsAsync (Blog) in 515.1087ms" }
{ "timestamp": "2024-07-31 08:12:11.8376", "level": "Info", "message": "Executed endpoint 'Blog.Controllers.BlogController.GetAllBlogsAsync (Blog)'" }
{ "timestamp": "2024-07-31 08:12:11.8988", "level": "Info", "message": "Request finished HTTP/1.1 GET http://localhost:7001/api/Blog - - - 500 - application/json 619.5760ms" }
